---------------------------------------------------------------
[ 2017-09-23T13:59:59+08:00 ] 127.0.0.1 127.0.0.1 GET /admin/main/index.html
[ info ] www.anmo.com/admin/main/index.html [运行时间：0.651142s][吞吐率：1.54req/s] [内存消耗：3,169.34kb] [文件加载：48]
[ info ] [ LANG ] C:\wamp64\www\anmo\thinkphp\lang\zh-cn.php
[ info ] [ ROUTE ] array (
  'type' => 'module',
  'module' => 
  array (
    0 => 'admin',
    1 => 'main',
    2 => 'index',
  ),
)
[ info ] [ HEADER ] array (
  'host' => 'www.anmo.com',
  'connection' => 'keep-alive',
  'upgrade-insecure-requests' => '1',
  'user-agent' => 'Mozilla/5.0 (Windows NT 10.0; Win64; x64) AppleWebKit/537.36 (KHTML, like Gecko) Chrome/60.0.3112.113 Safari/537.36',
  'accept' => 'text/html,application/xhtml+xml,application/xml;q=0.9,image/webp,image/apng,*/*;q=0.8',
  'accept-encoding' => 'gzip, deflate',
  'accept-language' => 'zh-CN,zh;q=0.8',
)
[ info ] [ PARAM ] array (
)
[ info ] [ SESSION ] INIT array (
  'id' => '',
  'var_session_id' => '',
  'prefix' => 'think',
  'type' => '',
  'auto_start' => true,
)
[ info ] [ LOG ] INIT File
---------------------------------------------------------------
[ 2017-09-23T13:59:59+08:00 ] 127.0.0.1 127.0.0.1 GET /admin/index/login.html
[ info ] www.anmo.com/admin/index/login.html [运行时间：0.214780s][吞吐率：4.66req/s] [内存消耗：3,111.40kb] [文件加载：46]
[ info ] [ LANG ] C:\wamp64\www\anmo\thinkphp\lang\zh-cn.php
[ info ] [ ROUTE ] array (
  'type' => 'module',
  'module' => 
  array (
    0 => 'admin',
    1 => 'index',
    2 => 'login',
  ),
)
[ info ] [ HEADER ] array (
  'host' => 'www.anmo.com',
  'connection' => 'keep-alive',
  'upgrade-insecure-requests' => '1',
  'user-agent' => 'Mozilla/5.0 (Windows NT 10.0; Win64; x64) AppleWebKit/537.36 (KHTML, like Gecko) Chrome/60.0.3112.113 Safari/537.36',
  'accept' => 'text/html,application/xhtml+xml,application/xml;q=0.9,image/webp,image/apng,*/*;q=0.8',
  'accept-encoding' => 'gzip, deflate',
  'accept-language' => 'zh-CN,zh;q=0.8',
  'cookie' => 'PHPSESSID=ml86sd85ssh69fnjsk106rg1m1',
)
[ info ] [ PARAM ] array (
)
[ info ] [ RUN ] app\admin\controller\Index->login[ C:\wamp64\www\anmo\application\admin\controller\Index.php ]
[ info ] [ SESSION ] INIT array (
  'id' => '',
  'var_session_id' => '',
  'prefix' => 'think',
  'type' => '',
  'auto_start' => true,
)
[ info ] [ VIEW ] C:\wamp64\www\anmo\public/../application/admin\view\Default\index\login.html [ array (
) ]
[ info ] [ LOG ] INIT File
---------------------------------------------------------------
[ 2017-09-23T14:00:00+08:00 ] 127.0.0.1 127.0.0.1 GET /captcha.html
[ info ] www.anmo.com/captcha.html [运行时间：0.160001s][吞吐率：6.25req/s] [内存消耗：2,572.10kb] [文件加载：39]
[ info ] [ LANG ] C:\wamp64\www\anmo\thinkphp\lang\zh-cn.php
[ info ] [ ROUTE ] array (
  'type' => 'method',
  'method' => 
  array (
    0 => '\\think\\captcha\\CaptchaController',
    1 => 'index',
  ),
  'var' => 
  array (
  ),
)
[ info ] [ HEADER ] array (
  'host' => 'www.anmo.com',
  'connection' => 'keep-alive',
  'user-agent' => 'Mozilla/5.0 (Windows NT 10.0; Win64; x64) AppleWebKit/537.36 (KHTML, like Gecko) Chrome/60.0.3112.113 Safari/537.36',
  'accept' => 'image/webp,image/apng,image/*,*/*;q=0.8',
  'referer' => 'http://www.anmo.com/admin/index/login.html',
  'accept-encoding' => 'gzip, deflate',
  'accept-language' => 'zh-CN,zh;q=0.8',
  'cookie' => 'PHPSESSID=ml86sd85ssh69fnjsk106rg1m1',
)
[ info ] [ PARAM ] array (
  'id' => NULL,
)
[ info ] [ RUN ] think\captcha\CaptchaController->index[ C:\wamp64\www\anmo\vendor\topthink\think-captcha\src\CaptchaController.php ]
[ info ] [ SESSION ] INIT array (
  'id' => '',
  'var_session_id' => '',
  'prefix' => 'think',
  'type' => '',
  'auto_start' => true,
)
[ info ] [ LOG ] INIT File
---------------------------------------------------------------
[ 2017-09-23T14:00:02+08:00 ] 127.0.0.1 127.0.0.1 GET /captcha.html?v=686.0825288212903
[ info ] www.anmo.com/captcha.html?v=686.0825288212903 [运行时间：0.121735s][吞吐率：8.21req/s] [内存消耗：2,572.51kb] [文件加载：39]
[ info ] [ LANG ] C:\wamp64\www\anmo\thinkphp\lang\zh-cn.php
[ info ] [ ROUTE ] array (
  'type' => 'method',
  'method' => 
  array (
    0 => '\\think\\captcha\\CaptchaController',
    1 => 'index',
  ),
  'var' => 
  array (
  ),
)
[ info ] [ HEADER ] array (
  'host' => 'www.anmo.com',
  'connection' => 'keep-alive',
  'user-agent' => 'Mozilla/5.0 (Windows NT 10.0; Win64; x64) AppleWebKit/537.36 (KHTML, like Gecko) Chrome/60.0.3112.113 Safari/537.36',
  'accept' => 'image/webp,image/apng,image/*,*/*;q=0.8',
  'referer' => 'http://www.anmo.com/admin/index/login.html',
  'accept-encoding' => 'gzip, deflate',
  'accept-language' => 'zh-CN,zh;q=0.8',
  'cookie' => 'PHPSESSID=ml86sd85ssh69fnjsk106rg1m1',
)
[ info ] [ PARAM ] array (
  'v' => '686.0825288212903',
  'id' => NULL,
)
[ info ] [ RUN ] think\captcha\CaptchaController->index[ C:\wamp64\www\anmo\vendor\topthink\think-captcha\src\CaptchaController.php ]
[ info ] [ SESSION ] INIT array (
  'id' => '',
  'var_session_id' => '',
  'prefix' => 'think',
  'type' => '',
  'auto_start' => true,
)
[ info ] [ LOG ] INIT File
---------------------------------------------------------------
[ 2017-09-23T14:00:04+08:00 ] 127.0.0.1 127.0.0.1 GET /captcha.html?v=248.8154478382474
[ info ] www.anmo.com/captcha.html?v=248.8154478382474 [运行时间：0.073183s][吞吐率：13.66req/s] [内存消耗：2,572.50kb] [文件加载：39]
[ info ] [ LANG ] C:\wamp64\www\anmo\thinkphp\lang\zh-cn.php
[ info ] [ ROUTE ] array (
  'type' => 'method',
  'method' => 
  array (
    0 => '\\think\\captcha\\CaptchaController',
    1 => 'index',
  ),
  'var' => 
  array (
  ),
)
[ info ] [ HEADER ] array (
  'host' => 'www.anmo.com',
  'connection' => 'keep-alive',
  'user-agent' => 'Mozilla/5.0 (Windows NT 10.0; Win64; x64) AppleWebKit/537.36 (KHTML, like Gecko) Chrome/60.0.3112.113 Safari/537.36',
  'accept' => 'image/webp,image/apng,image/*,*/*;q=0.8',
  'referer' => 'http://www.anmo.com/admin/index/login.html',
  'accept-encoding' => 'gzip, deflate',
  'accept-language' => 'zh-CN,zh;q=0.8',
  'cookie' => 'PHPSESSID=ml86sd85ssh69fnjsk106rg1m1',
)
[ info ] [ PARAM ] array (
  'v' => '248.8154478382474',
  'id' => NULL,
)
[ info ] [ RUN ] think\captcha\CaptchaController->index[ C:\wamp64\www\anmo\vendor\topthink\think-captcha\src\CaptchaController.php ]
[ info ] [ SESSION ] INIT array (
  'id' => '',
  'var_session_id' => '',
  'prefix' => 'think',
  'type' => '',
  'auto_start' => true,
)
[ info ] [ LOG ] INIT File
---------------------------------------------------------------
[ 2017-09-23T14:00:05+08:00 ] 127.0.0.1 127.0.0.1 GET /captcha.html?v=293.9866485547988
[ info ] www.anmo.com/captcha.html?v=293.9866485547988 [运行时间：0.041710s][吞吐率：23.97req/s] [内存消耗：2,572.41kb] [文件加载：39]
[ info ] [ LANG ] C:\wamp64\www\anmo\thinkphp\lang\zh-cn.php
[ info ] [ ROUTE ] array (
  'type' => 'method',
  'method' => 
  array (
    0 => '\\think\\captcha\\CaptchaController',
    1 => 'index',
  ),
  'var' => 
  array (
  ),
)
[ info ] [ HEADER ] array (
  'host' => 'www.anmo.com',
  'connection' => 'keep-alive',
  'user-agent' => 'Mozilla/5.0 (Windows NT 10.0; Win64; x64) AppleWebKit/537.36 (KHTML, like Gecko) Chrome/60.0.3112.113 Safari/537.36',
  'accept' => 'image/webp,image/apng,image/*,*/*;q=0.8',
  'referer' => 'http://www.anmo.com/admin/index/login.html',
  'accept-encoding' => 'gzip, deflate',
  'accept-language' => 'zh-CN,zh;q=0.8',
  'cookie' => 'PHPSESSID=ml86sd85ssh69fnjsk106rg1m1',
)
[ info ] [ PARAM ] array (
  'v' => '293.9866485547988',
  'id' => NULL,
)
[ info ] [ RUN ] think\captcha\CaptchaController->index[ C:\wamp64\www\anmo\vendor\topthink\think-captcha\src\CaptchaController.php ]
[ info ] [ SESSION ] INIT array (
  'id' => '',
  'var_session_id' => '',
  'prefix' => 'think',
  'type' => '',
  'auto_start' => true,
)
[ info ] [ LOG ] INIT File
---------------------------------------------------------------
[ 2017-09-23T14:00:10+08:00 ] 127.0.0.1 127.0.0.1 POST /admin/index/loginIn.html
[ info ] www.anmo.com/admin/index/loginIn.html [运行时间：0.568498s][吞吐率：1.76req/s] [内存消耗：5,153.78kb] [文件加载：57]
[ info ] [ LANG ] C:\wamp64\www\anmo\thinkphp\lang\zh-cn.php
[ info ] [ ROUTE ] array (
  'type' => 'module',
  'module' => 
  array (
    0 => 'admin',
    1 => 'index',
    2 => 'loginIn',
  ),
)
[ info ] [ HEADER ] array (
  'host' => 'www.anmo.com',
  'connection' => 'keep-alive',
  'content-length' => '47',
  'cache-control' => 'max-age=0',
  'origin' => 'http://www.anmo.com',
  'upgrade-insecure-requests' => '1',
  'user-agent' => 'Mozilla/5.0 (Windows NT 10.0; Win64; x64) AppleWebKit/537.36 (KHTML, like Gecko) Chrome/60.0.3112.113 Safari/537.36',
  'content-type' => 'application/x-www-form-urlencoded',
  'accept' => 'text/html,application/xhtml+xml,application/xml;q=0.9,image/webp,image/apng,*/*;q=0.8',
  'referer' => 'http://www.anmo.com/admin/index/login.html',
  'accept-encoding' => 'gzip, deflate',
  'accept-language' => 'zh-CN,zh;q=0.8',
  'cookie' => 'PHPSESSID=ml86sd85ssh69fnjsk106rg1m1',
)
[ info ] [ PARAM ] array (
  'username' => 'li442',
  'password' => '123456',
  'check_code' => 'meycp',
)
[ info ] [ RUN ] app\admin\controller\Index->loginIn[ C:\wamp64\www\anmo\application\admin\controller\Index.php ]
[ info ] [ DB ] INIT mysql
[ info ] [ SESSION ] INIT array (
  'id' => '',
  'var_session_id' => '',
  'prefix' => 'think',
  'type' => '',
  'auto_start' => true,
)
[ info ] [ LOG ] INIT File
[ sql ] [ DB ] CONNECT:[ UseTime:0.061678s ] mysql:dbname=anmo;host=121.40.80.26;charset=utf8
[ sql ] [ SQL ] SHOW COLUMNS FROM `staff` [ RunTime:0.066770s ]
[ sql ] [ SQL ] SELECT * FROM `staff` WHERE  `staff_name` = 'li442'  AND `password` = 'e10adc3949ba59abbe56e057f20f883e' LIMIT 1 [ RunTime:0.063206s ]
---------------------------------------------------------------
[ 2017-09-23T14:00:11+08:00 ] 127.0.0.1 127.0.0.1 GET /admin/main/index.html
[ info ] www.anmo.com/admin/main/index.html [运行时间：0.747601s][吞吐率：1.34req/s] [内存消耗：5,254.65kb] [文件加载：58]
[ info ] [ LANG ] C:\wamp64\www\anmo\thinkphp\lang\zh-cn.php
[ info ] [ ROUTE ] array (
  'type' => 'module',
  'module' => 
  array (
    0 => 'admin',
    1 => 'main',
    2 => 'index',
  ),
)
[ info ] [ HEADER ] array (
  'host' => 'www.anmo.com',
  'connection' => 'keep-alive',
  'cache-control' => 'max-age=0',
  'upgrade-insecure-requests' => '1',
  'user-agent' => 'Mozilla/5.0 (Windows NT 10.0; Win64; x64) AppleWebKit/537.36 (KHTML, like Gecko) Chrome/60.0.3112.113 Safari/537.36',
  'accept' => 'text/html,application/xhtml+xml,application/xml;q=0.9,image/webp,image/apng,*/*;q=0.8',
  'referer' => 'http://www.anmo.com/admin/index/login.html',
  'accept-encoding' => 'gzip, deflate',
  'accept-language' => 'zh-CN,zh;q=0.8',
  'cookie' => 'PHPSESSID=ml86sd85ssh69fnjsk106rg1m1',
)
[ info ] [ PARAM ] array (
)
[ info ] [ SESSION ] INIT array (
  'id' => '',
  'var_session_id' => '',
  'prefix' => 'think',
  'type' => '',
  'auto_start' => true,
)
[ info ] [ DB ] INIT mysql
[ info ] [ RUN ] app\admin\controller\Main->index[ C:\wamp64\www\anmo\application\admin\controller\Main.php ]
[ info ] [ VIEW ] C:\wamp64\www\anmo\public/../application/admin\view\Default\main\index.html [ array (
  0 => 'backUrl',
  1 => 'controller_name',
  2 => 'action_name',
  3 => 'language',
  4 => 'website_title',
  5 => 'copy_right',
  6 => '_SideMenu',
) ]
[ info ] [ LOG ] INIT File
[ sql ] [ DB ] CONNECT:[ UseTime:0.074323s ] mysql:dbname=anmo;host=121.40.80.26;charset=utf8
[ sql ] [ SQL ] SHOW COLUMNS FROM `staff` [ RunTime:0.051658s ]
[ sql ] [ SQL ] SELECT * FROM `staff` WHERE  `staff_id` = 2 LIMIT 1 [ RunTime:0.033054s ]
[ sql ] [ SQL ] SHOW COLUMNS FROM `menu` [ RunTime:0.036079s ]
[ sql ] [ SQL ] SELECT `menu`.*,rel_role_menu.role_id as rel_role_id FROM `menu` `menu` LEFT JOIN `rel_role_menu` `rel_role_menu` ON `rel_role_menu`.`menu_id`=menu.menu_id and role_id = '1' WHERE  `parent_menu_id` = 0  AND `is_show` = 1  AND `rel_role_menu`.`role_id` IS NOT NULL ORDER BY list_order desc,menu_id asc [ RunTime:0.052727s ]
[ sql ] [ SQL ] SELECT * FROM `staff` WHERE  `staff_id` = 2 LIMIT 1 [ RunTime:0.059890s ]
[ sql ] [ SQL ] SELECT `menu`.*,rel_role_menu.role_id as rel_role_id FROM `menu` `menu` LEFT JOIN `rel_role_menu` `rel_role_menu` ON `rel_role_menu`.`menu_id`=menu.menu_id and role_id = '1' WHERE  `parent_menu_id` = 1  AND `is_show` = 1  AND `rel_role_menu`.`role_id` IS NOT NULL ORDER BY list_order desc,menu_id asc [ RunTime:0.070818s ]
[ sql ] [ SQL ] SELECT * FROM `staff` WHERE  `staff_id` = 2 LIMIT 1 [ RunTime:0.050496s ]
[ sql ] [ SQL ] SELECT `menu`.*,rel_role_menu.role_id as rel_role_id FROM `menu` `menu` LEFT JOIN `rel_role_menu` `rel_role_menu` ON `rel_role_menu`.`menu_id`=menu.menu_id and role_id = '1' WHERE  `parent_menu_id` = 4  AND `is_show` = 1  AND `rel_role_menu`.`role_id` IS NOT NULL ORDER BY list_order desc,menu_id asc [ RunTime:0.039854s ]
[ sql ] [ SQL ] SELECT * FROM `staff` WHERE  `staff_id` = 2 LIMIT 1 [ RunTime:0.045530s ]
[ sql ] [ SQL ] SELECT `menu`.*,rel_role_menu.role_id as rel_role_id FROM `menu` `menu` LEFT JOIN `rel_role_menu` `rel_role_menu` ON `rel_role_menu`.`menu_id`=menu.menu_id and role_id = '1' WHERE  `parent_menu_id` = 8  AND `is_show` = 1  AND `rel_role_menu`.`role_id` IS NOT NULL ORDER BY list_order desc,menu_id asc [ RunTime:0.038230s ]
---------------------------------------------------------------
[ 2017-09-23T14:00:11+08:00 ] 127.0.0.1 127.0.0.1 GET /static/admin/image/bg/jiant.png
[ info ] www.anmo.com/static/admin/image/bg/jiant.png [运行时间：0.225426s][吞吐率：4.44req/s] [内存消耗：2,546.88kb] [文件加载：40]
[ info ] [ LANG ] C:\wamp64\www\anmo\thinkphp\lang\zh-cn.php
[ info ] [ ROUTE ] array (
  'type' => 'module',
  'module' => 
  array (
    0 => 'static',
    1 => 'admin',
    2 => 'image',
  ),
)
[ info ] [ HEADER ] array (
  'host' => 'www.anmo.com',
  'connection' => 'keep-alive',
  'user-agent' => 'Mozilla/5.0 (Windows NT 10.0; Win64; x64) AppleWebKit/537.36 (KHTML, like Gecko) Chrome/60.0.3112.113 Safari/537.36',
  'accept' => 'image/webp,image/apng,image/*,*/*;q=0.8',
  'referer' => 'http://www.anmo.com/static/admin/css/style-metro.css',
  'accept-encoding' => 'gzip, deflate',
  'accept-language' => 'zh-CN,zh;q=0.8',
  'cookie' => 'PHPSESSID=ml86sd85ssh69fnjsk106rg1m1',
)
[ info ] [ PARAM ] array (
  'bg' => 'jiant.png',
)
[ info ] [ LOG ] INIT File
---------------------------------------------------------------
[ 2017-09-23T14:00:16+08:00 ] 127.0.0.1 127.0.0.1 GET /admin/Car/index.html
[ info ] www.anmo.com/admin/Car/index.html [运行时间：1.200520s][吞吐率：0.83req/s] [内存消耗：5,516.23kb] [文件加载：61]
[ info ] [ LANG ] C:\wamp64\www\anmo\thinkphp\lang\zh-cn.php
[ info ] [ ROUTE ] array (
  'type' => 'module',
  'module' => 
  array (
    0 => 'admin',
    1 => 'Car',
    2 => 'index',
  ),
)
[ info ] [ HEADER ] array (
  'host' => 'www.anmo.com',
  'connection' => 'keep-alive',
  'upgrade-insecure-requests' => '1',
  'user-agent' => 'Mozilla/5.0 (Windows NT 10.0; Win64; x64) AppleWebKit/537.36 (KHTML, like Gecko) Chrome/60.0.3112.113 Safari/537.36',
  'accept' => 'text/html,application/xhtml+xml,application/xml;q=0.9,image/webp,image/apng,*/*;q=0.8',
  'referer' => 'http://www.anmo.com/admin/main/index.html',
  'accept-encoding' => 'gzip, deflate',
  'accept-language' => 'zh-CN,zh;q=0.8',
  'cookie' => 'PHPSESSID=ml86sd85ssh69fnjsk106rg1m1',
)
[ info ] [ PARAM ] array (
)
[ info ] [ SESSION ] INIT array (
  'id' => '',
  'var_session_id' => '',
  'prefix' => 'think',
  'type' => '',
  'auto_start' => true,
)
[ info ] [ DB ] INIT mysql
[ info ] [ RUN ] app\admin\controller\Car->index[ C:\wamp64\www\anmo\application\admin\controller\Car.php ]
[ info ] [ VIEW ] C:\wamp64\www\anmo\public/../application/admin\view\Default\Car\index.html [ array (
  0 => 'backUrl',
  1 => 'controller_name',
  2 => 'action_name',
  3 => 'language',
  4 => 'website_title',
  5 => 'copy_right',
  6 => '_SideMenu',
  7 => 'page',
  8 => 'list',
  9 => 'my_rule',
  10 => 'page_no',
  11 => 'storeList',
  12 => 'status',
  13 => 'store_id',
) ]
[ info ] [ LOG ] INIT File
[ sql ] [ DB ] CONNECT:[ UseTime:0.054602s ] mysql:dbname=anmo;host=121.40.80.26;charset=utf8
[ sql ] [ SQL ] SHOW COLUMNS FROM `staff` [ RunTime:0.047414s ]
[ sql ] [ SQL ] SELECT * FROM `staff` WHERE  `staff_id` = 2 LIMIT 1 [ RunTime:0.042473s ]
[ sql ] [ SQL ] SHOW COLUMNS FROM `menu` [ RunTime:0.057612s ]
[ sql ] [ SQL ] SELECT `menu`.*,rel_role_menu.role_id as rel_role_id FROM `menu` `menu` LEFT JOIN `rel_role_menu` `rel_role_menu` ON `rel_role_menu`.`menu_id`=menu.menu_id and role_id = '1' WHERE  `parent_menu_id` = 0  AND `is_show` = 1  AND `rel_role_menu`.`role_id` IS NOT NULL ORDER BY list_order desc,menu_id asc [ RunTime:0.051346s ]
[ sql ] [ SQL ] SELECT * FROM `staff` WHERE  `staff_id` = 2 LIMIT 1 [ RunTime:0.045881s ]
[ sql ] [ SQL ] SELECT `menu`.*,rel_role_menu.role_id as rel_role_id FROM `menu` `menu` LEFT JOIN `rel_role_menu` `rel_role_menu` ON `rel_role_menu`.`menu_id`=menu.menu_id and role_id = '1' WHERE  `parent_menu_id` = 1  AND `is_show` = 1  AND `rel_role_menu`.`role_id` IS NOT NULL ORDER BY list_order desc,menu_id asc [ RunTime:0.044867s ]
[ sql ] [ SQL ] SELECT * FROM `staff` WHERE  `staff_id` = 2 LIMIT 1 [ RunTime:0.046544s ]
[ sql ] [ SQL ] SELECT `menu`.*,rel_role_menu.role_id as rel_role_id FROM `menu` `menu` LEFT JOIN `rel_role_menu` `rel_role_menu` ON `rel_role_menu`.`menu_id`=menu.menu_id and role_id = '1' WHERE  `parent_menu_id` = 4  AND `is_show` = 1  AND `rel_role_menu`.`role_id` IS NOT NULL ORDER BY list_order desc,menu_id asc [ RunTime:0.033769s ]
[ sql ] [ SQL ] SELECT * FROM `staff` WHERE  `staff_id` = 2 LIMIT 1 [ RunTime:0.048755s ]
[ sql ] [ SQL ] SELECT `menu`.*,rel_role_menu.role_id as rel_role_id FROM `menu` `menu` LEFT JOIN `rel_role_menu` `rel_role_menu` ON `rel_role_menu`.`menu_id`=menu.menu_id and role_id = '1' WHERE  `parent_menu_id` = 8  AND `is_show` = 1  AND `rel_role_menu`.`role_id` IS NOT NULL ORDER BY list_order desc,menu_id asc [ RunTime:0.055472s ]
[ sql ] [ SQL ] SHOW COLUMNS FROM `car` [ RunTime:0.037645s ]
[ sql ] [ SQL ] SELECT `car`.*,`store`.`store_name`,`project`.`project_name` FROM `car` `car` LEFT JOIN `store` `store` ON `store`.`store_id`=`car`.`store_id` LEFT JOIN `project` `project` ON `project`.`project_id`=`car`.`project_id` ORDER BY `time` LIMIT 0,10 [ RunTime:0.034076s ]
[ sql ] [ SQL ] SELECT COUNT(*) AS tp_count FROM `car` `car` ORDER BY `time` LIMIT 0,1 [ RunTime:0.042013s ]
[ sql ] [ SQL ] SHOW COLUMNS FROM `store` [ RunTime:0.039876s ]
[ sql ] [ SQL ] SELECT * FROM `store` WHERE  `status` = 1 [ RunTime:0.058345s ]
---------------------------------------------------------------
[ 2017-09-23T14:00:23+08:00 ] 127.0.0.1 127.0.0.1 GET /admin/Car/index.html?status=&store_id=
[ info ] www.anmo.com/admin/Car/index.html?status=&store_id= [运行时间：0.966004s][吞吐率：1.04req/s] [内存消耗：5,516.58kb] [文件加载：61]
[ info ] [ LANG ] C:\wamp64\www\anmo\thinkphp\lang\zh-cn.php
[ info ] [ ROUTE ] array (
  'type' => 'module',
  'module' => 
  array (
    0 => 'admin',
    1 => 'Car',
    2 => 'index',
  ),
)
[ info ] [ HEADER ] array (
  'host' => 'www.anmo.com',
  'connection' => 'keep-alive',
  'upgrade-insecure-requests' => '1',
  'user-agent' => 'Mozilla/5.0 (Windows NT 10.0; Win64; x64) AppleWebKit/537.36 (KHTML, like Gecko) Chrome/60.0.3112.113 Safari/537.36',
  'accept' => 'text/html,application/xhtml+xml,application/xml;q=0.9,image/webp,image/apng,*/*;q=0.8',
  'referer' => 'http://www.anmo.com/admin/Car/index.html',
  'accept-encoding' => 'gzip, deflate',
  'accept-language' => 'zh-CN,zh;q=0.8',
  'cookie' => 'PHPSESSID=ml86sd85ssh69fnjsk106rg1m1',
)
[ info ] [ PARAM ] array (
  'status' => '',
  'store_id' => '',
)
[ info ] [ SESSION ] INIT array (
  'id' => '',
  'var_session_id' => '',
  'prefix' => 'think',
  'type' => '',
  'auto_start' => true,
)
[ info ] [ DB ] INIT mysql
[ info ] [ RUN ] app\admin\controller\Car->index[ C:\wamp64\www\anmo\application\admin\controller\Car.php ]
[ info ] [ VIEW ] C:\wamp64\www\anmo\public/../application/admin\view\Default\Car\index.html [ array (
  0 => 'backUrl',
  1 => 'controller_name',
  2 => 'action_name',
  3 => 'language',
  4 => 'website_title',
  5 => 'copy_right',
  6 => '_SideMenu',
  7 => 'page',
  8 => 'list',
  9 => 'my_rule',
  10 => 'page_no',
  11 => 'storeList',
  12 => 'status',
  13 => 'store_id',
) ]
[ info ] [ LOG ] INIT File
[ sql ] [ DB ] CONNECT:[ UseTime:0.068065s ] mysql:dbname=anmo;host=121.40.80.26;charset=utf8
[ sql ] [ SQL ] SHOW COLUMNS FROM `staff` [ RunTime:0.052456s ]
[ sql ] [ SQL ] SELECT * FROM `staff` WHERE  `staff_id` = 2 LIMIT 1 [ RunTime:0.033810s ]
[ sql ] [ SQL ] SHOW COLUMNS FROM `menu` [ RunTime:0.032577s ]
[ sql ] [ SQL ] SELECT `menu`.*,rel_role_menu.role_id as rel_role_id FROM `menu` `menu` LEFT JOIN `rel_role_menu` `rel_role_menu` ON `rel_role_menu`.`menu_id`=menu.menu_id and role_id = '1' WHERE  `parent_menu_id` = 0  AND `is_show` = 1  AND `rel_role_menu`.`role_id` IS NOT NULL ORDER BY list_order desc,menu_id asc [ RunTime:0.044461s ]
[ sql ] [ SQL ] SELECT * FROM `staff` WHERE  `staff_id` = 2 LIMIT 1 [ RunTime:0.083748s ]
[ sql ] [ SQL ] SELECT `menu`.*,rel_role_menu.role_id as rel_role_id FROM `menu` `menu` LEFT JOIN `rel_role_menu` `rel_role_menu` ON `rel_role_menu`.`menu_id`=menu.menu_id and role_id = '1' WHERE  `parent_menu_id` = 1  AND `is_show` = 1  AND `rel_role_menu`.`role_id` IS NOT NULL ORDER BY list_order desc,menu_id asc [ RunTime:0.090242s ]
[ sql ] [ SQL ] SELECT * FROM `staff` WHERE  `staff_id` = 2 LIMIT 1 [ RunTime:0.051644s ]
[ sql ] [ SQL ] SELECT `menu`.*,rel_role_menu.role_id as rel_role_id FROM `menu` `menu` LEFT JOIN `rel_role_menu` `rel_role_menu` ON `rel_role_menu`.`menu_id`=menu.menu_id and role_id = '1' WHERE  `parent_menu_id` = 4  AND `is_show` = 1  AND `rel_role_menu`.`role_id` IS NOT NULL ORDER BY list_order desc,menu_id asc [ RunTime:0.040301s ]
[ sql ] [ SQL ] SELECT * FROM `staff` WHERE  `staff_id` = 2 LIMIT 1 [ RunTime:0.051180s ]
[ sql ] [ SQL ] SELECT `menu`.*,rel_role_menu.role_id as rel_role_id FROM `menu` `menu` LEFT JOIN `rel_role_menu` `rel_role_menu` ON `rel_role_menu`.`menu_id`=menu.menu_id and role_id = '1' WHERE  `parent_menu_id` = 8  AND `is_show` = 1  AND `rel_role_menu`.`role_id` IS NOT NULL ORDER BY list_order desc,menu_id asc [ RunTime:0.052907s ]
[ sql ] [ SQL ] SHOW COLUMNS FROM `car` [ RunTime:0.046913s ]
[ sql ] [ SQL ] SELECT `car`.*,`store`.`store_name`,`project`.`project_name` FROM `car` `car` LEFT JOIN `store` `store` ON `store`.`store_id`=`car`.`store_id` LEFT JOIN `project` `project` ON `project`.`project_id`=`car`.`project_id` ORDER BY `time` LIMIT 0,10 [ RunTime:0.040767s ]
[ sql ] [ SQL ] SELECT COUNT(*) AS tp_count FROM `car` `car` ORDER BY `time` LIMIT 0,1 [ RunTime:0.033769s ]
[ sql ] [ SQL ] SHOW COLUMNS FROM `store` [ RunTime:0.039454s ]
[ sql ] [ SQL ] SELECT * FROM `store` WHERE  `status` = 1 [ RunTime:0.034226s ]
---------------------------------------------------------------
[ 2017-09-23T14:00:27+08:00 ] 127.0.0.1 127.0.0.1 GET /admin/power/menu.html
[ info ] www.anmo.com/admin/power/menu.html [运行时间：0.958702s][吞吐率：1.04req/s] [内存消耗：5,431.60kb] [文件加载：59]
[ info ] [ LANG ] C:\wamp64\www\anmo\thinkphp\lang\zh-cn.php
[ info ] [ ROUTE ] array (
  'type' => 'module',
  'module' => 
  array (
    0 => 'admin',
    1 => 'power',
    2 => 'menu',
  ),
)
[ info ] [ HEADER ] array (
  'host' => 'www.anmo.com',
  'connection' => 'keep-alive',
  'upgrade-insecure-requests' => '1',
  'user-agent' => 'Mozilla/5.0 (Windows NT 10.0; Win64; x64) AppleWebKit/537.36 (KHTML, like Gecko) Chrome/60.0.3112.113 Safari/537.36',
  'accept' => 'text/html,application/xhtml+xml,application/xml;q=0.9,image/webp,image/apng,*/*;q=0.8',
  'referer' => 'http://www.anmo.com/admin/Car/index.html?status=&store_id=',
  'accept-encoding' => 'gzip, deflate',
  'accept-language' => 'zh-CN,zh;q=0.8',
  'cookie' => 'PHPSESSID=ml86sd85ssh69fnjsk106rg1m1',
)
[ info ] [ PARAM ] array (
)
[ info ] [ SESSION ] INIT array (
  'id' => '',
  'var_session_id' => '',
  'prefix' => 'think',
  'type' => '',
  'auto_start' => true,
)
[ info ] [ DB ] INIT mysql
[ info ] [ RUN ] app\admin\controller\Power->menu[ C:\wamp64\www\anmo\application\admin\controller\Power.php ]
[ info ] [ VIEW ] C:\wamp64\www\anmo\public/../application/admin\view\Default\power\menu.html [ array (
  0 => 'backUrl',
  1 => 'controller_name',
  2 => 'action_name',
  3 => 'language',
  4 => 'website_title',
  5 => 'copy_right',
  6 => '_SideMenu',
  7 => 'page',
  8 => 'menuList',
  9 => 'menuOneLevel',
  10 => 'parent_id',
  11 => 'is_show',
  12 => 'menu_name',
) ]
[ info ] [ LOG ] INIT File
[ sql ] [ DB ] CONNECT:[ UseTime:0.052048s ] mysql:dbname=anmo;host=121.40.80.26;charset=utf8
[ sql ] [ SQL ] SHOW COLUMNS FROM `staff` [ RunTime:0.047020s ]
[ sql ] [ SQL ] SELECT * FROM `staff` WHERE  `staff_id` = 2 LIMIT 1 [ RunTime:0.056591s ]
[ sql ] [ SQL ] SHOW COLUMNS FROM `menu` [ RunTime:0.035224s ]
[ sql ] [ SQL ] SELECT `menu`.*,rel_role_menu.role_id as rel_role_id FROM `menu` `menu` LEFT JOIN `rel_role_menu` `rel_role_menu` ON `rel_role_menu`.`menu_id`=menu.menu_id and role_id = '1' WHERE  `parent_menu_id` = 0  AND `is_show` = 1  AND `rel_role_menu`.`role_id` IS NOT NULL ORDER BY list_order desc,menu_id asc [ RunTime:0.034723s ]
[ sql ] [ SQL ] SELECT * FROM `staff` WHERE  `staff_id` = 2 LIMIT 1 [ RunTime:0.042841s ]
[ sql ] [ SQL ] SELECT `menu`.*,rel_role_menu.role_id as rel_role_id FROM `menu` `menu` LEFT JOIN `rel_role_menu` `rel_role_menu` ON `rel_role_menu`.`menu_id`=menu.menu_id and role_id = '1' WHERE  `parent_menu_id` = 1  AND `is_show` = 1  AND `rel_role_menu`.`role_id` IS NOT NULL ORDER BY list_order desc,menu_id asc [ RunTime:0.032326s ]
[ sql ] [ SQL ] SELECT * FROM `staff` WHERE  `staff_id` = 2 LIMIT 1 [ RunTime:0.044943s ]
[ sql ] [ SQL ] SELECT `menu`.*,rel_role_menu.role_id as rel_role_id FROM `menu` `menu` LEFT JOIN `rel_role_menu` `rel_role_menu` ON `rel_role_menu`.`menu_id`=menu.menu_id and role_id = '1' WHERE  `parent_menu_id` = 4  AND `is_show` = 1  AND `rel_role_menu`.`role_id` IS NOT NULL ORDER BY list_order desc,menu_id asc [ RunTime:0.085945s ]
[ sql ] [ SQL ] SELECT * FROM `staff` WHERE  `staff_id` = 2 LIMIT 1 [ RunTime:0.053864s ]
[ sql ] [ SQL ] SELECT `menu`.*,rel_role_menu.role_id as rel_role_id FROM `menu` `menu` LEFT JOIN `rel_role_menu` `rel_role_menu` ON `rel_role_menu`.`menu_id`=menu.menu_id and role_id = '1' WHERE  `parent_menu_id` = 8  AND `is_show` = 1  AND `rel_role_menu`.`role_id` IS NOT NULL ORDER BY list_order desc,menu_id asc [ RunTime:0.059380s ]
[ sql ] [ SQL ] SELECT * FROM `menu` LIMIT 0,10 [ RunTime:0.038440s ]
[ sql ] [ SQL ] SELECT COUNT(*) AS tp_count FROM `menu` LIMIT 0,1 [ RunTime:0.038733s ]
[ sql ] [ SQL ] SELECT * FROM `staff` WHERE  `staff_id` = 2 LIMIT 1 [ RunTime:0.035317s ]
[ sql ] [ SQL ] SELECT `menu`.*,rel_role_menu.role_id as rel_role_id FROM `menu` `menu` LEFT JOIN `rel_role_menu` `rel_role_menu` ON `rel_role_menu`.`menu_id`=menu.menu_id and role_id = '1' WHERE  `parent_menu_id` = 0  AND `is_show` = 1  AND `rel_role_menu`.`role_id` IS NOT NULL ORDER BY list_order desc,menu_id asc [ RunTime:0.048770s ]
---------------------------------------------------------------
[ 2017-09-23T14:02:37+08:00 ] 127.0.0.1 127.0.0.1 GET /admin/Order/arrange.html
[ info ] www.anmo.com/admin/Order/arrange.html [运行时间：1.240606s][吞吐率：0.81req/s] [内存消耗：5,659.73kb] [文件加载：62]
[ info ] [ LANG ] C:\wamp64\www\anmo\thinkphp\lang\zh-cn.php
[ info ] [ ROUTE ] array (
  'type' => 'module',
  'module' => 
  array (
    0 => 'admin',
    1 => 'Order',
    2 => 'arrange',
  ),
)
[ info ] [ HEADER ] array (
  'host' => 'www.anmo.com',
  'connection' => 'keep-alive',
  'upgrade-insecure-requests' => '1',
  'user-agent' => 'Mozilla/5.0 (Windows NT 10.0; Win64; x64) AppleWebKit/537.36 (KHTML, like Gecko) Chrome/60.0.3112.113 Safari/537.36',
  'accept' => 'text/html,application/xhtml+xml,application/xml;q=0.9,image/webp,image/apng,*/*;q=0.8',
  'referer' => 'http://www.anmo.com/admin/power/menu.html',
  'accept-encoding' => 'gzip, deflate',
  'accept-language' => 'zh-CN,zh;q=0.8',
  'cookie' => 'PHPSESSID=ml86sd85ssh69fnjsk106rg1m1',
)
[ info ] [ PARAM ] array (
)
[ info ] [ SESSION ] INIT array (
  'id' => '',
  'var_session_id' => '',
  'prefix' => 'think',
  'type' => '',
  'auto_start' => true,
)
[ info ] [ DB ] INIT mysql
[ info ] [ RUN ] app\admin\controller\Order->arrange[ C:\wamp64\www\anmo\application\admin\controller\Order.php ]
[ info ] [ VIEW ] C:\wamp64\www\anmo\public/../application/admin\view\Default\Order\arrange.html [ array (
  0 => 'backUrl',
  1 => 'controller_name',
  2 => 'action_name',
  3 => 'language',
  4 => 'website_title',
  5 => 'copy_right',
  6 => '_SideMenu',
  7 => 'page',
  8 => 'list',
  9 => 'storeList',
  10 => 'userList',
  11 => 'my_rule',
  12 => 'page_no',
  13 => 'store_id',
  14 => 'user_no',
  15 => 'arrange_no',
  16 => 'status',
) ]
[ info ] [ LOG ] INIT File
[ sql ] [ DB ] CONNECT:[ UseTime:0.050116s ] mysql:dbname=anmo;host=121.40.80.26;charset=utf8
[ sql ] [ SQL ] SHOW COLUMNS FROM `staff` [ RunTime:0.027968s ]
[ sql ] [ SQL ] SELECT * FROM `staff` WHERE  `staff_id` = 2 LIMIT 1 [ RunTime:0.035805s ]
[ sql ] [ SQL ] SHOW COLUMNS FROM `menu` [ RunTime:0.046718s ]
[ sql ] [ SQL ] SELECT `menu`.*,rel_role_menu.role_id as rel_role_id FROM `menu` `menu` LEFT JOIN `rel_role_menu` `rel_role_menu` ON `rel_role_menu`.`menu_id`=menu.menu_id and role_id = '1' WHERE  `parent_menu_id` = 0  AND `is_show` = 1  AND `rel_role_menu`.`role_id` IS NOT NULL ORDER BY list_order desc,menu_id asc [ RunTime:0.030570s ]
[ sql ] [ SQL ] SELECT * FROM `staff` WHERE  `staff_id` = 2 LIMIT 1 [ RunTime:0.035888s ]
[ sql ] [ SQL ] SELECT `menu`.*,rel_role_menu.role_id as rel_role_id FROM `menu` `menu` LEFT JOIN `rel_role_menu` `rel_role_menu` ON `rel_role_menu`.`menu_id`=menu.menu_id and role_id = '1' WHERE  `parent_menu_id` = 1  AND `is_show` = 1  AND `rel_role_menu`.`role_id` IS NOT NULL ORDER BY list_order desc,menu_id asc [ RunTime:0.048652s ]
[ sql ] [ SQL ] SELECT * FROM `staff` WHERE  `staff_id` = 2 LIMIT 1 [ RunTime:0.028773s ]
[ sql ] [ SQL ] SELECT `menu`.*,rel_role_menu.role_id as rel_role_id FROM `menu` `menu` LEFT JOIN `rel_role_menu` `rel_role_menu` ON `rel_role_menu`.`menu_id`=menu.menu_id and role_id = '1' WHERE  `parent_menu_id` = 4  AND `is_show` = 1  AND `rel_role_menu`.`role_id` IS NOT NULL ORDER BY list_order desc,menu_id asc [ RunTime:0.031783s ]
[ sql ] [ SQL ] SELECT * FROM `staff` WHERE  `staff_id` = 2 LIMIT 1 [ RunTime:0.033224s ]
[ sql ] [ SQL ] SELECT `menu`.*,rel_role_menu.role_id as rel_role_id FROM `menu` `menu` LEFT JOIN `rel_role_menu` `rel_role_menu` ON `rel_role_menu`.`menu_id`=menu.menu_id and role_id = '1' WHERE  `parent_menu_id` = 8  AND `is_show` = 1  AND `rel_role_menu`.`role_id` IS NOT NULL ORDER BY list_order desc,menu_id asc [ RunTime:0.041528s ]
[ sql ] [ SQL ] SHOW COLUMNS FROM `arrange` [ RunTime:0.030047s ]
[ sql ] [ SQL ] SELECT `arrange`.*,`store`.`store_name`,`user`.`user_name` FROM `arrange` `arrange` LEFT JOIN `store` `store` ON `store`.`store_id`=`arrange`.`store_id` LEFT JOIN `user` `user` ON `user`.`user_no`=`arrange`.`user_no` ORDER BY add_ts desc LIMIT 0,10 [ RunTime:0.069433s ]
[ sql ] [ SQL ] SELECT COUNT(*) AS tp_count FROM `arrange` `arrange` LIMIT 0,1 [ RunTime:0.032580s ]
[ sql ] [ SQL ] SHOW COLUMNS FROM `store` [ RunTime:0.054280s ]
[ sql ] [ SQL ] SELECT * FROM `store` WHERE  `status` = 1 [ RunTime:0.028190s ]
[ sql ] [ SQL ] SHOW COLUMNS FROM `user` [ RunTime:0.036187s ]
[ sql ] [ SQL ] SELECT * FROM `user` WHERE  `status` = 1 [ RunTime:0.037837s ]
---------------------------------------------------------------
[ 2017-09-23T14:02:45+08:00 ] 127.0.0.1 127.0.0.1 GET /admin/Order/arrange.html?arrange_no=123&store_id=&status=&user_no=
[ info ] www.anmo.com/admin/Order/arrange.html?arrange_no=123&store_id=&status=&user_no= [运行时间：0.724721s][吞吐率：1.38req/s] [内存消耗：5,640.52kb] [文件加载：62]
[ info ] [ LANG ] C:\wamp64\www\anmo\thinkphp\lang\zh-cn.php
[ info ] [ ROUTE ] array (
  'type' => 'module',
  'module' => 
  array (
    0 => 'admin',
    1 => 'Order',
    2 => 'arrange',
  ),
)
[ info ] [ HEADER ] array (
  'host' => 'www.anmo.com',
  'connection' => 'keep-alive',
  'upgrade-insecure-requests' => '1',
  'user-agent' => 'Mozilla/5.0 (Windows NT 10.0; Win64; x64) AppleWebKit/537.36 (KHTML, like Gecko) Chrome/60.0.3112.113 Safari/537.36',
  'accept' => 'text/html,application/xhtml+xml,application/xml;q=0.9,image/webp,image/apng,*/*;q=0.8',
  'referer' => 'http://www.anmo.com/admin/Order/arrange.html',
  'accept-encoding' => 'gzip, deflate',
  'accept-language' => 'zh-CN,zh;q=0.8',
  'cookie' => 'PHPSESSID=ml86sd85ssh69fnjsk106rg1m1',
)
[ info ] [ PARAM ] array (
  'arrange_no' => '123',
  'store_id' => '',
  'status' => '',
  'user_no' => '',
)
[ info ] [ SESSION ] INIT array (
  'id' => '',
  'var_session_id' => '',
  'prefix' => 'think',
  'type' => '',
  'auto_start' => true,
)
[ info ] [ DB ] INIT mysql
[ info ] [ RUN ] app\admin\controller\Order->arrange[ C:\wamp64\www\anmo\application\admin\controller\Order.php ]
[ info ] [ VIEW ] C:\wamp64\www\anmo\public/../application/admin\view\Default\Order\arrange.html [ array (
  0 => 'backUrl',
  1 => 'controller_name',
  2 => 'action_name',
  3 => 'language',
  4 => 'website_title',
  5 => 'copy_right',
  6 => '_SideMenu',
  7 => 'page',
  8 => 'list',
  9 => 'storeList',
  10 => 'userList',
  11 => 'my_rule',
  12 => 'page_no',
  13 => 'store_id',
  14 => 'user_no',
  15 => 'arrange_no',
  16 => 'status',
) ]
[ info ] [ LOG ] INIT File
[ sql ] [ DB ] CONNECT:[ UseTime:0.047036s ] mysql:dbname=anmo;host=121.40.80.26;charset=utf8
[ sql ] [ SQL ] SHOW COLUMNS FROM `staff` [ RunTime:0.028643s ]
[ sql ] [ SQL ] SELECT * FROM `staff` WHERE  `staff_id` = 2 LIMIT 1 [ RunTime:0.034447s ]
[ sql ] [ SQL ] SHOW COLUMNS FROM `menu` [ RunTime:0.031187s ]
[ sql ] [ SQL ] SELECT `menu`.*,rel_role_menu.role_id as rel_role_id FROM `menu` `menu` LEFT JOIN `rel_role_menu` `rel_role_menu` ON `rel_role_menu`.`menu_id`=menu.menu_id and role_id = '1' WHERE  `parent_menu_id` = 0  AND `is_show` = 1  AND `rel_role_menu`.`role_id` IS NOT NULL ORDER BY list_order desc,menu_id asc [ RunTime:0.028381s ]
[ sql ] [ SQL ] SELECT * FROM `staff` WHERE  `staff_id` = 2 LIMIT 1 [ RunTime:0.032207s ]
[ sql ] [ SQL ] SELECT `menu`.*,rel_role_menu.role_id as rel_role_id FROM `menu` `menu` LEFT JOIN `rel_role_menu` `rel_role_menu` ON `rel_role_menu`.`menu_id`=menu.menu_id and role_id = '1' WHERE  `parent_menu_id` = 1  AND `is_show` = 1  AND `rel_role_menu`.`role_id` IS NOT NULL ORDER BY list_order desc,menu_id asc [ RunTime:0.029934s ]
[ sql ] [ SQL ] SELECT * FROM `staff` WHERE  `staff_id` = 2 LIMIT 1 [ RunTime:0.028186s ]
[ sql ] [ SQL ] SELECT `menu`.*,rel_role_menu.role_id as rel_role_id FROM `menu` `menu` LEFT JOIN `rel_role_menu` `rel_role_menu` ON `rel_role_menu`.`menu_id`=menu.menu_id and role_id = '1' WHERE  `parent_menu_id` = 4  AND `is_show` = 1  AND `rel_role_menu`.`role_id` IS NOT NULL ORDER BY list_order desc,menu_id asc [ RunTime:0.029144s ]
[ sql ] [ SQL ] SELECT * FROM `staff` WHERE  `staff_id` = 2 LIMIT 1 [ RunTime:0.027584s ]
[ sql ] [ SQL ] SELECT `menu`.*,rel_role_menu.role_id as rel_role_id FROM `menu` `menu` LEFT JOIN `rel_role_menu` `rel_role_menu` ON `rel_role_menu`.`menu_id`=menu.menu_id and role_id = '1' WHERE  `parent_menu_id` = 8  AND `is_show` = 1  AND `rel_role_menu`.`role_id` IS NOT NULL ORDER BY list_order desc,menu_id asc [ RunTime:0.030777s ]
[ sql ] [ SQL ] SHOW COLUMNS FROM `arrange` [ RunTime:0.029556s ]
[ sql ] [ SQL ] SELECT `arrange`.*,`store`.`store_name`,`user`.`user_name` FROM `arrange` `arrange` LEFT JOIN `store` `store` ON `store`.`store_id`=`arrange`.`store_id` LEFT JOIN `user` `user` ON `user`.`user_no`=`arrange`.`user_no` WHERE  `arrange_no` = '123' ORDER BY add_ts desc LIMIT 0,10 [ RunTime:0.029707s ]
[ sql ] [ SQL ] SELECT COUNT(*) AS tp_count FROM `arrange` `arrange` WHERE  `arrange_no` = '123' LIMIT 0,1 [ RunTime:0.030867s ]
[ sql ] [ SQL ] SHOW COLUMNS FROM `store` [ RunTime:0.036611s ]
[ sql ] [ SQL ] SELECT * FROM `store` WHERE  `status` = 1 [ RunTime:0.030179s ]
[ sql ] [ SQL ] SHOW COLUMNS FROM `user` [ RunTime:0.031213s ]
[ sql ] [ SQL ] SELECT * FROM `user` WHERE  `status` = 1 [ RunTime:0.028783s ]
---------------------------------------------------------------
[ 2017-09-23T14:02:54+08:00 ] 127.0.0.1 127.0.0.1 GET /admin/Order/arrange.html?arrange_no=1230&store_id=&status=&user_no=
[ info ] www.anmo.com/admin/Order/arrange.html?arrange_no=1230&store_id=&status=&user_no= [运行时间：0.738434s][吞吐率：1.35req/s] [内存消耗：5,646.13kb] [文件加载：62]
[ info ] [ LANG ] C:\wamp64\www\anmo\thinkphp\lang\zh-cn.php
[ info ] [ ROUTE ] array (
  'type' => 'module',
  'module' => 
  array (
    0 => 'admin',
    1 => 'Order',
    2 => 'arrange',
  ),
)
[ info ] [ HEADER ] array (
  'host' => 'www.anmo.com',
  'connection' => 'keep-alive',
  'upgrade-insecure-requests' => '1',
  'user-agent' => 'Mozilla/5.0 (Windows NT 10.0; Win64; x64) AppleWebKit/537.36 (KHTML, like Gecko) Chrome/60.0.3112.113 Safari/537.36',
  'accept' => 'text/html,application/xhtml+xml,application/xml;q=0.9,image/webp,image/apng,*/*;q=0.8',
  'referer' => 'http://www.anmo.com/admin/Order/arrange.html?arrange_no=123&store_id=&status=&user_no=',
  'accept-encoding' => 'gzip, deflate',
  'accept-language' => 'zh-CN,zh;q=0.8',
  'cookie' => 'PHPSESSID=ml86sd85ssh69fnjsk106rg1m1',
)
[ info ] [ PARAM ] array (
  'arrange_no' => '1230',
  'store_id' => '',
  'status' => '',
  'user_no' => '',
)
[ info ] [ SESSION ] INIT array (
  'id' => '',
  'var_session_id' => '',
  'prefix' => 'think',
  'type' => '',
  'auto_start' => true,
)
[ info ] [ DB ] INIT mysql
[ info ] [ RUN ] app\admin\controller\Order->arrange[ C:\wamp64\www\anmo\application\admin\controller\Order.php ]
[ info ] [ VIEW ] C:\wamp64\www\anmo\public/../application/admin\view\Default\Order\arrange.html [ array (
  0 => 'backUrl',
  1 => 'controller_name',
  2 => 'action_name',
  3 => 'language',
  4 => 'website_title',
  5 => 'copy_right',
  6 => '_SideMenu',
  7 => 'page',
  8 => 'list',
  9 => 'storeList',
  10 => 'userList',
  11 => 'my_rule',
  12 => 'page_no',
  13 => 'store_id',
  14 => 'user_no',
  15 => 'arrange_no',
  16 => 'status',
) ]
[ info ] [ LOG ] INIT File
[ sql ] [ DB ] CONNECT:[ UseTime:0.045934s ] mysql:dbname=anmo;host=121.40.80.26;charset=utf8
[ sql ] [ SQL ] SHOW COLUMNS FROM `staff` [ RunTime:0.028579s ]
[ sql ] [ SQL ] SELECT * FROM `staff` WHERE  `staff_id` = 2 LIMIT 1 [ RunTime:0.029942s ]
[ sql ] [ SQL ] SHOW COLUMNS FROM `menu` [ RunTime:0.028932s ]
[ sql ] [ SQL ] SELECT `menu`.*,rel_role_menu.role_id as rel_role_id FROM `menu` `menu` LEFT JOIN `rel_role_menu` `rel_role_menu` ON `rel_role_menu`.`menu_id`=menu.menu_id and role_id = '1' WHERE  `parent_menu_id` = 0  AND `is_show` = 1  AND `rel_role_menu`.`role_id` IS NOT NULL ORDER BY list_order desc,menu_id asc [ RunTime:0.035632s ]
[ sql ] [ SQL ] SELECT * FROM `staff` WHERE  `staff_id` = 2 LIMIT 1 [ RunTime:0.030867s ]
[ sql ] [ SQL ] SELECT `menu`.*,rel_role_menu.role_id as rel_role_id FROM `menu` `menu` LEFT JOIN `rel_role_menu` `rel_role_menu` ON `rel_role_menu`.`menu_id`=menu.menu_id and role_id = '1' WHERE  `parent_menu_id` = 1  AND `is_show` = 1  AND `rel_role_menu`.`role_id` IS NOT NULL ORDER BY list_order desc,menu_id asc [ RunTime:0.039783s ]
[ sql ] [ SQL ] SELECT * FROM `staff` WHERE  `staff_id` = 2 LIMIT 1 [ RunTime:0.027036s ]
[ sql ] [ SQL ] SELECT `menu`.*,rel_role_menu.role_id as rel_role_id FROM `menu` `menu` LEFT JOIN `rel_role_menu` `rel_role_menu` ON `rel_role_menu`.`menu_id`=menu.menu_id and role_id = '1' WHERE  `parent_menu_id` = 4  AND `is_show` = 1  AND `rel_role_menu`.`role_id` IS NOT NULL ORDER BY list_order desc,menu_id asc [ RunTime:0.029947s ]
[ sql ] [ SQL ] SELECT * FROM `staff` WHERE  `staff_id` = 2 LIMIT 1 [ RunTime:0.034044s ]
[ sql ] [ SQL ] SELECT `menu`.*,rel_role_menu.role_id as rel_role_id FROM `menu` `menu` LEFT JOIN `rel_role_menu` `rel_role_menu` ON `rel_role_menu`.`menu_id`=menu.menu_id and role_id = '1' WHERE  `parent_menu_id` = 8  AND `is_show` = 1  AND `rel_role_menu`.`role_id` IS NOT NULL ORDER BY list_order desc,menu_id asc [ RunTime:0.028533s ]
[ sql ] [ SQL ] SHOW COLUMNS FROM `arrange` [ RunTime:0.030233s ]
[ sql ] [ SQL ] SELECT `arrange`.*,`store`.`store_name`,`user`.`user_name` FROM `arrange` `arrange` LEFT JOIN `store` `store` ON `store`.`store_id`=`arrange`.`store_id` LEFT JOIN `user` `user` ON `user`.`user_no`=`arrange`.`user_no` WHERE  `arrange_no` = '1230' ORDER BY add_ts desc LIMIT 0,10 [ RunTime:0.027817s ]
[ sql ] [ SQL ] SELECT COUNT(*) AS tp_count FROM `arrange` `arrange` WHERE  `arrange_no` = '1230' LIMIT 0,1 [ RunTime:0.029238s ]
[ sql ] [ SQL ] SHOW COLUMNS FROM `store` [ RunTime:0.034240s ]
[ sql ] [ SQL ] SELECT * FROM `store` WHERE  `status` = 1 [ RunTime:0.027383s ]
[ sql ] [ SQL ] SHOW COLUMNS FROM `user` [ RunTime:0.042250s ]
[ sql ] [ SQL ] SELECT * FROM `user` WHERE  `status` = 1 [ RunTime:0.034335s ]
