---------------------------------------------------------------
[ 2017-10-24T18:51:34+08:00 ] 127.0.0.1 127.0.0.1 GET /admin/Type/index.html
[ info ] www.anmo.com/admin/Type/index.html [运行时间：1.139748s][吞吐率：0.88req/s] [内存消耗：3,204.07kb] [文件加载：48]
[ info ] [ LANG ] C:\wamp64\www\anmo\thinkphp\lang\zh-cn.php
[ info ] [ ROUTE ] array (
  'type' => 'module',
  'module' => 
  array (
    0 => 'admin',
    1 => 'Type',
    2 => 'index',
  ),
)
[ info ] [ HEADER ] array (
  'host' => 'www.anmo.com',
  'connection' => 'keep-alive',
  'upgrade-insecure-requests' => '1',
  'user-agent' => 'Mozilla/5.0 (Windows NT 10.0; Win64; x64) AppleWebKit/537.36 (KHTML, like Gecko) Chrome/61.0.3163.100 Safari/537.36',
  'accept' => 'text/html,application/xhtml+xml,application/xml;q=0.9,image/webp,image/apng,*/*;q=0.8',
  'referer' => 'http://www.anmo.com/admin/ValueService/index.html',
  'accept-encoding' => 'gzip, deflate',
  'accept-language' => 'zh-CN,zh;q=0.8',
  'cookie' => 'PHPSESSID=40ff0r0a0j8dev9srarj97ptk3',
)
[ info ] [ PARAM ] array (
)
[ info ] [ SESSION ] INIT array (
  'id' => '',
  'var_session_id' => '',
  'prefix' => 'think',
  'type' => '',
  'auto_start' => true,
)
[ info ] [ LOG ] INIT File
---------------------------------------------------------------
[ 2017-10-24T18:51:34+08:00 ] 127.0.0.1 127.0.0.1 GET /admin/index/login.html
[ info ] www.anmo.com/admin/index/login.html [运行时间：0.118724s][吞吐率：8.42req/s] [内存消耗：3,113.79kb] [文件加载：46]
[ info ] [ LANG ] C:\wamp64\www\anmo\thinkphp\lang\zh-cn.php
[ info ] [ ROUTE ] array (
  'type' => 'module',
  'module' => 
  array (
    0 => 'admin',
    1 => 'index',
    2 => 'login',
  ),
)
[ info ] [ HEADER ] array (
  'host' => 'www.anmo.com',
  'connection' => 'keep-alive',
  'upgrade-insecure-requests' => '1',
  'user-agent' => 'Mozilla/5.0 (Windows NT 10.0; Win64; x64) AppleWebKit/537.36 (KHTML, like Gecko) Chrome/61.0.3163.100 Safari/537.36',
  'accept' => 'text/html,application/xhtml+xml,application/xml;q=0.9,image/webp,image/apng,*/*;q=0.8',
  'referer' => 'http://www.anmo.com/admin/ValueService/index.html',
  'accept-encoding' => 'gzip, deflate',
  'accept-language' => 'zh-CN,zh;q=0.8',
  'cookie' => 'PHPSESSID=40ff0r0a0j8dev9srarj97ptk3',
)
[ info ] [ PARAM ] array (
)
[ info ] [ RUN ] app\admin\controller\Index->login[ C:\wamp64\www\anmo\application\admin\controller\Index.php ]
[ info ] [ SESSION ] INIT array (
  'id' => '',
  'var_session_id' => '',
  'prefix' => 'think',
  'type' => '',
  'auto_start' => true,
)
[ info ] [ VIEW ] C:\wamp64\www\anmo\public/../application/admin\view\Default\index\login.html [ array (
) ]
[ info ] [ LOG ] INIT File
---------------------------------------------------------------
[ 2017-10-24T18:51:35+08:00 ] 127.0.0.1 127.0.0.1 GET /captcha.html
[ info ] www.anmo.com/captcha.html [运行时间：0.228509s][吞吐率：4.38req/s] [内存消耗：2,572.57kb] [文件加载：39]
[ info ] [ LANG ] C:\wamp64\www\anmo\thinkphp\lang\zh-cn.php
[ info ] [ ROUTE ] array (
  'type' => 'method',
  'method' => 
  array (
    0 => '\\think\\captcha\\CaptchaController',
    1 => 'index',
  ),
  'var' => 
  array (
  ),
)
[ info ] [ HEADER ] array (
  'host' => 'www.anmo.com',
  'connection' => 'keep-alive',
  'user-agent' => 'Mozilla/5.0 (Windows NT 10.0; Win64; x64) AppleWebKit/537.36 (KHTML, like Gecko) Chrome/61.0.3163.100 Safari/537.36',
  'accept' => 'image/webp,image/apng,image/*,*/*;q=0.8',
  'referer' => 'http://www.anmo.com/admin/index/login.html',
  'accept-encoding' => 'gzip, deflate',
  'accept-language' => 'zh-CN,zh;q=0.8',
  'cookie' => 'PHPSESSID=40ff0r0a0j8dev9srarj97ptk3',
)
[ info ] [ PARAM ] array (
  'id' => NULL,
)
[ info ] [ RUN ] think\captcha\CaptchaController->index[ C:\wamp64\www\anmo\vendor\topthink\think-captcha\src\CaptchaController.php ]
[ info ] [ SESSION ] INIT array (
  'id' => '',
  'var_session_id' => '',
  'prefix' => 'think',
  'type' => '',
  'auto_start' => true,
)
[ info ] [ LOG ] INIT File
---------------------------------------------------------------
[ 2017-10-24T18:51:35+08:00 ] 127.0.0.1 127.0.0.1 GET /static/admin/image/bg/jiant.png
[ info ] www.anmo.com/static/admin/image/bg/jiant.png [运行时间：0.277821s][吞吐率：3.60req/s] [内存消耗：2,547.48kb] [文件加载：40]
[ info ] [ LANG ] C:\wamp64\www\anmo\thinkphp\lang\zh-cn.php
[ info ] [ ROUTE ] array (
  'type' => 'module',
  'module' => 
  array (
    0 => 'static',
    1 => 'admin',
    2 => 'image',
  ),
)
[ info ] [ HEADER ] array (
  'host' => 'www.anmo.com',
  'connection' => 'keep-alive',
  'user-agent' => 'Mozilla/5.0 (Windows NT 10.0; Win64; x64) AppleWebKit/537.36 (KHTML, like Gecko) Chrome/61.0.3163.100 Safari/537.36',
  'accept' => 'image/webp,image/apng,image/*,*/*;q=0.8',
  'referer' => 'http://www.anmo.com/static/admin/css/style-metro.css',
  'accept-encoding' => 'gzip, deflate',
  'accept-language' => 'zh-CN,zh;q=0.8',
  'cookie' => 'PHPSESSID=40ff0r0a0j8dev9srarj97ptk3',
)
[ info ] [ PARAM ] array (
  'bg' => 'jiant.png',
)
[ info ] [ LOG ] INIT File
---------------------------------------------------------------
[ 2017-10-24T18:51:47+08:00 ] 127.0.0.1 127.0.0.1 POST /admin/Index/loginIn.html
[ info ] www.anmo.com/admin/Index/loginIn.html [运行时间：0.696937s][吞吐率：1.43req/s] [内存消耗：5,161.71kb] [文件加载：57]
[ info ] [ LANG ] C:\wamp64\www\anmo\thinkphp\lang\zh-cn.php
[ info ] [ ROUTE ] array (
  'type' => 'module',
  'module' => 
  array (
    0 => 'admin',
    1 => 'Index',
    2 => 'loginIn',
  ),
)
[ info ] [ HEADER ] array (
  'host' => 'www.anmo.com',
  'connection' => 'keep-alive',
  'content-length' => '47',
  'cache-control' => 'max-age=0',
  'origin' => 'http://www.anmo.com',
  'upgrade-insecure-requests' => '1',
  'content-type' => 'application/x-www-form-urlencoded',
  'user-agent' => 'Mozilla/5.0 (Windows NT 10.0; Win64; x64) AppleWebKit/537.36 (KHTML, like Gecko) Chrome/61.0.3163.100 Safari/537.36',
  'accept' => 'text/html,application/xhtml+xml,application/xml;q=0.9,image/webp,image/apng,*/*;q=0.8',
  'referer' => 'http://www.anmo.com/admin/index/login.html',
  'accept-encoding' => 'gzip, deflate',
  'accept-language' => 'zh-CN,zh;q=0.8',
  'cookie' => 'PHPSESSID=40ff0r0a0j8dev9srarj97ptk3',
)
[ info ] [ PARAM ] array (
  'username' => 'li442',
  'password' => '123456',
  'check_code' => 'bvu2y',
)
[ info ] [ RUN ] app\admin\controller\Index->loginIn[ C:\wamp64\www\anmo\application\admin\controller\Index.php ]
[ info ] [ DB ] INIT mysql
[ info ] [ SESSION ] INIT array (
  'id' => '',
  'var_session_id' => '',
  'prefix' => 'think',
  'type' => '',
  'auto_start' => true,
)
[ info ] [ LOG ] INIT File
[ sql ] [ DB ] CONNECT:[ UseTime:0.214246s ] mysql:dbname=anmo;host=114.55.28.85;charset=utf8
[ sql ] [ SQL ] SHOW COLUMNS FROM `staff` [ RunTime:0.039713s ]
[ sql ] [ SQL ] SELECT * FROM `staff` WHERE  `staff_name` = 'li442'  AND `password` = 'e10adc3949ba59abbe56e057f20f883e' LIMIT 1 [ RunTime:0.048296s ]
---------------------------------------------------------------
[ 2017-10-24T18:51:48+08:00 ] 127.0.0.1 127.0.0.1 GET /admin/main/index.html
[ info ] www.anmo.com/admin/main/index.html [运行时间：0.967970s][吞吐率：1.03req/s] [内存消耗：5,292.20kb] [文件加载：58]
[ info ] [ LANG ] C:\wamp64\www\anmo\thinkphp\lang\zh-cn.php
[ info ] [ ROUTE ] array (
  'type' => 'module',
  'module' => 
  array (
    0 => 'admin',
    1 => 'main',
    2 => 'index',
  ),
)
[ info ] [ HEADER ] array (
  'host' => 'www.anmo.com',
  'connection' => 'keep-alive',
  'cache-control' => 'max-age=0',
  'upgrade-insecure-requests' => '1',
  'user-agent' => 'Mozilla/5.0 (Windows NT 10.0; Win64; x64) AppleWebKit/537.36 (KHTML, like Gecko) Chrome/61.0.3163.100 Safari/537.36',
  'accept' => 'text/html,application/xhtml+xml,application/xml;q=0.9,image/webp,image/apng,*/*;q=0.8',
  'referer' => 'http://www.anmo.com/admin/index/login.html',
  'accept-encoding' => 'gzip, deflate',
  'accept-language' => 'zh-CN,zh;q=0.8',
  'cookie' => 'PHPSESSID=40ff0r0a0j8dev9srarj97ptk3',
)
[ info ] [ PARAM ] array (
)
[ info ] [ SESSION ] INIT array (
  'id' => '',
  'var_session_id' => '',
  'prefix' => 'think',
  'type' => '',
  'auto_start' => true,
)
[ info ] [ DB ] INIT mysql
[ info ] [ RUN ] app\admin\controller\Main->index[ C:\wamp64\www\anmo\application\admin\controller\Main.php ]
[ info ] [ VIEW ] C:\wamp64\www\anmo\public/../application/admin\view\Default\main\index.html [ array (
  0 => 'backUrl',
  1 => 'controller_name',
  2 => 'action_name',
  3 => 'language',
  4 => 'website_title',
  5 => 'copy_right',
  6 => '_SideMenu',
  7 => 'base_path',
) ]
[ info ] [ LOG ] INIT File
[ sql ] [ DB ] CONNECT:[ UseTime:0.057824s ] mysql:dbname=anmo;host=114.55.28.85;charset=utf8
[ sql ] [ SQL ] SHOW COLUMNS FROM `staff` [ RunTime:0.040420s ]
[ sql ] [ SQL ] SELECT * FROM `staff` WHERE  `staff_id` = 2 LIMIT 1 [ RunTime:0.039711s ]
[ sql ] [ SQL ] SHOW COLUMNS FROM `menu` [ RunTime:0.043497s ]
[ sql ] [ SQL ] SELECT `menu`.*,rel_role_menu.role_id as rel_role_id FROM `menu` `menu` LEFT JOIN `rel_role_menu` `rel_role_menu` ON `rel_role_menu`.`menu_id`=menu.menu_id and role_id = '1' WHERE  `parent_menu_id` = 0  AND `is_show` = 1  AND `rel_role_menu`.`role_id` IS NOT NULL ORDER BY list_order desc,menu_id asc [ RunTime:0.042163s ]
[ sql ] [ SQL ] SELECT * FROM `staff` WHERE  `staff_id` = 2 LIMIT 1 [ RunTime:0.038875s ]
[ sql ] [ SQL ] SELECT `menu`.*,rel_role_menu.role_id as rel_role_id FROM `menu` `menu` LEFT JOIN `rel_role_menu` `rel_role_menu` ON `rel_role_menu`.`menu_id`=menu.menu_id and role_id = '1' WHERE  `parent_menu_id` = 1  AND `is_show` = 1  AND `rel_role_menu`.`role_id` IS NOT NULL ORDER BY list_order desc,menu_id asc [ RunTime:0.039097s ]
[ sql ] [ SQL ] SELECT * FROM `staff` WHERE  `staff_id` = 2 LIMIT 1 [ RunTime:0.042631s ]
[ sql ] [ SQL ] SELECT `menu`.*,rel_role_menu.role_id as rel_role_id FROM `menu` `menu` LEFT JOIN `rel_role_menu` `rel_role_menu` ON `rel_role_menu`.`menu_id`=menu.menu_id and role_id = '1' WHERE  `parent_menu_id` = 54  AND `is_show` = 1  AND `rel_role_menu`.`role_id` IS NOT NULL ORDER BY list_order desc,menu_id asc [ RunTime:0.048420s ]
[ sql ] [ SQL ] SELECT * FROM `staff` WHERE  `staff_id` = 2 LIMIT 1 [ RunTime:0.039683s ]
[ sql ] [ SQL ] SELECT `menu`.*,rel_role_menu.role_id as rel_role_id FROM `menu` `menu` LEFT JOIN `rel_role_menu` `rel_role_menu` ON `rel_role_menu`.`menu_id`=menu.menu_id and role_id = '1' WHERE  `parent_menu_id` = 62  AND `is_show` = 1  AND `rel_role_menu`.`role_id` IS NOT NULL ORDER BY list_order desc,menu_id asc [ RunTime:0.039827s ]
[ sql ] [ SQL ] SELECT * FROM `staff` WHERE  `staff_id` = 2 LIMIT 1 [ RunTime:0.038717s ]
[ sql ] [ SQL ] SELECT `menu`.*,rel_role_menu.role_id as rel_role_id FROM `menu` `menu` LEFT JOIN `rel_role_menu` `rel_role_menu` ON `rel_role_menu`.`menu_id`=menu.menu_id and role_id = '1' WHERE  `parent_menu_id` = 8  AND `is_show` = 1  AND `rel_role_menu`.`role_id` IS NOT NULL ORDER BY list_order desc,menu_id asc [ RunTime:0.043373s ]
[ sql ] [ SQL ] SELECT * FROM `staff` WHERE  `staff_id` = 2 LIMIT 1 [ RunTime:0.038708s ]
[ sql ] [ SQL ] SELECT `menu`.*,rel_role_menu.role_id as rel_role_id FROM `menu` `menu` LEFT JOIN `rel_role_menu` `rel_role_menu` ON `rel_role_menu`.`menu_id`=menu.menu_id and role_id = '1' WHERE  `parent_menu_id` = 4  AND `is_show` = 1  AND `rel_role_menu`.`role_id` IS NOT NULL ORDER BY list_order desc,menu_id asc [ RunTime:0.039306s ]
---------------------------------------------------------------
[ 2017-10-24T18:51:49+08:00 ] 127.0.0.1 127.0.0.1 GET /static/admin/image/bg/jiant.png
[ info ] www.anmo.com/static/admin/image/bg/jiant.png [运行时间：0.093807s][吞吐率：10.66req/s] [内存消耗：2,547.48kb] [文件加载：40]
[ info ] [ LANG ] C:\wamp64\www\anmo\thinkphp\lang\zh-cn.php
[ info ] [ ROUTE ] array (
  'type' => 'module',
  'module' => 
  array (
    0 => 'static',
    1 => 'admin',
    2 => 'image',
  ),
)
[ info ] [ HEADER ] array (
  'host' => 'www.anmo.com',
  'connection' => 'keep-alive',
  'user-agent' => 'Mozilla/5.0 (Windows NT 10.0; Win64; x64) AppleWebKit/537.36 (KHTML, like Gecko) Chrome/61.0.3163.100 Safari/537.36',
  'accept' => 'image/webp,image/apng,image/*,*/*;q=0.8',
  'referer' => 'http://www.anmo.com/static/admin/css/style-metro.css',
  'accept-encoding' => 'gzip, deflate',
  'accept-language' => 'zh-CN,zh;q=0.8',
  'cookie' => 'PHPSESSID=40ff0r0a0j8dev9srarj97ptk3',
)
[ info ] [ PARAM ] array (
  'bg' => 'jiant.png',
)
[ info ] [ LOG ] INIT File
---------------------------------------------------------------
[ 2017-10-24T18:51:52+08:00 ] 127.0.0.1 127.0.0.1 GET /admin/UserCoupon/index.html
[ info ] www.anmo.com/admin/UserCoupon/index.html [运行时间：1.525375s][吞吐率：0.66req/s] [内存消耗：5,738.58kb] [文件加载：62]
[ info ] [ LANG ] C:\wamp64\www\anmo\thinkphp\lang\zh-cn.php
[ info ] [ ROUTE ] array (
  'type' => 'module',
  'module' => 
  array (
    0 => 'admin',
    1 => 'UserCoupon',
    2 => 'index',
  ),
)
[ info ] [ HEADER ] array (
  'host' => 'www.anmo.com',
  'connection' => 'keep-alive',
  'upgrade-insecure-requests' => '1',
  'user-agent' => 'Mozilla/5.0 (Windows NT 10.0; Win64; x64) AppleWebKit/537.36 (KHTML, like Gecko) Chrome/61.0.3163.100 Safari/537.36',
  'accept' => 'text/html,application/xhtml+xml,application/xml;q=0.9,image/webp,image/apng,*/*;q=0.8',
  'referer' => 'http://www.anmo.com/admin/main/index.html',
  'accept-encoding' => 'gzip, deflate',
  'accept-language' => 'zh-CN,zh;q=0.8',
  'cookie' => 'PHPSESSID=40ff0r0a0j8dev9srarj97ptk3',
)
[ info ] [ PARAM ] array (
)
[ info ] [ SESSION ] INIT array (
  'id' => '',
  'var_session_id' => '',
  'prefix' => 'think',
  'type' => '',
  'auto_start' => true,
)
[ info ] [ DB ] INIT mysql
[ info ] [ RUN ] app\admin\controller\UserCoupon->index[ C:\wamp64\www\anmo\application\admin\controller\UserCoupon.php ]
[ info ] [ VIEW ] C:\wamp64\www\anmo\public/../application/admin\view\Default\UserCoupon\index.html [ array (
  0 => 'backUrl',
  1 => 'controller_name',
  2 => 'action_name',
  3 => 'language',
  4 => 'website_title',
  5 => 'copy_right',
  6 => '_SideMenu',
  7 => 'base_path',
  8 => 'page',
  9 => 'list',
  10 => 'userList',
  11 => 'storeList',
  12 => 'my_rule',
) ]
[ info ] [ LOG ] INIT File
[ sql ] [ DB ] CONNECT:[ UseTime:0.060584s ] mysql:dbname=anmo;host=114.55.28.85;charset=utf8
[ sql ] [ SQL ] SHOW COLUMNS FROM `staff` [ RunTime:0.042137s ]
[ sql ] [ SQL ] SELECT * FROM `staff` WHERE  `staff_id` = 2 LIMIT 1 [ RunTime:0.041162s ]
[ sql ] [ SQL ] SHOW COLUMNS FROM `menu` [ RunTime:0.041297s ]
[ sql ] [ SQL ] SELECT `menu`.*,rel_role_menu.role_id as rel_role_id FROM `menu` `menu` LEFT JOIN `rel_role_menu` `rel_role_menu` ON `rel_role_menu`.`menu_id`=menu.menu_id and role_id = '1' WHERE  `parent_menu_id` = 0  AND `is_show` = 1  AND `rel_role_menu`.`role_id` IS NOT NULL ORDER BY list_order desc,menu_id asc [ RunTime:0.042869s ]
[ sql ] [ SQL ] SELECT * FROM `staff` WHERE  `staff_id` = 2 LIMIT 1 [ RunTime:0.040714s ]
[ sql ] [ SQL ] SELECT `menu`.*,rel_role_menu.role_id as rel_role_id FROM `menu` `menu` LEFT JOIN `rel_role_menu` `rel_role_menu` ON `rel_role_menu`.`menu_id`=menu.menu_id and role_id = '1' WHERE  `parent_menu_id` = 1  AND `is_show` = 1  AND `rel_role_menu`.`role_id` IS NOT NULL ORDER BY list_order desc,menu_id asc [ RunTime:0.041222s ]
[ sql ] [ SQL ] SELECT * FROM `staff` WHERE  `staff_id` = 2 LIMIT 1 [ RunTime:0.040160s ]
[ sql ] [ SQL ] SELECT `menu`.*,rel_role_menu.role_id as rel_role_id FROM `menu` `menu` LEFT JOIN `rel_role_menu` `rel_role_menu` ON `rel_role_menu`.`menu_id`=menu.menu_id and role_id = '1' WHERE  `parent_menu_id` = 54  AND `is_show` = 1  AND `rel_role_menu`.`role_id` IS NOT NULL ORDER BY list_order desc,menu_id asc [ RunTime:0.041351s ]
[ sql ] [ SQL ] SELECT * FROM `staff` WHERE  `staff_id` = 2 LIMIT 1 [ RunTime:0.040605s ]
[ sql ] [ SQL ] SELECT `menu`.*,rel_role_menu.role_id as rel_role_id FROM `menu` `menu` LEFT JOIN `rel_role_menu` `rel_role_menu` ON `rel_role_menu`.`menu_id`=menu.menu_id and role_id = '1' WHERE  `parent_menu_id` = 62  AND `is_show` = 1  AND `rel_role_menu`.`role_id` IS NOT NULL ORDER BY list_order desc,menu_id asc [ RunTime:0.040630s ]
[ sql ] [ SQL ] SELECT * FROM `staff` WHERE  `staff_id` = 2 LIMIT 1 [ RunTime:0.047439s ]
[ sql ] [ SQL ] SELECT `menu`.*,rel_role_menu.role_id as rel_role_id FROM `menu` `menu` LEFT JOIN `rel_role_menu` `rel_role_menu` ON `rel_role_menu`.`menu_id`=menu.menu_id and role_id = '1' WHERE  `parent_menu_id` = 8  AND `is_show` = 1  AND `rel_role_menu`.`role_id` IS NOT NULL ORDER BY list_order desc,menu_id asc [ RunTime:0.042304s ]
[ sql ] [ SQL ] SELECT * FROM `staff` WHERE  `staff_id` = 2 LIMIT 1 [ RunTime:0.040214s ]
[ sql ] [ SQL ] SELECT `menu`.*,rel_role_menu.role_id as rel_role_id FROM `menu` `menu` LEFT JOIN `rel_role_menu` `rel_role_menu` ON `rel_role_menu`.`menu_id`=menu.menu_id and role_id = '1' WHERE  `parent_menu_id` = 4  AND `is_show` = 1  AND `rel_role_menu`.`role_id` IS NOT NULL ORDER BY list_order desc,menu_id asc [ RunTime:0.040328s ]
[ sql ] [ SQL ] SHOW COLUMNS FROM `user_coupon` [ RunTime:0.041878s ]
[ sql ] [ SQL ] SELECT `UserCoupon`.*,`store`.`store_name`,`user`.`user_name`,`coupon`.`coupon_name`,`arrange`.`arrange_no` FROM `user_coupon` `UserCoupon` LEFT JOIN `store` `store` ON `store`.`store_id`=`UserCoupon`.`store_id` LEFT JOIN `user` `user` ON `user`.`user_no`=`UserCoupon`.`user_no` LEFT JOIN `coupon` `coupon` ON `coupon`.`coupon_id`=`UserCoupon`.`coupon_id` LEFT JOIN `arrange` `arrange` ON `arrange`.`userCoupon_id`=`UserCoupon`.`coupon_no` LIMIT 0,10 [ RunTime:0.043287s ]
[ sql ] [ SQL ] SELECT COUNT(*) AS tp_count FROM `user_coupon` `UserCoupon` LIMIT 0,1 [ RunTime:0.039927s ]
[ sql ] [ SQL ] SHOW COLUMNS FROM `user` [ RunTime:0.039968s ]
[ sql ] [ SQL ] SELECT * FROM `user` WHERE  `status` = 1  AND `mobile` <> '' [ RunTime:0.043798s ]
[ sql ] [ SQL ] SHOW COLUMNS FROM `store` [ RunTime:0.040972s ]
[ sql ] [ SQL ] SELECT * FROM `store` WHERE  `status` = 1 [ RunTime:0.040890s ]
