---------------------------------------------------------------
[ 2017-10-31T14:53:07+08:00 ] 127.0.0.1 127.0.0.1 GET /admin/main/index.html
[ info ] www.anmo.com/admin/main/index.html [运行时间：0.974792s][吞吐率：1.03req/s] [内存消耗：3,182.06kb] [文件加载：48]
[ info ] [ LANG ] C:\wamp64\www\anmo\thinkphp\lang\zh-cn.php
[ info ] [ ROUTE ] array (
  'type' => 'module',
  'module' => 
  array (
    0 => 'admin',
    1 => 'main',
    2 => 'index',
  ),
)
[ info ] [ HEADER ] array (
  'host' => 'www.anmo.com',
  'connection' => 'keep-alive',
  'user-agent' => 'Mozilla/5.0 (Linux; Android 5.1.1; Nexus 6 Build/LYZ28E) AppleWebKit/537.36 (KHTML, like Gecko) Chrome/61.0.3163.100 Mobile Safari/537.36',
  'upgrade-insecure-requests' => '1',
  'accept' => 'text/html,application/xhtml+xml,application/xml;q=0.9,image/webp,image/apng,*/*;q=0.8',
  'accept-encoding' => 'gzip, deflate',
  'accept-language' => 'zh-CN,zh;q=0.8',
)
[ info ] [ PARAM ] array (
)
[ info ] [ SESSION ] INIT array (
  'id' => '',
  'var_session_id' => '',
  'prefix' => 'think',
  'type' => '',
  'auto_start' => true,
  'expire' => 3600,
)
[ info ] [ LOG ] INIT File
---------------------------------------------------------------
[ 2017-10-31T14:53:08+08:00 ] 127.0.0.1 127.0.0.1 GET /admin/index/login.html
[ info ] www.anmo.com/admin/index/login.html [运行时间：0.100280s][吞吐率：9.97req/s] [内存消耗：3,114.09kb] [文件加载：46]
[ info ] [ LANG ] C:\wamp64\www\anmo\thinkphp\lang\zh-cn.php
[ info ] [ ROUTE ] array (
  'type' => 'module',
  'module' => 
  array (
    0 => 'admin',
    1 => 'index',
    2 => 'login',
  ),
)
[ info ] [ HEADER ] array (
  'host' => 'www.anmo.com',
  'connection' => 'keep-alive',
  'user-agent' => 'Mozilla/5.0 (Linux; Android 5.1.1; Nexus 6 Build/LYZ28E) AppleWebKit/537.36 (KHTML, like Gecko) Chrome/61.0.3163.100 Mobile Safari/537.36',
  'upgrade-insecure-requests' => '1',
  'accept' => 'text/html,application/xhtml+xml,application/xml;q=0.9,image/webp,image/apng,*/*;q=0.8',
  'accept-encoding' => 'gzip, deflate',
  'accept-language' => 'zh-CN,zh;q=0.8',
  'cookie' => 'PHPSESSID=ti4g8grd5sv2vaflm7djtn7st5',
)
[ info ] [ PARAM ] array (
)
[ info ] [ RUN ] app\admin\controller\Index->login[ C:\wamp64\www\anmo\application\admin\controller\Index.php ]
[ info ] [ SESSION ] INIT array (
  'id' => '',
  'var_session_id' => '',
  'prefix' => 'think',
  'type' => '',
  'auto_start' => true,
  'expire' => 3600,
)
[ info ] [ VIEW ] C:\wamp64\www\anmo\public/../application/admin\view\Default\index\login.html [ array (
) ]
[ info ] [ LOG ] INIT File
---------------------------------------------------------------
[ 2017-10-31T14:53:08+08:00 ] 127.0.0.1 127.0.0.1 GET /captcha.html
[ info ] www.anmo.com/captcha.html [运行时间：0.243437s][吞吐率：4.11req/s] [内存消耗：2,573.08kb] [文件加载：39]
[ info ] [ LANG ] C:\wamp64\www\anmo\thinkphp\lang\zh-cn.php
[ info ] [ ROUTE ] array (
  'type' => 'method',
  'method' => 
  array (
    0 => '\\think\\captcha\\CaptchaController',
    1 => 'index',
  ),
  'var' => 
  array (
  ),
)
[ info ] [ HEADER ] array (
  'host' => 'www.anmo.com',
  'connection' => 'keep-alive',
  'user-agent' => 'Mozilla/5.0 (Linux; Android 5.1.1; Nexus 6 Build/LYZ28E) AppleWebKit/537.36 (KHTML, like Gecko) Chrome/61.0.3163.100 Mobile Safari/537.36',
  'accept' => 'image/webp,image/apng,image/*,*/*;q=0.8',
  'referer' => 'http://www.anmo.com/admin/index/login.html',
  'accept-encoding' => 'gzip, deflate',
  'accept-language' => 'zh-CN,zh;q=0.8',
  'cookie' => 'PHPSESSID=ti4g8grd5sv2vaflm7djtn7st5',
)
[ info ] [ PARAM ] array (
  'id' => NULL,
)
[ info ] [ RUN ] think\captcha\CaptchaController->index[ C:\wamp64\www\anmo\vendor\topthink\think-captcha\src\CaptchaController.php ]
[ info ] [ SESSION ] INIT array (
  'id' => '',
  'var_session_id' => '',
  'prefix' => 'think',
  'type' => '',
  'auto_start' => true,
  'expire' => 3600,
)
[ info ] [ LOG ] INIT File
---------------------------------------------------------------
[ 2017-10-31T14:53:08+08:00 ] 127.0.0.1 127.0.0.1 GET /static/admin/image/bg/jiant.png
[ info ] www.anmo.com/static/admin/image/bg/jiant.png [运行时间：0.335557s][吞吐率：2.98req/s] [内存消耗：2,547.85kb] [文件加载：40]
[ info ] [ LANG ] C:\wamp64\www\anmo\thinkphp\lang\zh-cn.php
[ info ] [ ROUTE ] array (
  'type' => 'module',
  'module' => 
  array (
    0 => 'static',
    1 => 'admin',
    2 => 'image',
  ),
)
[ info ] [ HEADER ] array (
  'host' => 'www.anmo.com',
  'connection' => 'keep-alive',
  'user-agent' => 'Mozilla/5.0 (Linux; Android 5.1.1; Nexus 6 Build/LYZ28E) AppleWebKit/537.36 (KHTML, like Gecko) Chrome/61.0.3163.100 Mobile Safari/537.36',
  'accept' => 'image/webp,image/apng,image/*,*/*;q=0.8',
  'referer' => 'http://www.anmo.com/static/admin/css/style-metro.css',
  'accept-encoding' => 'gzip, deflate',
  'accept-language' => 'zh-CN,zh;q=0.8',
  'cookie' => 'PHPSESSID=ti4g8grd5sv2vaflm7djtn7st5',
)
[ info ] [ PARAM ] array (
  'bg' => 'jiant.png',
)
[ info ] [ LOG ] INIT File
---------------------------------------------------------------
[ 2017-10-31T14:53:09+08:00 ] 127.0.0.1 127.0.0.1 GET /static/admin/image/favicon.ico
[ info ] www.anmo.com/static/admin/image/favicon.ico [运行时间：0.065081s][吞吐率：15.37req/s] [内存消耗：2,546.72kb] [文件加载：40]
[ info ] [ LANG ] C:\wamp64\www\anmo\thinkphp\lang\zh-cn.php
[ info ] [ ROUTE ] array (
  'type' => 'module',
  'module' => 
  array (
    0 => 'static',
    1 => 'admin',
    2 => 'image',
  ),
)
[ info ] [ HEADER ] array (
  'host' => 'www.anmo.com',
  'connection' => 'keep-alive',
  'user-agent' => 'Mozilla/5.0 (Linux; Android 5.1.1; Nexus 6 Build/LYZ28E) AppleWebKit/537.36 (KHTML, like Gecko) Chrome/61.0.3163.100 Mobile Safari/537.36',
  'accept' => 'image/webp,image/apng,image/*,*/*;q=0.8',
  'referer' => 'http://www.anmo.com/admin/index/login.html',
  'accept-encoding' => 'gzip, deflate',
  'accept-language' => 'zh-CN,zh;q=0.8',
  'cookie' => 'PHPSESSID=ti4g8grd5sv2vaflm7djtn7st5',
)
[ info ] [ PARAM ] array (
)
[ info ] [ LOG ] INIT File
---------------------------------------------------------------
[ 2017-10-31T14:53:12+08:00 ] 127.0.0.1 127.0.0.1 POST /admin/Index/loginIn.html
[ info ] www.anmo.com/admin/Index/loginIn.html [运行时间：0.522399s][吞吐率：1.91req/s] [内存消耗：5,161.96kb] [文件加载：57]
[ info ] [ LANG ] C:\wamp64\www\anmo\thinkphp\lang\zh-cn.php
[ info ] [ ROUTE ] array (
  'type' => 'module',
  'module' => 
  array (
    0 => 'admin',
    1 => 'Index',
    2 => 'loginIn',
  ),
)
[ info ] [ HEADER ] array (
  'host' => 'www.anmo.com',
  'connection' => 'keep-alive',
  'content-length' => '42',
  'cache-control' => 'max-age=0',
  'origin' => 'http://www.anmo.com',
  'upgrade-insecure-requests' => '1',
  'content-type' => 'application/x-www-form-urlencoded',
  'user-agent' => 'Mozilla/5.0 (Linux; Android 5.1.1; Nexus 6 Build/LYZ28E) AppleWebKit/537.36 (KHTML, like Gecko) Chrome/61.0.3163.100 Mobile Safari/537.36',
  'accept' => 'text/html,application/xhtml+xml,application/xml;q=0.9,image/webp,image/apng,*/*;q=0.8',
  'referer' => 'http://www.anmo.com/admin/index/login.html',
  'accept-encoding' => 'gzip, deflate',
  'accept-language' => 'zh-CN,zh;q=0.8',
  'cookie' => 'PHPSESSID=ti4g8grd5sv2vaflm7djtn7st5',
)
[ info ] [ PARAM ] array (
  'username' => 'li442',
  'password' => '123456',
  'check_code' => '',
)
[ info ] [ RUN ] app\admin\controller\Index->loginIn[ C:\wamp64\www\anmo\application\admin\controller\Index.php ]
[ info ] [ DB ] INIT mysql
[ info ] [ SESSION ] INIT array (
  'id' => '',
  'var_session_id' => '',
  'prefix' => 'think',
  'type' => '',
  'auto_start' => true,
  'expire' => 3600,
)
[ info ] [ LOG ] INIT File
[ sql ] [ DB ] CONNECT:[ UseTime:0.072553s ] mysql:dbname=anmo;host=114.55.28.85;charset=utf8
[ sql ] [ SQL ] SHOW COLUMNS FROM `staff` [ RunTime:0.042746s ]
[ sql ] [ SQL ] SELECT * FROM `staff` WHERE  `staff_name` = 'li442'  AND `password` = 'e10adc3949ba59abbe56e057f20f883e' LIMIT 1 [ RunTime:0.040060s ]
---------------------------------------------------------------
[ 2017-10-31T14:53:16+08:00 ] 127.0.0.1 127.0.0.1 GET /admin/DashBord/index.html
[ info ] www.anmo.com/admin/DashBord/index.html [运行时间：3.774359s][吞吐率：0.26req/s] [内存消耗：6,052.77kb] [文件加载：65]
[ info ] [ LANG ] C:\wamp64\www\anmo\thinkphp\lang\zh-cn.php
[ info ] [ ROUTE ] array (
  'type' => 'module',
  'module' => 
  array (
    0 => 'admin',
    1 => 'DashBord',
    2 => 'index',
  ),
)
[ info ] [ HEADER ] array (
  'host' => 'www.anmo.com',
  'connection' => 'keep-alive',
  'cache-control' => 'max-age=0',
  'upgrade-insecure-requests' => '1',
  'user-agent' => 'Mozilla/5.0 (Linux; Android 5.1.1; Nexus 6 Build/LYZ28E) AppleWebKit/537.36 (KHTML, like Gecko) Chrome/61.0.3163.100 Mobile Safari/537.36',
  'accept' => 'text/html,application/xhtml+xml,application/xml;q=0.9,image/webp,image/apng,*/*;q=0.8',
  'referer' => 'http://www.anmo.com/admin/index/login.html',
  'accept-encoding' => 'gzip, deflate',
  'accept-language' => 'zh-CN,zh;q=0.8',
  'cookie' => 'PHPSESSID=ti4g8grd5sv2vaflm7djtn7st5',
)
[ info ] [ PARAM ] array (
)
[ info ] [ SESSION ] INIT array (
  'id' => '',
  'var_session_id' => '',
  'prefix' => 'think',
  'type' => '',
  'auto_start' => true,
  'expire' => 3600,
)
[ info ] [ DB ] INIT mysql
[ info ] [ RUN ] app\admin\controller\DashBord->index[ C:\wamp64\www\anmo\application\admin\controller\DashBord.php ]
[ info ] [ VIEW ] C:\wamp64\www\anmo\public/../application/admin\view\Default\DashBord\index.html [ array (
  0 => 'backUrl',
  1 => 'controller_name',
  2 => 'action_name',
  3 => 'language',
  4 => 'website_title',
  5 => 'copy_right',
  6 => '_SideMenu',
  7 => 'count',
  8 => 'count1',
  9 => 'count2',
  10 => 'base_path',
  11 => 'arrange',
  12 => 'user_comments',
  13 => 'user',
  14 => 'store_money',
  15 => 'service_day',
  16 => 'service_month',
  17 => 'service_all',
  18 => 'return',
  19 => 'store_list',
) ]
[ info ] [ LOG ] INIT File
[ sql ] [ DB ] CONNECT:[ UseTime:0.047469s ] mysql:dbname=anmo;host=114.55.28.85;charset=utf8
[ sql ] [ SQL ] SHOW COLUMNS FROM `staff` [ RunTime:0.034218s ]
[ sql ] [ SQL ] SELECT * FROM `staff` WHERE  `staff_id` = 2 LIMIT 1 [ RunTime:0.032313s ]
[ sql ] [ SQL ] SHOW COLUMNS FROM `menu` [ RunTime:0.037480s ]
[ sql ] [ SQL ] SELECT `menu`.*,rel_role_menu.role_id as rel_role_id FROM `menu` `menu` LEFT JOIN `rel_role_menu` `rel_role_menu` ON `rel_role_menu`.`menu_id`=menu.menu_id and role_id = '1' WHERE  `parent_menu_id` = 0  AND `is_show` = 1  AND `rel_role_menu`.`role_id` IS NOT NULL ORDER BY list_order desc,menu_id asc [ RunTime:0.047535s ]
[ sql ] [ SQL ] SELECT * FROM `staff` WHERE  `staff_id` = 2 LIMIT 1 [ RunTime:0.041446s ]
[ sql ] [ SQL ] SELECT `menu`.*,rel_role_menu.role_id as rel_role_id FROM `menu` `menu` LEFT JOIN `rel_role_menu` `rel_role_menu` ON `rel_role_menu`.`menu_id`=menu.menu_id and role_id = '1' WHERE  `parent_menu_id` = 1  AND `is_show` = 1  AND `rel_role_menu`.`role_id` IS NOT NULL ORDER BY list_order desc,menu_id asc [ RunTime:0.033139s ]
[ sql ] [ SQL ] SELECT * FROM `staff` WHERE  `staff_id` = 2 LIMIT 1 [ RunTime:0.046015s ]
[ sql ] [ SQL ] SELECT `menu`.*,rel_role_menu.role_id as rel_role_id FROM `menu` `menu` LEFT JOIN `rel_role_menu` `rel_role_menu` ON `rel_role_menu`.`menu_id`=menu.menu_id and role_id = '1' WHERE  `parent_menu_id` = 54  AND `is_show` = 1  AND `rel_role_menu`.`role_id` IS NOT NULL ORDER BY list_order desc,menu_id asc [ RunTime:0.031975s ]
[ sql ] [ SQL ] SELECT * FROM `staff` WHERE  `staff_id` = 2 LIMIT 1 [ RunTime:0.032363s ]
[ sql ] [ SQL ] SELECT `menu`.*,rel_role_menu.role_id as rel_role_id FROM `menu` `menu` LEFT JOIN `rel_role_menu` `rel_role_menu` ON `rel_role_menu`.`menu_id`=menu.menu_id and role_id = '1' WHERE  `parent_menu_id` = 62  AND `is_show` = 1  AND `rel_role_menu`.`role_id` IS NOT NULL ORDER BY list_order desc,menu_id asc [ RunTime:0.033343s ]
[ sql ] [ SQL ] SELECT * FROM `staff` WHERE  `staff_id` = 2 LIMIT 1 [ RunTime:0.058316s ]
[ sql ] [ SQL ] SELECT `menu`.*,rel_role_menu.role_id as rel_role_id FROM `menu` `menu` LEFT JOIN `rel_role_menu` `rel_role_menu` ON `rel_role_menu`.`menu_id`=menu.menu_id and role_id = '1' WHERE  `parent_menu_id` = 8  AND `is_show` = 1  AND `rel_role_menu`.`role_id` IS NOT NULL ORDER BY list_order desc,menu_id asc [ RunTime:0.033171s ]
[ sql ] [ SQL ] SELECT * FROM `staff` WHERE  `staff_id` = 2 LIMIT 1 [ RunTime:0.034518s ]
[ sql ] [ SQL ] SELECT `menu`.*,rel_role_menu.role_id as rel_role_id FROM `menu` `menu` LEFT JOIN `rel_role_menu` `rel_role_menu` ON `rel_role_menu`.`menu_id`=menu.menu_id and role_id = '1' WHERE  `parent_menu_id` = 4  AND `is_show` = 1  AND `rel_role_menu`.`role_id` IS NOT NULL ORDER BY list_order desc,menu_id asc [ RunTime:0.032398s ]
[ sql ] [ SQL ] SELECT * FROM `staff` WHERE  `staff_id` = 2 LIMIT 1 [ RunTime:0.040945s ]
[ sql ] [ SQL ] SELECT `menu`.*,rel_role_menu.role_id as rel_role_id FROM `menu` `menu` LEFT JOIN `rel_role_menu` `rel_role_menu` ON `rel_role_menu`.`menu_id`=menu.menu_id and role_id = '1' WHERE  `parent_menu_id` = 69  AND `is_show` = 1  AND `rel_role_menu`.`role_id` IS NOT NULL ORDER BY list_order desc,menu_id asc [ RunTime:0.055260s ]
[ sql ] [ SQL ] SHOW COLUMNS FROM `arrange` [ RunTime:0.030483s ]
[ sql ] [ SQL ] SELECT COUNT(*) AS tp_count FROM `arrange` WHERE  `status` = 1 LIMIT 1 [ RunTime:0.033784s ]
[ sql ] [ SQL ] SHOW COLUMNS FROM `order` [ RunTime:0.031947s ]
[ sql ] [ SQL ] SELECT COUNT(*) AS tp_count FROM `order` WHERE  `status` = 1 LIMIT 1 [ RunTime:0.041701s ]
[ sql ] [ SQL ] SELECT SUM(total_price) AS tp_sum FROM `arrange` LIMIT 1 [ RunTime:0.032405s ]
[ sql ] [ SQL ] SELECT COUNT(*) AS tp_count FROM `arrange` WHERE  `status` <> 5 LIMIT 1 [ RunTime:0.047941s ]
[ sql ] [ SQL ] SHOW COLUMNS FROM `comment` [ RunTime:0.030482s ]
[ sql ] [ SQL ] SELECT COUNT(*) AS tp_count FROM `comment` `comment` LEFT JOIN `store` `store` ON `store`.`store_id`=`comment`.`store_id` LEFT JOIN `project` `project` ON `project`.`project_id`=`comment`.`project_id` LEFT JOIN `user` `user` ON `user`.`user_no`=`comment`.`user_no` ORDER BY comment.add_ts desc LIMIT 1 [ RunTime:0.041669s ]
[ sql ] [ SQL ] SHOW COLUMNS FROM `user` [ RunTime:0.031619s ]
[ sql ] [ SQL ] SELECT COUNT(*) AS tp_count FROM `user` WHERE  `status` = 1 LIMIT 1 [ RunTime:0.031158s ]
[ sql ] [ SQL ] SHOW COLUMNS FROM `store` [ RunTime:0.041051s ]
[ sql ] [ SQL ] SELECT * FROM `store` WHERE  `status` = 1 [ RunTime:0.030393s ]
[ sql ] [ SQL ] SELECT sum(actual_price) as aa FROM `arrange` `arrange` LEFT JOIN `store` `store` ON `store`.`store_id`=`arrange`.`store_id` WHERE  FROM_UNIXTIME(arrange.add_ts,'%Y-%m-%d') = '2017-10-01'  AND `store`.`store_id` = 2  AND `order_type` IN (1,2) GROUP BY FROM_UNIXTIME(arrange.add_ts,'%Y-%m-%d') LIMIT 1 [ RunTime:0.037179s ]
[ sql ] [ SQL ] SELECT sum(actual_price) as aa FROM `arrange` `arrange` LEFT JOIN `store` `store` ON `store`.`store_id`=`arrange`.`store_id` WHERE  FROM_UNIXTIME(arrange.add_ts,'%Y-%m-%d') = '2017-10-02'  AND `store`.`store_id` = 2  AND `order_type` IN (1,2) GROUP BY FROM_UNIXTIME(arrange.add_ts,'%Y-%m-%d') LIMIT 1 [ RunTime:0.034301s ]
[ sql ] [ SQL ] SELECT sum(actual_price) as aa FROM `arrange` `arrange` LEFT JOIN `store` `store` ON `store`.`store_id`=`arrange`.`store_id` WHERE  FROM_UNIXTIME(arrange.add_ts,'%Y-%m-%d') = '2017-10-03'  AND `store`.`store_id` = 2  AND `order_type` IN (1,2) GROUP BY FROM_UNIXTIME(arrange.add_ts,'%Y-%m-%d') LIMIT 1 [ RunTime:0.029846s ]
[ sql ] [ SQL ] SELECT sum(actual_price) as aa FROM `arrange` `arrange` LEFT JOIN `store` `store` ON `store`.`store_id`=`arrange`.`store_id` WHERE  FROM_UNIXTIME(arrange.add_ts,'%Y-%m-%d') = '2017-10-04'  AND `store`.`store_id` = 2  AND `order_type` IN (1,2) GROUP BY FROM_UNIXTIME(arrange.add_ts,'%Y-%m-%d') LIMIT 1 [ RunTime:0.032571s ]
[ sql ] [ SQL ] SELECT sum(actual_price) as aa FROM `arrange` `arrange` LEFT JOIN `store` `store` ON `store`.`store_id`=`arrange`.`store_id` WHERE  FROM_UNIXTIME(arrange.add_ts,'%Y-%m-%d') = '2017-10-05'  AND `store`.`store_id` = 2  AND `order_type` IN (1,2) GROUP BY FROM_UNIXTIME(arrange.add_ts,'%Y-%m-%d') LIMIT 1 [ RunTime:0.032392s ]
[ sql ] [ SQL ] SELECT sum(actual_price) as aa FROM `arrange` `arrange` LEFT JOIN `store` `store` ON `store`.`store_id`=`arrange`.`store_id` WHERE  FROM_UNIXTIME(arrange.add_ts,'%Y-%m-%d') = '2017-10-06'  AND `store`.`store_id` = 2  AND `order_type` IN (1,2) GROUP BY FROM_UNIXTIME(arrange.add_ts,'%Y-%m-%d') LIMIT 1 [ RunTime:0.043076s ]
[ sql ] [ SQL ] SELECT sum(actual_price) as aa FROM `arrange` `arrange` LEFT JOIN `store` `store` ON `store`.`store_id`=`arrange`.`store_id` WHERE  FROM_UNIXTIME(arrange.add_ts,'%Y-%m-%d') = '2017-10-07'  AND `store`.`store_id` = 2  AND `order_type` IN (1,2) GROUP BY FROM_UNIXTIME(arrange.add_ts,'%Y-%m-%d') LIMIT 1 [ RunTime:0.033069s ]
[ sql ] [ SQL ] SELECT sum(actual_price) as aa FROM `arrange` `arrange` LEFT JOIN `store` `store` ON `store`.`store_id`=`arrange`.`store_id` WHERE  FROM_UNIXTIME(arrange.add_ts,'%Y-%m-%d') = '2017-10-08'  AND `store`.`store_id` = 2  AND `order_type` IN (1,2) GROUP BY FROM_UNIXTIME(arrange.add_ts,'%Y-%m-%d') LIMIT 1 [ RunTime:0.037551s ]
[ sql ] [ SQL ] SELECT sum(actual_price) as aa FROM `arrange` `arrange` LEFT JOIN `store` `store` ON `store`.`store_id`=`arrange`.`store_id` WHERE  FROM_UNIXTIME(arrange.add_ts,'%Y-%m-%d') = '2017-10-09'  AND `store`.`store_id` = 2  AND `order_type` IN (1,2) GROUP BY FROM_UNIXTIME(arrange.add_ts,'%Y-%m-%d') LIMIT 1 [ RunTime:0.029367s ]
[ sql ] [ SQL ] SELECT sum(actual_price) as aa FROM `arrange` `arrange` LEFT JOIN `store` `store` ON `store`.`store_id`=`arrange`.`store_id` WHERE  FROM_UNIXTIME(arrange.add_ts,'%Y-%m-%d') = '2017-10-10'  AND `store`.`store_id` = 2  AND `order_type` IN (1,2) GROUP BY FROM_UNIXTIME(arrange.add_ts,'%Y-%m-%d') LIMIT 1 [ RunTime:0.030339s ]
[ sql ] [ SQL ] SELECT sum(actual_price) as aa FROM `arrange` `arrange` LEFT JOIN `store` `store` ON `store`.`store_id`=`arrange`.`store_id` WHERE  FROM_UNIXTIME(arrange.add_ts,'%Y-%m-%d') = '2017-10-11'  AND `store`.`store_id` = 2  AND `order_type` IN (1,2) GROUP BY FROM_UNIXTIME(arrange.add_ts,'%Y-%m-%d') LIMIT 1 [ RunTime:0.029898s ]
[ sql ] [ SQL ] SELECT sum(actual_price) as aa FROM `arrange` `arrange` LEFT JOIN `store` `store` ON `store`.`store_id`=`arrange`.`store_id` WHERE  FROM_UNIXTIME(arrange.add_ts,'%Y-%m-%d') = '2017-10-12'  AND `store`.`store_id` = 2  AND `order_type` IN (1,2) GROUP BY FROM_UNIXTIME(arrange.add_ts,'%Y-%m-%d') LIMIT 1 [ RunTime:0.054055s ]
[ sql ] [ SQL ] SELECT sum(actual_price) as aa FROM `arrange` `arrange` LEFT JOIN `store` `store` ON `store`.`store_id`=`arrange`.`store_id` WHERE  FROM_UNIXTIME(arrange.add_ts,'%Y-%m-%d') = '2017-10-13'  AND `store`.`store_id` = 2  AND `order_type` IN (1,2) GROUP BY FROM_UNIXTIME(arrange.add_ts,'%Y-%m-%d') LIMIT 1 [ RunTime:0.031821s ]
[ sql ] [ SQL ] SELECT sum(actual_price) as aa FROM `arrange` `arrange` LEFT JOIN `store` `store` ON `store`.`store_id`=`arrange`.`store_id` WHERE  FROM_UNIXTIME(arrange.add_ts,'%Y-%m-%d') = '2017-10-14'  AND `store`.`store_id` = 2  AND `order_type` IN (1,2) GROUP BY FROM_UNIXTIME(arrange.add_ts,'%Y-%m-%d') LIMIT 1 [ RunTime:0.042582s ]
[ sql ] [ SQL ] SELECT sum(actual_price) as aa FROM `arrange` `arrange` LEFT JOIN `store` `store` ON `store`.`store_id`=`arrange`.`store_id` WHERE  FROM_UNIXTIME(arrange.add_ts,'%Y-%m-%d') = '2017-10-15'  AND `store`.`store_id` = 2  AND `order_type` IN (1,2) GROUP BY FROM_UNIXTIME(arrange.add_ts,'%Y-%m-%d') LIMIT 1 [ RunTime:0.031208s ]
[ sql ] [ SQL ] SELECT sum(actual_price) as aa FROM `arrange` `arrange` LEFT JOIN `store` `store` ON `store`.`store_id`=`arrange`.`store_id` WHERE  FROM_UNIXTIME(arrange.add_ts,'%Y-%m-%d') = '2017-10-16'  AND `store`.`store_id` = 2  AND `order_type` IN (1,2) GROUP BY FROM_UNIXTIME(arrange.add_ts,'%Y-%m-%d') LIMIT 1 [ RunTime:0.032609s ]
[ sql ] [ SQL ] SELECT sum(actual_price) as aa FROM `arrange` `arrange` LEFT JOIN `store` `store` ON `store`.`store_id`=`arrange`.`store_id` WHERE  FROM_UNIXTIME(arrange.add_ts,'%Y-%m-%d') = '2017-10-17'  AND `store`.`store_id` = 2  AND `order_type` IN (1,2) GROUP BY FROM_UNIXTIME(arrange.add_ts,'%Y-%m-%d') LIMIT 1 [ RunTime:0.031612s ]
[ sql ] [ SQL ] SELECT sum(actual_price) as aa FROM `arrange` `arrange` LEFT JOIN `store` `store` ON `store`.`store_id`=`arrange`.`store_id` WHERE  FROM_UNIXTIME(arrange.add_ts,'%Y-%m-%d') = '2017-10-18'  AND `store`.`store_id` = 2  AND `order_type` IN (1,2) GROUP BY FROM_UNIXTIME(arrange.add_ts,'%Y-%m-%d') LIMIT 1 [ RunTime:0.034079s ]
[ sql ] [ SQL ] SELECT sum(actual_price) as aa FROM `arrange` `arrange` LEFT JOIN `store` `store` ON `store`.`store_id`=`arrange`.`store_id` WHERE  FROM_UNIXTIME(arrange.add_ts,'%Y-%m-%d') = '2017-10-19'  AND `store`.`store_id` = 2  AND `order_type` IN (1,2) GROUP BY FROM_UNIXTIME(arrange.add_ts,'%Y-%m-%d') LIMIT 1 [ RunTime:0.030336s ]
[ sql ] [ SQL ] SELECT sum(actual_price) as aa FROM `arrange` `arrange` LEFT JOIN `store` `store` ON `store`.`store_id`=`arrange`.`store_id` WHERE  FROM_UNIXTIME(arrange.add_ts,'%Y-%m-%d') = '2017-10-20'  AND `store`.`store_id` = 2  AND `order_type` IN (1,2) GROUP BY FROM_UNIXTIME(arrange.add_ts,'%Y-%m-%d') LIMIT 1 [ RunTime:0.052379s ]
[ sql ] [ SQL ] SELECT sum(actual_price) as aa FROM `arrange` `arrange` LEFT JOIN `store` `store` ON `store`.`store_id`=`arrange`.`store_id` WHERE  FROM_UNIXTIME(arrange.add_ts,'%Y-%m-%d') = '2017-10-21'  AND `store`.`store_id` = 2  AND `order_type` IN (1,2) GROUP BY FROM_UNIXTIME(arrange.add_ts,'%Y-%m-%d') LIMIT 1 [ RunTime:0.037276s ]
[ sql ] [ SQL ] SELECT sum(actual_price) as aa FROM `arrange` `arrange` LEFT JOIN `store` `store` ON `store`.`store_id`=`arrange`.`store_id` WHERE  FROM_UNIXTIME(arrange.add_ts,'%Y-%m-%d') = '2017-10-22'  AND `store`.`store_id` = 2  AND `order_type` IN (1,2) GROUP BY FROM_UNIXTIME(arrange.add_ts,'%Y-%m-%d') LIMIT 1 [ RunTime:0.032657s ]
[ sql ] [ SQL ] SELECT sum(actual_price) as aa FROM `arrange` `arrange` LEFT JOIN `store` `store` ON `store`.`store_id`=`arrange`.`store_id` WHERE  FROM_UNIXTIME(arrange.add_ts,'%Y-%m-%d') = '2017-10-23'  AND `store`.`store_id` = 2  AND `order_type` IN (1,2) GROUP BY FROM_UNIXTIME(arrange.add_ts,'%Y-%m-%d') LIMIT 1 [ RunTime:0.030669s ]
[ sql ] [ SQL ] SELECT sum(actual_price) as aa FROM `arrange` `arrange` LEFT JOIN `store` `store` ON `store`.`store_id`=`arrange`.`store_id` WHERE  FROM_UNIXTIME(arrange.add_ts,'%Y-%m-%d') = '2017-10-24'  AND `store`.`store_id` = 2  AND `order_type` IN (1,2) GROUP BY FROM_UNIXTIME(arrange.add_ts,'%Y-%m-%d') LIMIT 1 [ RunTime:0.052653s ]
[ sql ] [ SQL ] SELECT sum(actual_price) as aa FROM `arrange` `arrange` LEFT JOIN `store` `store` ON `store`.`store_id`=`arrange`.`store_id` WHERE  FROM_UNIXTIME(arrange.add_ts,'%Y-%m-%d') = '2017-10-25'  AND `store`.`store_id` = 2  AND `order_type` IN (1,2) GROUP BY FROM_UNIXTIME(arrange.add_ts,'%Y-%m-%d') LIMIT 1 [ RunTime:0.034268s ]
[ sql ] [ SQL ] SELECT sum(actual_price) as aa FROM `arrange` `arrange` LEFT JOIN `store` `store` ON `store`.`store_id`=`arrange`.`store_id` WHERE  FROM_UNIXTIME(arrange.add_ts,'%Y-%m-%d') = '2017-10-26'  AND `store`.`store_id` = 2  AND `order_type` IN (1,2) GROUP BY FROM_UNIXTIME(arrange.add_ts,'%Y-%m-%d') LIMIT 1 [ RunTime:0.029959s ]
[ sql ] [ SQL ] SELECT sum(actual_price) as aa FROM `arrange` `arrange` LEFT JOIN `store` `store` ON `store`.`store_id`=`arrange`.`store_id` WHERE  FROM_UNIXTIME(arrange.add_ts,'%Y-%m-%d') = '2017-10-27'  AND `store`.`store_id` = 2  AND `order_type` IN (1,2) GROUP BY FROM_UNIXTIME(arrange.add_ts,'%Y-%m-%d') LIMIT 1 [ RunTime:0.032836s ]
[ sql ] [ SQL ] SELECT sum(actual_price) as aa FROM `arrange` `arrange` LEFT JOIN `store` `store` ON `store`.`store_id`=`arrange`.`store_id` WHERE  FROM_UNIXTIME(arrange.add_ts,'%Y-%m-%d') = '2017-10-28'  AND `store`.`store_id` = 2  AND `order_type` IN (1,2) GROUP BY FROM_UNIXTIME(arrange.add_ts,'%Y-%m-%d') LIMIT 1 [ RunTime:0.032311s ]
[ sql ] [ SQL ] SELECT sum(actual_price) as aa FROM `arrange` `arrange` LEFT JOIN `store` `store` ON `store`.`store_id`=`arrange`.`store_id` WHERE  FROM_UNIXTIME(arrange.add_ts,'%Y-%m-%d') = '2017-10-29'  AND `store`.`store_id` = 2  AND `order_type` IN (1,2) GROUP BY FROM_UNIXTIME(arrange.add_ts,'%Y-%m-%d') LIMIT 1 [ RunTime:0.037338s ]
[ sql ] [ SQL ] SELECT sum(actual_price) as aa FROM `arrange` `arrange` LEFT JOIN `store` `store` ON `store`.`store_id`=`arrange`.`store_id` WHERE  FROM_UNIXTIME(arrange.add_ts,'%Y-%m-%d') = '2017-10-30'  AND `store`.`store_id` = 2  AND `order_type` IN (1,2) GROUP BY FROM_UNIXTIME(arrange.add_ts,'%Y-%m-%d') LIMIT 1 [ RunTime:0.033429s ]
[ sql ] [ SQL ] SELECT sum(actual_price) as aa FROM `arrange` `arrange` LEFT JOIN `store` `store` ON `store`.`store_id`=`arrange`.`store_id` WHERE  FROM_UNIXTIME(arrange.add_ts,'%Y-%m-%d') = '2017-10-31'  AND `store`.`store_id` = 2  AND `order_type` IN (1,2) GROUP BY FROM_UNIXTIME(arrange.add_ts,'%Y-%m-%d') LIMIT 1 [ RunTime:0.037034s ]
[ sql ] [ SQL ] SHOW COLUMNS FROM `type` [ RunTime:0.029754s ]
[ sql ] [ SQL ] SELECT * FROM `type` WHERE  `status` = 1 [ RunTime:0.030315s ]
[ sql ] [ SQL ] SELECT COUNT(actual_price) AS tp_count FROM `arrange` `arrange` LEFT JOIN `project` `project` ON `project`.`project_id`=`arrange`.`project_id` LEFT JOIN `type` `type` ON `type`.`type_id`=`project`.`type_id` WHERE  FROM_UNIXTIME(arrange.add_ts,'%Y-%m-%d') = '2017-10-31'  AND `project`.`type_id` = 1  AND `order_type` IN (1,2) LIMIT 1 [ RunTime:0.042947s ]
[ sql ] [ SQL ] SELECT COUNT(actual_price) AS tp_count FROM `arrange` `arrange` LEFT JOIN `project` `project` ON `project`.`project_id`=`arrange`.`project_id` LEFT JOIN `type` `type` ON `type`.`type_id`=`project`.`type_id` WHERE  FROM_UNIXTIME(arrange.add_ts,'%Y-%m-%d') = '2017-10-31'  AND `project`.`type_id` = 2  AND `order_type` IN (1,2) LIMIT 1 [ RunTime:0.031676s ]
[ sql ] [ SQL ] SELECT COUNT(actual_price) AS tp_count FROM `arrange` `arrange` LEFT JOIN `project` `project` ON `project`.`project_id`=`arrange`.`project_id` LEFT JOIN `type` `type` ON `type`.`type_id`=`project`.`type_id` WHERE  FROM_UNIXTIME(arrange.add_ts,'%Y-%m-%d') = '2017-10-31'  AND `project`.`type_id` = 3  AND `order_type` IN (1,2) LIMIT 1 [ RunTime:0.029314s ]
[ sql ] [ SQL ] SELECT COUNT(actual_price) AS tp_count FROM `arrange` `arrange` LEFT JOIN `project` `project` ON `project`.`project_id`=`arrange`.`project_id` LEFT JOIN `type` `type` ON `type`.`type_id`=`project`.`type_id` WHERE  FROM_UNIXTIME(arrange.add_ts,'%Y-%m-%d') = '2017-10-31'  AND `project`.`type_id` = 4  AND `order_type` IN (1,2) LIMIT 1 [ RunTime:0.044649s ]
[ sql ] [ SQL ] SELECT * FROM `type` WHERE  `status` = 1 [ RunTime:0.036396s ]
[ sql ] [ SQL ] SELECT COUNT(actual_price) AS tp_count FROM `arrange` `arrange` LEFT JOIN `project` `project` ON `project`.`project_id`=`arrange`.`project_id` LEFT JOIN `type` `type` ON `type`.`type_id`=`project`.`type_id` WHERE  FROM_UNIXTIME(arrange.add_ts,'%Y-%m-%d') BETWEEN '2017-10-30' AND '2017-11-05'  AND `project`.`type_id` = 1  AND `order_type` IN (1,2) LIMIT 1 [ RunTime:0.032020s ]
[ sql ] [ SQL ] SELECT COUNT(actual_price) AS tp_count FROM `arrange` `arrange` LEFT JOIN `project` `project` ON `project`.`project_id`=`arrange`.`project_id` LEFT JOIN `type` `type` ON `type`.`type_id`=`project`.`type_id` WHERE  FROM_UNIXTIME(arrange.add_ts,'%Y-%m-%d') BETWEEN '2017-10-30' AND '2017-11-05'  AND `project`.`type_id` = 2  AND `order_type` IN (1,2) LIMIT 1 [ RunTime:0.030167s ]
[ sql ] [ SQL ] SELECT COUNT(actual_price) AS tp_count FROM `arrange` `arrange` LEFT JOIN `project` `project` ON `project`.`project_id`=`arrange`.`project_id` LEFT JOIN `type` `type` ON `type`.`type_id`=`project`.`type_id` WHERE  FROM_UNIXTIME(arrange.add_ts,'%Y-%m-%d') BETWEEN '2017-10-30' AND '2017-11-05'  AND `project`.`type_id` = 3  AND `order_type` IN (1,2) LIMIT 1 [ RunTime:0.030870s ]
[ sql ] [ SQL ] SELECT COUNT(actual_price) AS tp_count FROM `arrange` `arrange` LEFT JOIN `project` `project` ON `project`.`project_id`=`arrange`.`project_id` LEFT JOIN `type` `type` ON `type`.`type_id`=`project`.`type_id` WHERE  FROM_UNIXTIME(arrange.add_ts,'%Y-%m-%d') BETWEEN '2017-10-30' AND '2017-11-05'  AND `project`.`type_id` = 4  AND `order_type` IN (1,2) LIMIT 1 [ RunTime:0.033592s ]
[ sql ] [ SQL ] SELECT * FROM `type` WHERE  `status` = 1 [ RunTime:0.033233s ]
[ sql ] [ SQL ] SELECT COUNT(actual_price) AS tp_count FROM `arrange` `arrange` LEFT JOIN `project` `project` ON `project`.`project_id`=`arrange`.`project_id` LEFT JOIN `type` `type` ON `type`.`type_id`=`project`.`type_id` WHERE  FROM_UNIXTIME(arrange.add_ts,'%Y-%m') = '2017-10'  AND `project`.`type_id` = 1  AND `order_type` IN (1,2) LIMIT 1 [ RunTime:0.033826s ]
[ sql ] [ SQL ] SELECT COUNT(actual_price) AS tp_count FROM `arrange` `arrange` LEFT JOIN `project` `project` ON `project`.`project_id`=`arrange`.`project_id` LEFT JOIN `type` `type` ON `type`.`type_id`=`project`.`type_id` WHERE  FROM_UNIXTIME(arrange.add_ts,'%Y-%m') = '2017-10'  AND `project`.`type_id` = 2  AND `order_type` IN (1,2) LIMIT 1 [ RunTime:0.035479s ]
[ sql ] [ SQL ] SELECT COUNT(actual_price) AS tp_count FROM `arrange` `arrange` LEFT JOIN `project` `project` ON `project`.`project_id`=`arrange`.`project_id` LEFT JOIN `type` `type` ON `type`.`type_id`=`project`.`type_id` WHERE  FROM_UNIXTIME(arrange.add_ts,'%Y-%m') = '2017-10'  AND `project`.`type_id` = 3  AND `order_type` IN (1,2) LIMIT 1 [ RunTime:0.033341s ]
[ sql ] [ SQL ] SELECT COUNT(actual_price) AS tp_count FROM `arrange` `arrange` LEFT JOIN `project` `project` ON `project`.`project_id`=`arrange`.`project_id` LEFT JOIN `type` `type` ON `type`.`type_id`=`project`.`type_id` WHERE  FROM_UNIXTIME(arrange.add_ts,'%Y-%m') = '2017-10'  AND `project`.`type_id` = 4  AND `order_type` IN (1,2) LIMIT 1 [ RunTime:0.043152s ]
[ sql ] [ SQL ] SELECT FROM_UNIXTIME(add_ts,'%Y%m%d') as add_time,sum(actual_price) as total_price FROM `arrange` WHERE  `add_ts` BETWEEN 1506787200 AND 1509379200 GROUP BY add_time [ RunTime:0.030835s ]
[ sql ] [ SQL ] SELECT * FROM `store` WHERE  `status` = 1 [ RunTime:0.033900s ]
---------------------------------------------------------------
[ 2017-10-31T14:53:16+08:00 ] 127.0.0.1 127.0.0.1 POST /admin/Index/loginIn.html
[ info ] www.anmo.com/admin/Index/loginIn.html [运行时间：1.872328s][吞吐率：0.53req/s] [内存消耗：5,161.96kb] [文件加载：57]
[ info ] [ LANG ] C:\wamp64\www\anmo\thinkphp\lang\zh-cn.php
[ info ] [ ROUTE ] array (
  'type' => 'module',
  'module' => 
  array (
    0 => 'admin',
    1 => 'Index',
    2 => 'loginIn',
  ),
)
[ info ] [ HEADER ] array (
  'host' => 'www.anmo.com',
  'connection' => 'keep-alive',
  'content-length' => '42',
  'cache-control' => 'max-age=0',
  'origin' => 'http://www.anmo.com',
  'upgrade-insecure-requests' => '1',
  'content-type' => 'application/x-www-form-urlencoded',
  'user-agent' => 'Mozilla/5.0 (Linux; Android 5.1.1; Nexus 6 Build/LYZ28E) AppleWebKit/537.36 (KHTML, like Gecko) Chrome/61.0.3163.100 Mobile Safari/537.36',
  'accept' => 'text/html,application/xhtml+xml,application/xml;q=0.9,image/webp,image/apng,*/*;q=0.8',
  'referer' => 'http://www.anmo.com/admin/index/login.html',
  'accept-encoding' => 'gzip, deflate',
  'accept-language' => 'zh-CN,zh;q=0.8',
  'cookie' => 'PHPSESSID=ti4g8grd5sv2vaflm7djtn7st5',
)
[ info ] [ PARAM ] array (
  'username' => 'li442',
  'password' => '123456',
  'check_code' => '',
)
[ info ] [ RUN ] app\admin\controller\Index->loginIn[ C:\wamp64\www\anmo\application\admin\controller\Index.php ]
[ info ] [ DB ] INIT mysql
[ info ] [ SESSION ] INIT array (
  'id' => '',
  'var_session_id' => '',
  'prefix' => 'think',
  'type' => '',
  'auto_start' => true,
  'expire' => 3600,
)
[ info ] [ LOG ] INIT File
[ sql ] [ DB ] CONNECT:[ UseTime:0.052091s ] mysql:dbname=anmo;host=114.55.28.85;charset=utf8
[ sql ] [ SQL ] SHOW COLUMNS FROM `staff` [ RunTime:0.041287s ]
[ sql ] [ SQL ] SELECT * FROM `staff` WHERE  `staff_name` = 'li442'  AND `password` = 'e10adc3949ba59abbe56e057f20f883e' LIMIT 1 [ RunTime:0.039524s ]
---------------------------------------------------------------
[ 2017-10-31T14:53:16+08:00 ] 127.0.0.1 127.0.0.1 POST /admin/Index/loginIn.html
[ info ] www.anmo.com/admin/Index/loginIn.html [运行时间：1.351669s][吞吐率：0.74req/s] [内存消耗：5,161.96kb] [文件加载：57]
[ info ] [ LANG ] C:\wamp64\www\anmo\thinkphp\lang\zh-cn.php
[ info ] [ ROUTE ] array (
  'type' => 'module',
  'module' => 
  array (
    0 => 'admin',
    1 => 'Index',
    2 => 'loginIn',
  ),
)
[ info ] [ HEADER ] array (
  'host' => 'www.anmo.com',
  'connection' => 'keep-alive',
  'content-length' => '42',
  'cache-control' => 'max-age=0',
  'origin' => 'http://www.anmo.com',
  'upgrade-insecure-requests' => '1',
  'content-type' => 'application/x-www-form-urlencoded',
  'user-agent' => 'Mozilla/5.0 (Linux; Android 5.1.1; Nexus 6 Build/LYZ28E) AppleWebKit/537.36 (KHTML, like Gecko) Chrome/61.0.3163.100 Mobile Safari/537.36',
  'accept' => 'text/html,application/xhtml+xml,application/xml;q=0.9,image/webp,image/apng,*/*;q=0.8',
  'referer' => 'http://www.anmo.com/admin/index/login.html',
  'accept-encoding' => 'gzip, deflate',
  'accept-language' => 'zh-CN,zh;q=0.8',
  'cookie' => 'PHPSESSID=ti4g8grd5sv2vaflm7djtn7st5',
)
[ info ] [ PARAM ] array (
  'username' => 'li442',
  'password' => '123456',
  'check_code' => '',
)
[ info ] [ RUN ] app\admin\controller\Index->loginIn[ C:\wamp64\www\anmo\application\admin\controller\Index.php ]
[ info ] [ DB ] INIT mysql
[ info ] [ SESSION ] INIT array (
  'id' => '',
  'var_session_id' => '',
  'prefix' => 'think',
  'type' => '',
  'auto_start' => true,
  'expire' => 3600,
)
[ info ] [ LOG ] INIT File
[ sql ] [ DB ] CONNECT:[ UseTime:0.057807s ] mysql:dbname=anmo;host=114.55.28.85;charset=utf8
[ sql ] [ SQL ] SHOW COLUMNS FROM `staff` [ RunTime:0.032304s ]
[ sql ] [ SQL ] SELECT * FROM `staff` WHERE  `staff_name` = 'li442'  AND `password` = 'e10adc3949ba59abbe56e057f20f883e' LIMIT 1 [ RunTime:0.034582s ]
---------------------------------------------------------------
[ 2017-10-31T14:53:16+08:00 ] 127.0.0.1 127.0.0.1 POST /admin/Index/loginIn.html
[ info ] www.anmo.com/admin/Index/loginIn.html [运行时间：1.187010s][吞吐率：0.84req/s] [内存消耗：5,161.96kb] [文件加载：57]
[ info ] [ LANG ] C:\wamp64\www\anmo\thinkphp\lang\zh-cn.php
[ info ] [ ROUTE ] array (
  'type' => 'module',
  'module' => 
  array (
    0 => 'admin',
    1 => 'Index',
    2 => 'loginIn',
  ),
)
[ info ] [ HEADER ] array (
  'host' => 'www.anmo.com',
  'connection' => 'keep-alive',
  'content-length' => '42',
  'cache-control' => 'max-age=0',
  'origin' => 'http://www.anmo.com',
  'upgrade-insecure-requests' => '1',
  'content-type' => 'application/x-www-form-urlencoded',
  'user-agent' => 'Mozilla/5.0 (Linux; Android 5.1.1; Nexus 6 Build/LYZ28E) AppleWebKit/537.36 (KHTML, like Gecko) Chrome/61.0.3163.100 Mobile Safari/537.36',
  'accept' => 'text/html,application/xhtml+xml,application/xml;q=0.9,image/webp,image/apng,*/*;q=0.8',
  'referer' => 'http://www.anmo.com/admin/index/login.html',
  'accept-encoding' => 'gzip, deflate',
  'accept-language' => 'zh-CN,zh;q=0.8',
  'cookie' => 'PHPSESSID=ti4g8grd5sv2vaflm7djtn7st5',
)
[ info ] [ PARAM ] array (
  'username' => 'li442',
  'password' => '123456',
  'check_code' => '',
)
[ info ] [ RUN ] app\admin\controller\Index->loginIn[ C:\wamp64\www\anmo\application\admin\controller\Index.php ]
[ info ] [ DB ] INIT mysql
[ info ] [ SESSION ] INIT array (
  'id' => '',
  'var_session_id' => '',
  'prefix' => 'think',
  'type' => '',
  'auto_start' => true,
  'expire' => 3600,
)
[ info ] [ LOG ] INIT File
[ sql ] [ DB ] CONNECT:[ UseTime:0.058040s ] mysql:dbname=anmo;host=114.55.28.85;charset=utf8
[ sql ] [ SQL ] SHOW COLUMNS FROM `staff` [ RunTime:0.036281s ]
[ sql ] [ SQL ] SELECT * FROM `staff` WHERE  `staff_name` = 'li442'  AND `password` = 'e10adc3949ba59abbe56e057f20f883e' LIMIT 1 [ RunTime:0.032256s ]
---------------------------------------------------------------
[ 2017-10-31T14:53:16+08:00 ] 127.0.0.1 127.0.0.1 POST /admin/Index/loginIn.html
[ info ] www.anmo.com/admin/Index/loginIn.html [运行时间：0.976760s][吞吐率：1.02req/s] [内存消耗：5,161.96kb] [文件加载：57]
[ info ] [ LANG ] C:\wamp64\www\anmo\thinkphp\lang\zh-cn.php
[ info ] [ ROUTE ] array (
  'type' => 'module',
  'module' => 
  array (
    0 => 'admin',
    1 => 'Index',
    2 => 'loginIn',
  ),
)
[ info ] [ HEADER ] array (
  'host' => 'www.anmo.com',
  'connection' => 'keep-alive',
  'content-length' => '42',
  'cache-control' => 'max-age=0',
  'origin' => 'http://www.anmo.com',
  'upgrade-insecure-requests' => '1',
  'content-type' => 'application/x-www-form-urlencoded',
  'user-agent' => 'Mozilla/5.0 (Linux; Android 5.1.1; Nexus 6 Build/LYZ28E) AppleWebKit/537.36 (KHTML, like Gecko) Chrome/61.0.3163.100 Mobile Safari/537.36',
  'accept' => 'text/html,application/xhtml+xml,application/xml;q=0.9,image/webp,image/apng,*/*;q=0.8',
  'referer' => 'http://www.anmo.com/admin/index/login.html',
  'accept-encoding' => 'gzip, deflate',
  'accept-language' => 'zh-CN,zh;q=0.8',
  'cookie' => 'PHPSESSID=ti4g8grd5sv2vaflm7djtn7st5',
)
[ info ] [ PARAM ] array (
  'username' => 'li442',
  'password' => '123456',
  'check_code' => '',
)
[ info ] [ RUN ] app\admin\controller\Index->loginIn[ C:\wamp64\www\anmo\application\admin\controller\Index.php ]
[ info ] [ DB ] INIT mysql
[ info ] [ SESSION ] INIT array (
  'id' => '',
  'var_session_id' => '',
  'prefix' => 'think',
  'type' => '',
  'auto_start' => true,
  'expire' => 3600,
)
[ info ] [ LOG ] INIT File
[ sql ] [ DB ] CONNECT:[ UseTime:0.045630s ] mysql:dbname=anmo;host=114.55.28.85;charset=utf8
[ sql ] [ SQL ] SHOW COLUMNS FROM `staff` [ RunTime:0.034154s ]
[ sql ] [ SQL ] SELECT * FROM `staff` WHERE  `staff_name` = 'li442'  AND `password` = 'e10adc3949ba59abbe56e057f20f883e' LIMIT 1 [ RunTime:0.047461s ]
---------------------------------------------------------------
[ 2017-10-31T14:53:19+08:00 ] 127.0.0.1 127.0.0.1 GET /admin/DashBord/index.html
[ info ] www.anmo.com/admin/DashBord/index.html [运行时间：3.183073s][吞吐率：0.31req/s] [内存消耗：6,052.77kb] [文件加载：65]
[ info ] [ LANG ] C:\wamp64\www\anmo\thinkphp\lang\zh-cn.php
[ info ] [ ROUTE ] array (
  'type' => 'module',
  'module' => 
  array (
    0 => 'admin',
    1 => 'DashBord',
    2 => 'index',
  ),
)
[ info ] [ HEADER ] array (
  'host' => 'www.anmo.com',
  'connection' => 'keep-alive',
  'cache-control' => 'max-age=0',
  'upgrade-insecure-requests' => '1',
  'user-agent' => 'Mozilla/5.0 (Linux; Android 5.1.1; Nexus 6 Build/LYZ28E) AppleWebKit/537.36 (KHTML, like Gecko) Chrome/61.0.3163.100 Mobile Safari/537.36',
  'accept' => 'text/html,application/xhtml+xml,application/xml;q=0.9,image/webp,image/apng,*/*;q=0.8',
  'referer' => 'http://www.anmo.com/admin/index/login.html',
  'accept-encoding' => 'gzip, deflate',
  'accept-language' => 'zh-CN,zh;q=0.8',
  'cookie' => 'PHPSESSID=ti4g8grd5sv2vaflm7djtn7st5',
)
[ info ] [ PARAM ] array (
)
[ info ] [ SESSION ] INIT array (
  'id' => '',
  'var_session_id' => '',
  'prefix' => 'think',
  'type' => '',
  'auto_start' => true,
  'expire' => 3600,
)
[ info ] [ DB ] INIT mysql
[ info ] [ RUN ] app\admin\controller\DashBord->index[ C:\wamp64\www\anmo\application\admin\controller\DashBord.php ]
[ info ] [ VIEW ] C:\wamp64\www\anmo\public/../application/admin\view\Default\DashBord\index.html [ array (
  0 => 'backUrl',
  1 => 'controller_name',
  2 => 'action_name',
  3 => 'language',
  4 => 'website_title',
  5 => 'copy_right',
  6 => '_SideMenu',
  7 => 'count',
  8 => 'count1',
  9 => 'count2',
  10 => 'base_path',
  11 => 'arrange',
  12 => 'user_comments',
  13 => 'user',
  14 => 'store_money',
  15 => 'service_day',
  16 => 'service_month',
  17 => 'service_all',
  18 => 'return',
  19 => 'store_list',
) ]
[ info ] [ LOG ] INIT File
[ sql ] [ DB ] CONNECT:[ UseTime:0.049959s ] mysql:dbname=anmo;host=114.55.28.85;charset=utf8
[ sql ] [ SQL ] SHOW COLUMNS FROM `staff` [ RunTime:0.031966s ]
[ sql ] [ SQL ] SELECT * FROM `staff` WHERE  `staff_id` = 2 LIMIT 1 [ RunTime:0.032399s ]
[ sql ] [ SQL ] SHOW COLUMNS FROM `menu` [ RunTime:0.040547s ]
[ sql ] [ SQL ] SELECT `menu`.*,rel_role_menu.role_id as rel_role_id FROM `menu` `menu` LEFT JOIN `rel_role_menu` `rel_role_menu` ON `rel_role_menu`.`menu_id`=menu.menu_id and role_id = '1' WHERE  `parent_menu_id` = 0  AND `is_show` = 1  AND `rel_role_menu`.`role_id` IS NOT NULL ORDER BY list_order desc,menu_id asc [ RunTime:0.040244s ]
[ sql ] [ SQL ] SELECT * FROM `staff` WHERE  `staff_id` = 2 LIMIT 1 [ RunTime:0.042430s ]
[ sql ] [ SQL ] SELECT `menu`.*,rel_role_menu.role_id as rel_role_id FROM `menu` `menu` LEFT JOIN `rel_role_menu` `rel_role_menu` ON `rel_role_menu`.`menu_id`=menu.menu_id and role_id = '1' WHERE  `parent_menu_id` = 1  AND `is_show` = 1  AND `rel_role_menu`.`role_id` IS NOT NULL ORDER BY list_order desc,menu_id asc [ RunTime:0.043738s ]
[ sql ] [ SQL ] SELECT * FROM `staff` WHERE  `staff_id` = 2 LIMIT 1 [ RunTime:0.032893s ]
[ sql ] [ SQL ] SELECT `menu`.*,rel_role_menu.role_id as rel_role_id FROM `menu` `menu` LEFT JOIN `rel_role_menu` `rel_role_menu` ON `rel_role_menu`.`menu_id`=menu.menu_id and role_id = '1' WHERE  `parent_menu_id` = 54  AND `is_show` = 1  AND `rel_role_menu`.`role_id` IS NOT NULL ORDER BY list_order desc,menu_id asc [ RunTime:0.040804s ]
[ sql ] [ SQL ] SELECT * FROM `staff` WHERE  `staff_id` = 2 LIMIT 1 [ RunTime:0.033229s ]
[ sql ] [ SQL ] SELECT `menu`.*,rel_role_menu.role_id as rel_role_id FROM `menu` `menu` LEFT JOIN `rel_role_menu` `rel_role_menu` ON `rel_role_menu`.`menu_id`=menu.menu_id and role_id = '1' WHERE  `parent_menu_id` = 62  AND `is_show` = 1  AND `rel_role_menu`.`role_id` IS NOT NULL ORDER BY list_order desc,menu_id asc [ RunTime:0.036284s ]
[ sql ] [ SQL ] SELECT * FROM `staff` WHERE  `staff_id` = 2 LIMIT 1 [ RunTime:0.031108s ]
[ sql ] [ SQL ] SELECT `menu`.*,rel_role_menu.role_id as rel_role_id FROM `menu` `menu` LEFT JOIN `rel_role_menu` `rel_role_menu` ON `rel_role_menu`.`menu_id`=menu.menu_id and role_id = '1' WHERE  `parent_menu_id` = 8  AND `is_show` = 1  AND `rel_role_menu`.`role_id` IS NOT NULL ORDER BY list_order desc,menu_id asc [ RunTime:0.039125s ]
[ sql ] [ SQL ] SELECT * FROM `staff` WHERE  `staff_id` = 2 LIMIT 1 [ RunTime:0.035392s ]
[ sql ] [ SQL ] SELECT `menu`.*,rel_role_menu.role_id as rel_role_id FROM `menu` `menu` LEFT JOIN `rel_role_menu` `rel_role_menu` ON `rel_role_menu`.`menu_id`=menu.menu_id and role_id = '1' WHERE  `parent_menu_id` = 4  AND `is_show` = 1  AND `rel_role_menu`.`role_id` IS NOT NULL ORDER BY list_order desc,menu_id asc [ RunTime:0.034725s ]
[ sql ] [ SQL ] SELECT * FROM `staff` WHERE  `staff_id` = 2 LIMIT 1 [ RunTime:0.030959s ]
[ sql ] [ SQL ] SELECT `menu`.*,rel_role_menu.role_id as rel_role_id FROM `menu` `menu` LEFT JOIN `rel_role_menu` `rel_role_menu` ON `rel_role_menu`.`menu_id`=menu.menu_id and role_id = '1' WHERE  `parent_menu_id` = 69  AND `is_show` = 1  AND `rel_role_menu`.`role_id` IS NOT NULL ORDER BY list_order desc,menu_id asc [ RunTime:0.030958s ]
[ sql ] [ SQL ] SHOW COLUMNS FROM `arrange` [ RunTime:0.033557s ]
[ sql ] [ SQL ] SELECT COUNT(*) AS tp_count FROM `arrange` WHERE  `status` = 1 LIMIT 1 [ RunTime:0.031055s ]
[ sql ] [ SQL ] SHOW COLUMNS FROM `order` [ RunTime:0.035103s ]
[ sql ] [ SQL ] SELECT COUNT(*) AS tp_count FROM `order` WHERE  `status` = 1 LIMIT 1 [ RunTime:0.034951s ]
[ sql ] [ SQL ] SELECT SUM(total_price) AS tp_sum FROM `arrange` LIMIT 1 [ RunTime:0.033120s ]
[ sql ] [ SQL ] SELECT COUNT(*) AS tp_count FROM `arrange` WHERE  `status` <> 5 LIMIT 1 [ RunTime:0.032893s ]
[ sql ] [ SQL ] SHOW COLUMNS FROM `comment` [ RunTime:0.033891s ]
[ sql ] [ SQL ] SELECT COUNT(*) AS tp_count FROM `comment` `comment` LEFT JOIN `store` `store` ON `store`.`store_id`=`comment`.`store_id` LEFT JOIN `project` `project` ON `project`.`project_id`=`comment`.`project_id` LEFT JOIN `user` `user` ON `user`.`user_no`=`comment`.`user_no` ORDER BY comment.add_ts desc LIMIT 1 [ RunTime:0.040910s ]
[ sql ] [ SQL ] SHOW COLUMNS FROM `user` [ RunTime:0.037073s ]
[ sql ] [ SQL ] SELECT COUNT(*) AS tp_count FROM `user` WHERE  `status` = 1 LIMIT 1 [ RunTime:0.032529s ]
[ sql ] [ SQL ] SHOW COLUMNS FROM `store` [ RunTime:0.035679s ]
[ sql ] [ SQL ] SELECT * FROM `store` WHERE  `status` = 1 [ RunTime:0.036595s ]
[ sql ] [ SQL ] SELECT sum(actual_price) as aa FROM `arrange` `arrange` LEFT JOIN `store` `store` ON `store`.`store_id`=`arrange`.`store_id` WHERE  FROM_UNIXTIME(arrange.add_ts,'%Y-%m-%d') = '2017-10-01'  AND `store`.`store_id` = 2  AND `order_type` IN (1,2) GROUP BY FROM_UNIXTIME(arrange.add_ts,'%Y-%m-%d') LIMIT 1 [ RunTime:0.044746s ]
[ sql ] [ SQL ] SELECT sum(actual_price) as aa FROM `arrange` `arrange` LEFT JOIN `store` `store` ON `store`.`store_id`=`arrange`.`store_id` WHERE  FROM_UNIXTIME(arrange.add_ts,'%Y-%m-%d') = '2017-10-02'  AND `store`.`store_id` = 2  AND `order_type` IN (1,2) GROUP BY FROM_UNIXTIME(arrange.add_ts,'%Y-%m-%d') LIMIT 1 [ RunTime:0.039598s ]
[ sql ] [ SQL ] SELECT sum(actual_price) as aa FROM `arrange` `arrange` LEFT JOIN `store` `store` ON `store`.`store_id`=`arrange`.`store_id` WHERE  FROM_UNIXTIME(arrange.add_ts,'%Y-%m-%d') = '2017-10-03'  AND `store`.`store_id` = 2  AND `order_type` IN (1,2) GROUP BY FROM_UNIXTIME(arrange.add_ts,'%Y-%m-%d') LIMIT 1 [ RunTime:0.034483s ]
[ sql ] [ SQL ] SELECT sum(actual_price) as aa FROM `arrange` `arrange` LEFT JOIN `store` `store` ON `store`.`store_id`=`arrange`.`store_id` WHERE  FROM_UNIXTIME(arrange.add_ts,'%Y-%m-%d') = '2017-10-04'  AND `store`.`store_id` = 2  AND `order_type` IN (1,2) GROUP BY FROM_UNIXTIME(arrange.add_ts,'%Y-%m-%d') LIMIT 1 [ RunTime:0.033739s ]
[ sql ] [ SQL ] SELECT sum(actual_price) as aa FROM `arrange` `arrange` LEFT JOIN `store` `store` ON `store`.`store_id`=`arrange`.`store_id` WHERE  FROM_UNIXTIME(arrange.add_ts,'%Y-%m-%d') = '2017-10-05'  AND `store`.`store_id` = 2  AND `order_type` IN (1,2) GROUP BY FROM_UNIXTIME(arrange.add_ts,'%Y-%m-%d') LIMIT 1 [ RunTime:0.030858s ]
[ sql ] [ SQL ] SELECT sum(actual_price) as aa FROM `arrange` `arrange` LEFT JOIN `store` `store` ON `store`.`store_id`=`arrange`.`store_id` WHERE  FROM_UNIXTIME(arrange.add_ts,'%Y-%m-%d') = '2017-10-06'  AND `store`.`store_id` = 2  AND `order_type` IN (1,2) GROUP BY FROM_UNIXTIME(arrange.add_ts,'%Y-%m-%d') LIMIT 1 [ RunTime:0.033600s ]
[ sql ] [ SQL ] SELECT sum(actual_price) as aa FROM `arrange` `arrange` LEFT JOIN `store` `store` ON `store`.`store_id`=`arrange`.`store_id` WHERE  FROM_UNIXTIME(arrange.add_ts,'%Y-%m-%d') = '2017-10-07'  AND `store`.`store_id` = 2  AND `order_type` IN (1,2) GROUP BY FROM_UNIXTIME(arrange.add_ts,'%Y-%m-%d') LIMIT 1 [ RunTime:0.038780s ]
[ sql ] [ SQL ] SELECT sum(actual_price) as aa FROM `arrange` `arrange` LEFT JOIN `store` `store` ON `store`.`store_id`=`arrange`.`store_id` WHERE  FROM_UNIXTIME(arrange.add_ts,'%Y-%m-%d') = '2017-10-08'  AND `store`.`store_id` = 2  AND `order_type` IN (1,2) GROUP BY FROM_UNIXTIME(arrange.add_ts,'%Y-%m-%d') LIMIT 1 [ RunTime:0.032458s ]
[ sql ] [ SQL ] SELECT sum(actual_price) as aa FROM `arrange` `arrange` LEFT JOIN `store` `store` ON `store`.`store_id`=`arrange`.`store_id` WHERE  FROM_UNIXTIME(arrange.add_ts,'%Y-%m-%d') = '2017-10-09'  AND `store`.`store_id` = 2  AND `order_type` IN (1,2) GROUP BY FROM_UNIXTIME(arrange.add_ts,'%Y-%m-%d') LIMIT 1 [ RunTime:0.042671s ]
[ sql ] [ SQL ] SELECT sum(actual_price) as aa FROM `arrange` `arrange` LEFT JOIN `store` `store` ON `store`.`store_id`=`arrange`.`store_id` WHERE  FROM_UNIXTIME(arrange.add_ts,'%Y-%m-%d') = '2017-10-10'  AND `store`.`store_id` = 2  AND `order_type` IN (1,2) GROUP BY FROM_UNIXTIME(arrange.add_ts,'%Y-%m-%d') LIMIT 1 [ RunTime:0.032589s ]
[ sql ] [ SQL ] SELECT sum(actual_price) as aa FROM `arrange` `arrange` LEFT JOIN `store` `store` ON `store`.`store_id`=`arrange`.`store_id` WHERE  FROM_UNIXTIME(arrange.add_ts,'%Y-%m-%d') = '2017-10-11'  AND `store`.`store_id` = 2  AND `order_type` IN (1,2) GROUP BY FROM_UNIXTIME(arrange.add_ts,'%Y-%m-%d') LIMIT 1 [ RunTime:0.037230s ]
[ sql ] [ SQL ] SELECT sum(actual_price) as aa FROM `arrange` `arrange` LEFT JOIN `store` `store` ON `store`.`store_id`=`arrange`.`store_id` WHERE  FROM_UNIXTIME(arrange.add_ts,'%Y-%m-%d') = '2017-10-12'  AND `store`.`store_id` = 2  AND `order_type` IN (1,2) GROUP BY FROM_UNIXTIME(arrange.add_ts,'%Y-%m-%d') LIMIT 1 [ RunTime:0.032937s ]
[ sql ] [ SQL ] SELECT sum(actual_price) as aa FROM `arrange` `arrange` LEFT JOIN `store` `store` ON `store`.`store_id`=`arrange`.`store_id` WHERE  FROM_UNIXTIME(arrange.add_ts,'%Y-%m-%d') = '2017-10-13'  AND `store`.`store_id` = 2  AND `order_type` IN (1,2) GROUP BY FROM_UNIXTIME(arrange.add_ts,'%Y-%m-%d') LIMIT 1 [ RunTime:0.030830s ]
[ sql ] [ SQL ] SELECT sum(actual_price) as aa FROM `arrange` `arrange` LEFT JOIN `store` `store` ON `store`.`store_id`=`arrange`.`store_id` WHERE  FROM_UNIXTIME(arrange.add_ts,'%Y-%m-%d') = '2017-10-14'  AND `store`.`store_id` = 2  AND `order_type` IN (1,2) GROUP BY FROM_UNIXTIME(arrange.add_ts,'%Y-%m-%d') LIMIT 1 [ RunTime:0.045061s ]
[ sql ] [ SQL ] SELECT sum(actual_price) as aa FROM `arrange` `arrange` LEFT JOIN `store` `store` ON `store`.`store_id`=`arrange`.`store_id` WHERE  FROM_UNIXTIME(arrange.add_ts,'%Y-%m-%d') = '2017-10-15'  AND `store`.`store_id` = 2  AND `order_type` IN (1,2) GROUP BY FROM_UNIXTIME(arrange.add_ts,'%Y-%m-%d') LIMIT 1 [ RunTime:0.032925s ]
[ sql ] [ SQL ] SELECT sum(actual_price) as aa FROM `arrange` `arrange` LEFT JOIN `store` `store` ON `store`.`store_id`=`arrange`.`store_id` WHERE  FROM_UNIXTIME(arrange.add_ts,'%Y-%m-%d') = '2017-10-16'  AND `store`.`store_id` = 2  AND `order_type` IN (1,2) GROUP BY FROM_UNIXTIME(arrange.add_ts,'%Y-%m-%d') LIMIT 1 [ RunTime:0.038114s ]
[ sql ] [ SQL ] SELECT sum(actual_price) as aa FROM `arrange` `arrange` LEFT JOIN `store` `store` ON `store`.`store_id`=`arrange`.`store_id` WHERE  FROM_UNIXTIME(arrange.add_ts,'%Y-%m-%d') = '2017-10-17'  AND `store`.`store_id` = 2  AND `order_type` IN (1,2) GROUP BY FROM_UNIXTIME(arrange.add_ts,'%Y-%m-%d') LIMIT 1 [ RunTime:0.032114s ]
[ sql ] [ SQL ] SELECT sum(actual_price) as aa FROM `arrange` `arrange` LEFT JOIN `store` `store` ON `store`.`store_id`=`arrange`.`store_id` WHERE  FROM_UNIXTIME(arrange.add_ts,'%Y-%m-%d') = '2017-10-18'  AND `store`.`store_id` = 2  AND `order_type` IN (1,2) GROUP BY FROM_UNIXTIME(arrange.add_ts,'%Y-%m-%d') LIMIT 1 [ RunTime:0.034414s ]
[ sql ] [ SQL ] SELECT sum(actual_price) as aa FROM `arrange` `arrange` LEFT JOIN `store` `store` ON `store`.`store_id`=`arrange`.`store_id` WHERE  FROM_UNIXTIME(arrange.add_ts,'%Y-%m-%d') = '2017-10-19'  AND `store`.`store_id` = 2  AND `order_type` IN (1,2) GROUP BY FROM_UNIXTIME(arrange.add_ts,'%Y-%m-%d') LIMIT 1 [ RunTime:0.044384s ]
[ sql ] [ SQL ] SELECT sum(actual_price) as aa FROM `arrange` `arrange` LEFT JOIN `store` `store` ON `store`.`store_id`=`arrange`.`store_id` WHERE  FROM_UNIXTIME(arrange.add_ts,'%Y-%m-%d') = '2017-10-20'  AND `store`.`store_id` = 2  AND `order_type` IN (1,2) GROUP BY FROM_UNIXTIME(arrange.add_ts,'%Y-%m-%d') LIMIT 1 [ RunTime:0.032926s ]
[ sql ] [ SQL ] SELECT sum(actual_price) as aa FROM `arrange` `arrange` LEFT JOIN `store` `store` ON `store`.`store_id`=`arrange`.`store_id` WHERE  FROM_UNIXTIME(arrange.add_ts,'%Y-%m-%d') = '2017-10-21'  AND `store`.`store_id` = 2  AND `order_type` IN (1,2) GROUP BY FROM_UNIXTIME(arrange.add_ts,'%Y-%m-%d') LIMIT 1 [ RunTime:0.029878s ]
[ sql ] [ SQL ] SELECT sum(actual_price) as aa FROM `arrange` `arrange` LEFT JOIN `store` `store` ON `store`.`store_id`=`arrange`.`store_id` WHERE  FROM_UNIXTIME(arrange.add_ts,'%Y-%m-%d') = '2017-10-22'  AND `store`.`store_id` = 2  AND `order_type` IN (1,2) GROUP BY FROM_UNIXTIME(arrange.add_ts,'%Y-%m-%d') LIMIT 1 [ RunTime:0.031913s ]
[ sql ] [ SQL ] SELECT sum(actual_price) as aa FROM `arrange` `arrange` LEFT JOIN `store` `store` ON `store`.`store_id`=`arrange`.`store_id` WHERE  FROM_UNIXTIME(arrange.add_ts,'%Y-%m-%d') = '2017-10-23'  AND `store`.`store_id` = 2  AND `order_type` IN (1,2) GROUP BY FROM_UNIXTIME(arrange.add_ts,'%Y-%m-%d') LIMIT 1 [ RunTime:0.030724s ]
[ sql ] [ SQL ] SELECT sum(actual_price) as aa FROM `arrange` `arrange` LEFT JOIN `store` `store` ON `store`.`store_id`=`arrange`.`store_id` WHERE  FROM_UNIXTIME(arrange.add_ts,'%Y-%m-%d') = '2017-10-24'  AND `store`.`store_id` = 2  AND `order_type` IN (1,2) GROUP BY FROM_UNIXTIME(arrange.add_ts,'%Y-%m-%d') LIMIT 1 [ RunTime:0.032755s ]
[ sql ] [ SQL ] SELECT sum(actual_price) as aa FROM `arrange` `arrange` LEFT JOIN `store` `store` ON `store`.`store_id`=`arrange`.`store_id` WHERE  FROM_UNIXTIME(arrange.add_ts,'%Y-%m-%d') = '2017-10-25'  AND `store`.`store_id` = 2  AND `order_type` IN (1,2) GROUP BY FROM_UNIXTIME(arrange.add_ts,'%Y-%m-%d') LIMIT 1 [ RunTime:0.031592s ]
[ sql ] [ SQL ] SELECT sum(actual_price) as aa FROM `arrange` `arrange` LEFT JOIN `store` `store` ON `store`.`store_id`=`arrange`.`store_id` WHERE  FROM_UNIXTIME(arrange.add_ts,'%Y-%m-%d') = '2017-10-26'  AND `store`.`store_id` = 2  AND `order_type` IN (1,2) GROUP BY FROM_UNIXTIME(arrange.add_ts,'%Y-%m-%d') LIMIT 1 [ RunTime:0.031376s ]
[ sql ] [ SQL ] SELECT sum(actual_price) as aa FROM `arrange` `arrange` LEFT JOIN `store` `store` ON `store`.`store_id`=`arrange`.`store_id` WHERE  FROM_UNIXTIME(arrange.add_ts,'%Y-%m-%d') = '2017-10-27'  AND `store`.`store_id` = 2  AND `order_type` IN (1,2) GROUP BY FROM_UNIXTIME(arrange.add_ts,'%Y-%m-%d') LIMIT 1 [ RunTime:0.032899s ]
[ sql ] [ SQL ] SELECT sum(actual_price) as aa FROM `arrange` `arrange` LEFT JOIN `store` `store` ON `store`.`store_id`=`arrange`.`store_id` WHERE  FROM_UNIXTIME(arrange.add_ts,'%Y-%m-%d') = '2017-10-28'  AND `store`.`store_id` = 2  AND `order_type` IN (1,2) GROUP BY FROM_UNIXTIME(arrange.add_ts,'%Y-%m-%d') LIMIT 1 [ RunTime:0.030415s ]
[ sql ] [ SQL ] SELECT sum(actual_price) as aa FROM `arrange` `arrange` LEFT JOIN `store` `store` ON `store`.`store_id`=`arrange`.`store_id` WHERE  FROM_UNIXTIME(arrange.add_ts,'%Y-%m-%d') = '2017-10-29'  AND `store`.`store_id` = 2  AND `order_type` IN (1,2) GROUP BY FROM_UNIXTIME(arrange.add_ts,'%Y-%m-%d') LIMIT 1 [ RunTime:0.033399s ]
[ sql ] [ SQL ] SELECT sum(actual_price) as aa FROM `arrange` `arrange` LEFT JOIN `store` `store` ON `store`.`store_id`=`arrange`.`store_id` WHERE  FROM_UNIXTIME(arrange.add_ts,'%Y-%m-%d') = '2017-10-30'  AND `store`.`store_id` = 2  AND `order_type` IN (1,2) GROUP BY FROM_UNIXTIME(arrange.add_ts,'%Y-%m-%d') LIMIT 1 [ RunTime:0.032145s ]
[ sql ] [ SQL ] SELECT sum(actual_price) as aa FROM `arrange` `arrange` LEFT JOIN `store` `store` ON `store`.`store_id`=`arrange`.`store_id` WHERE  FROM_UNIXTIME(arrange.add_ts,'%Y-%m-%d') = '2017-10-31'  AND `store`.`store_id` = 2  AND `order_type` IN (1,2) GROUP BY FROM_UNIXTIME(arrange.add_ts,'%Y-%m-%d') LIMIT 1 [ RunTime:0.051670s ]
[ sql ] [ SQL ] SHOW COLUMNS FROM `type` [ RunTime:0.038818s ]
[ sql ] [ SQL ] SELECT * FROM `type` WHERE  `status` = 1 [ RunTime:0.031603s ]
[ sql ] [ SQL ] SELECT COUNT(actual_price) AS tp_count FROM `arrange` `arrange` LEFT JOIN `project` `project` ON `project`.`project_id`=`arrange`.`project_id` LEFT JOIN `type` `type` ON `type`.`type_id`=`project`.`type_id` WHERE  FROM_UNIXTIME(arrange.add_ts,'%Y-%m-%d') = '2017-10-31'  AND `project`.`type_id` = 1  AND `order_type` IN (1,2) LIMIT 1 [ RunTime:0.031483s ]
[ sql ] [ SQL ] SELECT COUNT(actual_price) AS tp_count FROM `arrange` `arrange` LEFT JOIN `project` `project` ON `project`.`project_id`=`arrange`.`project_id` LEFT JOIN `type` `type` ON `type`.`type_id`=`project`.`type_id` WHERE  FROM_UNIXTIME(arrange.add_ts,'%Y-%m-%d') = '2017-10-31'  AND `project`.`type_id` = 2  AND `order_type` IN (1,2) LIMIT 1 [ RunTime:0.044480s ]
[ sql ] [ SQL ] SELECT COUNT(actual_price) AS tp_count FROM `arrange` `arrange` LEFT JOIN `project` `project` ON `project`.`project_id`=`arrange`.`project_id` LEFT JOIN `type` `type` ON `type`.`type_id`=`project`.`type_id` WHERE  FROM_UNIXTIME(arrange.add_ts,'%Y-%m-%d') = '2017-10-31'  AND `project`.`type_id` = 3  AND `order_type` IN (1,2) LIMIT 1 [ RunTime:0.030458s ]
[ sql ] [ SQL ] SELECT COUNT(actual_price) AS tp_count FROM `arrange` `arrange` LEFT JOIN `project` `project` ON `project`.`project_id`=`arrange`.`project_id` LEFT JOIN `type` `type` ON `type`.`type_id`=`project`.`type_id` WHERE  FROM_UNIXTIME(arrange.add_ts,'%Y-%m-%d') = '2017-10-31'  AND `project`.`type_id` = 4  AND `order_type` IN (1,2) LIMIT 1 [ RunTime:0.032009s ]
[ sql ] [ SQL ] SELECT * FROM `type` WHERE  `status` = 1 [ RunTime:0.031309s ]
[ sql ] [ SQL ] SELECT COUNT(actual_price) AS tp_count FROM `arrange` `arrange` LEFT JOIN `project` `project` ON `project`.`project_id`=`arrange`.`project_id` LEFT JOIN `type` `type` ON `type`.`type_id`=`project`.`type_id` WHERE  FROM_UNIXTIME(arrange.add_ts,'%Y-%m-%d') BETWEEN '2017-10-30' AND '2017-11-05'  AND `project`.`type_id` = 1  AND `order_type` IN (1,2) LIMIT 1 [ RunTime:0.033599s ]
[ sql ] [ SQL ] SELECT COUNT(actual_price) AS tp_count FROM `arrange` `arrange` LEFT JOIN `project` `project` ON `project`.`project_id`=`arrange`.`project_id` LEFT JOIN `type` `type` ON `type`.`type_id`=`project`.`type_id` WHERE  FROM_UNIXTIME(arrange.add_ts,'%Y-%m-%d') BETWEEN '2017-10-30' AND '2017-11-05'  AND `project`.`type_id` = 2  AND `order_type` IN (1,2) LIMIT 1 [ RunTime:0.032330s ]
[ sql ] [ SQL ] SELECT COUNT(actual_price) AS tp_count FROM `arrange` `arrange` LEFT JOIN `project` `project` ON `project`.`project_id`=`arrange`.`project_id` LEFT JOIN `type` `type` ON `type`.`type_id`=`project`.`type_id` WHERE  FROM_UNIXTIME(arrange.add_ts,'%Y-%m-%d') BETWEEN '2017-10-30' AND '2017-11-05'  AND `project`.`type_id` = 3  AND `order_type` IN (1,2) LIMIT 1 [ RunTime:0.036963s ]
[ sql ] [ SQL ] SELECT COUNT(actual_price) AS tp_count FROM `arrange` `arrange` LEFT JOIN `project` `project` ON `project`.`project_id`=`arrange`.`project_id` LEFT JOIN `type` `type` ON `type`.`type_id`=`project`.`type_id` WHERE  FROM_UNIXTIME(arrange.add_ts,'%Y-%m-%d') BETWEEN '2017-10-30' AND '2017-11-05'  AND `project`.`type_id` = 4  AND `order_type` IN (1,2) LIMIT 1 [ RunTime:0.033422s ]
[ sql ] [ SQL ] SELECT * FROM `type` WHERE  `status` = 1 [ RunTime:0.033291s ]
[ sql ] [ SQL ] SELECT COUNT(actual_price) AS tp_count FROM `arrange` `arrange` LEFT JOIN `project` `project` ON `project`.`project_id`=`arrange`.`project_id` LEFT JOIN `type` `type` ON `type`.`type_id`=`project`.`type_id` WHERE  FROM_UNIXTIME(arrange.add_ts,'%Y-%m') = '2017-10'  AND `project`.`type_id` = 1  AND `order_type` IN (1,2) LIMIT 1 [ RunTime:0.032038s ]
[ sql ] [ SQL ] SELECT COUNT(actual_price) AS tp_count FROM `arrange` `arrange` LEFT JOIN `project` `project` ON `project`.`project_id`=`arrange`.`project_id` LEFT JOIN `type` `type` ON `type`.`type_id`=`project`.`type_id` WHERE  FROM_UNIXTIME(arrange.add_ts,'%Y-%m') = '2017-10'  AND `project`.`type_id` = 2  AND `order_type` IN (1,2) LIMIT 1 [ RunTime:0.033122s ]
[ sql ] [ SQL ] SELECT COUNT(actual_price) AS tp_count FROM `arrange` `arrange` LEFT JOIN `project` `project` ON `project`.`project_id`=`arrange`.`project_id` LEFT JOIN `type` `type` ON `type`.`type_id`=`project`.`type_id` WHERE  FROM_UNIXTIME(arrange.add_ts,'%Y-%m') = '2017-10'  AND `project`.`type_id` = 3  AND `order_type` IN (1,2) LIMIT 1 [ RunTime:0.048064s ]
[ sql ] [ SQL ] SELECT COUNT(actual_price) AS tp_count FROM `arrange` `arrange` LEFT JOIN `project` `project` ON `project`.`project_id`=`arrange`.`project_id` LEFT JOIN `type` `type` ON `type`.`type_id`=`project`.`type_id` WHERE  FROM_UNIXTIME(arrange.add_ts,'%Y-%m') = '2017-10'  AND `project`.`type_id` = 4  AND `order_type` IN (1,2) LIMIT 1 [ RunTime:0.036519s ]
[ sql ] [ SQL ] SELECT FROM_UNIXTIME(add_ts,'%Y%m%d') as add_time,sum(actual_price) as total_price FROM `arrange` WHERE  `add_ts` BETWEEN 1506787200 AND 1509379200 GROUP BY add_time [ RunTime:0.058018s ]
[ sql ] [ SQL ] SELECT * FROM `store` WHERE  `status` = 1 [ RunTime:0.036904s ]
---------------------------------------------------------------
[ 2017-10-31T14:53:20+08:00 ] 127.0.0.1 127.0.0.1 GET /static/admin/image/bg/jiant.png
[ info ] www.anmo.com/static/admin/image/bg/jiant.png [运行时间：0.055884s][吞吐率：17.89req/s] [内存消耗：2,547.85kb] [文件加载：40]
[ info ] [ LANG ] C:\wamp64\www\anmo\thinkphp\lang\zh-cn.php
[ info ] [ ROUTE ] array (
  'type' => 'module',
  'module' => 
  array (
    0 => 'static',
    1 => 'admin',
    2 => 'image',
  ),
)
[ info ] [ HEADER ] array (
  'host' => 'www.anmo.com',
  'connection' => 'keep-alive',
  'user-agent' => 'Mozilla/5.0 (Linux; Android 5.1.1; Nexus 6 Build/LYZ28E) AppleWebKit/537.36 (KHTML, like Gecko) Chrome/61.0.3163.100 Mobile Safari/537.36',
  'accept' => 'image/webp,image/apng,image/*,*/*;q=0.8',
  'referer' => 'http://www.anmo.com/static/admin/css/style-metro.css',
  'accept-encoding' => 'gzip, deflate',
  'accept-language' => 'zh-CN,zh;q=0.8',
  'cookie' => 'PHPSESSID=ti4g8grd5sv2vaflm7djtn7st5',
)
[ info ] [ PARAM ] array (
  'bg' => 'jiant.png',
)
[ info ] [ LOG ] INIT File
---------------------------------------------------------------
[ 2017-10-31T14:53:22+08:00 ] 127.0.0.1 127.0.0.1 POST /admin/DashBord/admin_sum
[ info ] www.anmo.com/admin/DashBord/admin_sum [运行时间：1.412028s][吞吐率：0.71req/s] [内存消耗：5,998.88kb] [文件加载：65]
[ info ] [ LANG ] C:\wamp64\www\anmo\thinkphp\lang\zh-cn.php
[ info ] [ ROUTE ] array (
  'type' => 'module',
  'module' => 
  array (
    0 => 'admin',
    1 => 'DashBord',
    2 => 'admin_sum',
  ),
)
[ info ] [ HEADER ] array (
  'host' => 'www.anmo.com',
  'connection' => 'keep-alive',
  'content-length' => '10',
  'accept' => 'application/json, text/javascript, */*; q=0.01',
  'origin' => 'http://www.anmo.com',
  'x-requested-with' => 'XMLHttpRequest',
  'user-agent' => 'Mozilla/5.0 (Linux; Android 5.1.1; Nexus 6 Build/LYZ28E) AppleWebKit/537.36 (KHTML, like Gecko) Chrome/61.0.3163.100 Mobile Safari/537.36',
  'content-type' => 'application/x-www-form-urlencoded; charset=UTF-8',
  'referer' => 'http://www.anmo.com/admin/DashBord/index.html',
  'accept-encoding' => 'gzip, deflate',
  'accept-language' => 'zh-CN,zh;q=0.8',
  'cookie' => 'PHPSESSID=ti4g8grd5sv2vaflm7djtn7st5',
)
[ info ] [ PARAM ] array (
  'store_id' => '2',
)
[ info ] [ SESSION ] INIT array (
  'id' => '',
  'var_session_id' => '',
  'prefix' => 'think',
  'type' => '',
  'auto_start' => true,
  'expire' => 3600,
)
[ info ] [ DB ] INIT mysql
[ info ] [ RUN ] app\admin\controller\DashBord->admin_sum[ C:\wamp64\www\anmo\application\admin\controller\DashBord.php ]
[ info ] [ LOG ] INIT File
[ sql ] [ DB ] CONNECT:[ UseTime:0.057340s ] mysql:dbname=anmo;host=114.55.28.85;charset=utf8
[ sql ] [ SQL ] SHOW COLUMNS FROM `staff` [ RunTime:0.039879s ]
[ sql ] [ SQL ] SELECT * FROM `staff` WHERE  `staff_id` = 2 LIMIT 1 [ RunTime:0.033085s ]
[ sql ] [ SQL ] SHOW COLUMNS FROM `menu` [ RunTime:0.032691s ]
[ sql ] [ SQL ] SELECT `menu`.*,rel_role_menu.role_id as rel_role_id FROM `menu` `menu` LEFT JOIN `rel_role_menu` `rel_role_menu` ON `rel_role_menu`.`menu_id`=menu.menu_id and role_id = '1' WHERE  `parent_menu_id` = 0  AND `is_show` = 1  AND `rel_role_menu`.`role_id` IS NOT NULL ORDER BY list_order desc,menu_id asc [ RunTime:0.032156s ]
[ sql ] [ SQL ] SELECT * FROM `staff` WHERE  `staff_id` = 2 LIMIT 1 [ RunTime:0.046167s ]
[ sql ] [ SQL ] SELECT `menu`.*,rel_role_menu.role_id as rel_role_id FROM `menu` `menu` LEFT JOIN `rel_role_menu` `rel_role_menu` ON `rel_role_menu`.`menu_id`=menu.menu_id and role_id = '1' WHERE  `parent_menu_id` = 1  AND `is_show` = 1  AND `rel_role_menu`.`role_id` IS NOT NULL ORDER BY list_order desc,menu_id asc [ RunTime:0.039357s ]
[ sql ] [ SQL ] SELECT * FROM `staff` WHERE  `staff_id` = 2 LIMIT 1 [ RunTime:0.035155s ]
[ sql ] [ SQL ] SELECT `menu`.*,rel_role_menu.role_id as rel_role_id FROM `menu` `menu` LEFT JOIN `rel_role_menu` `rel_role_menu` ON `rel_role_menu`.`menu_id`=menu.menu_id and role_id = '1' WHERE  `parent_menu_id` = 54  AND `is_show` = 1  AND `rel_role_menu`.`role_id` IS NOT NULL ORDER BY list_order desc,menu_id asc [ RunTime:0.043518s ]
[ sql ] [ SQL ] SELECT * FROM `staff` WHERE  `staff_id` = 2 LIMIT 1 [ RunTime:0.041701s ]
[ sql ] [ SQL ] SELECT `menu`.*,rel_role_menu.role_id as rel_role_id FROM `menu` `menu` LEFT JOIN `rel_role_menu` `rel_role_menu` ON `rel_role_menu`.`menu_id`=menu.menu_id and role_id = '1' WHERE  `parent_menu_id` = 62  AND `is_show` = 1  AND `rel_role_menu`.`role_id` IS NOT NULL ORDER BY list_order desc,menu_id asc [ RunTime:0.036211s ]
[ sql ] [ SQL ] SELECT * FROM `staff` WHERE  `staff_id` = 2 LIMIT 1 [ RunTime:0.034805s ]
[ sql ] [ SQL ] SELECT `menu`.*,rel_role_menu.role_id as rel_role_id FROM `menu` `menu` LEFT JOIN `rel_role_menu` `rel_role_menu` ON `rel_role_menu`.`menu_id`=menu.menu_id and role_id = '1' WHERE  `parent_menu_id` = 8  AND `is_show` = 1  AND `rel_role_menu`.`role_id` IS NOT NULL ORDER BY list_order desc,menu_id asc [ RunTime:0.040521s ]
[ sql ] [ SQL ] SELECT * FROM `staff` WHERE  `staff_id` = 2 LIMIT 1 [ RunTime:0.034381s ]
[ sql ] [ SQL ] SELECT `menu`.*,rel_role_menu.role_id as rel_role_id FROM `menu` `menu` LEFT JOIN `rel_role_menu` `rel_role_menu` ON `rel_role_menu`.`menu_id`=menu.menu_id and role_id = '1' WHERE  `parent_menu_id` = 4  AND `is_show` = 1  AND `rel_role_menu`.`role_id` IS NOT NULL ORDER BY list_order desc,menu_id asc [ RunTime:0.033380s ]
[ sql ] [ SQL ] SELECT * FROM `staff` WHERE  `staff_id` = 2 LIMIT 1 [ RunTime:0.037627s ]
[ sql ] [ SQL ] SELECT `menu`.*,rel_role_menu.role_id as rel_role_id FROM `menu` `menu` LEFT JOIN `rel_role_menu` `rel_role_menu` ON `rel_role_menu`.`menu_id`=menu.menu_id and role_id = '1' WHERE  `parent_menu_id` = 69  AND `is_show` = 1  AND `rel_role_menu`.`role_id` IS NOT NULL ORDER BY list_order desc,menu_id asc [ RunTime:0.035372s ]
[ sql ] [ SQL ] SHOW COLUMNS FROM `arrange` [ RunTime:0.034372s ]
[ sql ] [ SQL ] SELECT COUNT(*) AS tp_count FROM `arrange` WHERE  `status` = 1 LIMIT 1 [ RunTime:0.037256s ]
[ sql ] [ SQL ] SHOW COLUMNS FROM `order` [ RunTime:0.039008s ]
[ sql ] [ SQL ] SELECT COUNT(*) AS tp_count FROM `order` WHERE  `status` = 1 LIMIT 1 [ RunTime:0.035173s ]
[ sql ] [ SQL ] SHOW COLUMNS FROM `project` [ RunTime:0.041978s ]
[ sql ] [ SQL ] SELECT * FROM `project` WHERE  `status` = 1 [ RunTime:0.087094s ]
[ sql ] [ SQL ] SHOW COLUMNS FROM `technician` [ RunTime:0.033656s ]
[ sql ] [ SQL ] SELECT * FROM `technician` WHERE  `status` = 1 [ RunTime:0.051568s ]
[ sql ] [ SQL ] SHOW COLUMNS FROM `rel_project_technician` [ RunTime:0.036717s ]
[ sql ] [ SQL ] SELECT `relProject`.`project_id`,count(relProject.project_id) as project_count,`technician_id` FROM `rel_project_technician` `relProject` LEFT JOIN `arrange` `arrange` ON `arrange`.`arrange_no`=`relProject`.`arrange_no` WHERE  `arrange`.`status` IN ('2','3','5')  AND `arrange`.`store_id` = '2'  AND `arrange`.`start_time` BETWEEN 1506787200 AND 1509379200 GROUP BY relProject.technician_id,arrange.project_id [ RunTime:0.037945s ]
---------------------------------------------------------------
[ 2017-10-31T14:53:23+08:00 ] 127.0.0.1 127.0.0.1 GET /admin/Index/loginout.html
[ info ] www.anmo.com/admin/Index/loginout.html [运行时间：0.102294s][吞吐率：9.78req/s] [内存消耗：3,199.67kb] [文件加载：48]
[ info ] [ LANG ] C:\wamp64\www\anmo\thinkphp\lang\zh-cn.php
[ info ] [ ROUTE ] array (
  'type' => 'module',
  'module' => 
  array (
    0 => 'admin',
    1 => 'Index',
    2 => 'loginout',
  ),
)
[ info ] [ HEADER ] array (
  'host' => 'www.anmo.com',
  'connection' => 'keep-alive',
  'upgrade-insecure-requests' => '1',
  'user-agent' => 'Mozilla/5.0 (Linux; Android 5.1.1; Nexus 6 Build/LYZ28E) AppleWebKit/537.36 (KHTML, like Gecko) Chrome/61.0.3163.100 Mobile Safari/537.36',
  'accept' => 'text/html,application/xhtml+xml,application/xml;q=0.9,image/webp,image/apng,*/*;q=0.8',
  'referer' => 'http://www.anmo.com/admin/DashBord/index.html',
  'accept-encoding' => 'gzip, deflate',
  'accept-language' => 'zh-CN,zh;q=0.8',
  'cookie' => 'PHPSESSID=ti4g8grd5sv2vaflm7djtn7st5',
)
[ info ] [ PARAM ] array (
)
[ info ] [ RUN ] app\admin\controller\Index->loginOut[ C:\wamp64\www\anmo\application\admin\controller\Index.php ]
[ info ] [ SESSION ] INIT array (
  'id' => '',
  'var_session_id' => '',
  'prefix' => 'think',
  'type' => '',
  'auto_start' => true,
  'expire' => 3600,
)
[ info ] [ LOG ] INIT File
---------------------------------------------------------------
[ 2017-10-31T14:53:23+08:00 ] 127.0.0.1 127.0.0.1 GET /admin/index/login.html
[ info ] www.anmo.com/admin/index/login.html [运行时间：0.066980s][吞吐率：14.93req/s] [内存消耗：3,115.15kb] [文件加载：46]
[ info ] [ LANG ] C:\wamp64\www\anmo\thinkphp\lang\zh-cn.php
[ info ] [ ROUTE ] array (
  'type' => 'module',
  'module' => 
  array (
    0 => 'admin',
    1 => 'index',
    2 => 'login',
  ),
)
[ info ] [ HEADER ] array (
  'host' => 'www.anmo.com',
  'connection' => 'keep-alive',
  'upgrade-insecure-requests' => '1',
  'user-agent' => 'Mozilla/5.0 (Linux; Android 5.1.1; Nexus 6 Build/LYZ28E) AppleWebKit/537.36 (KHTML, like Gecko) Chrome/61.0.3163.100 Mobile Safari/537.36',
  'accept' => 'text/html,application/xhtml+xml,application/xml;q=0.9,image/webp,image/apng,*/*;q=0.8',
  'referer' => 'http://www.anmo.com/admin/DashBord/index.html',
  'accept-encoding' => 'gzip, deflate',
  'accept-language' => 'zh-CN,zh;q=0.8',
  'cookie' => 'PHPSESSID=ti4g8grd5sv2vaflm7djtn7st5',
)
[ info ] [ PARAM ] array (
)
[ info ] [ RUN ] app\admin\controller\Index->login[ C:\wamp64\www\anmo\application\admin\controller\Index.php ]
[ info ] [ SESSION ] INIT array (
  'id' => '',
  'var_session_id' => '',
  'prefix' => 'think',
  'type' => '',
  'auto_start' => true,
  'expire' => 3600,
)
[ info ] [ VIEW ] C:\wamp64\www\anmo\public/../application/admin\view\Default\index\login.html [ array (
) ]
[ info ] [ LOG ] INIT File
---------------------------------------------------------------
[ 2017-10-31T14:53:23+08:00 ] 127.0.0.1 127.0.0.1 GET /captcha.html
[ info ] www.anmo.com/captcha.html [运行时间：0.070450s][吞吐率：14.19req/s] [内存消耗：2,573.08kb] [文件加载：39]
[ info ] [ LANG ] C:\wamp64\www\anmo\thinkphp\lang\zh-cn.php
[ info ] [ ROUTE ] array (
  'type' => 'method',
  'method' => 
  array (
    0 => '\\think\\captcha\\CaptchaController',
    1 => 'index',
  ),
  'var' => 
  array (
  ),
)
[ info ] [ HEADER ] array (
  'host' => 'www.anmo.com',
  'connection' => 'keep-alive',
  'user-agent' => 'Mozilla/5.0 (Linux; Android 5.1.1; Nexus 6 Build/LYZ28E) AppleWebKit/537.36 (KHTML, like Gecko) Chrome/61.0.3163.100 Mobile Safari/537.36',
  'accept' => 'image/webp,image/apng,image/*,*/*;q=0.8',
  'referer' => 'http://www.anmo.com/admin/index/login.html',
  'accept-encoding' => 'gzip, deflate',
  'accept-language' => 'zh-CN,zh;q=0.8',
  'cookie' => 'PHPSESSID=ti4g8grd5sv2vaflm7djtn7st5',
)
[ info ] [ PARAM ] array (
  'id' => NULL,
)
[ info ] [ RUN ] think\captcha\CaptchaController->index[ C:\wamp64\www\anmo\vendor\topthink\think-captcha\src\CaptchaController.php ]
[ info ] [ SESSION ] INIT array (
  'id' => '',
  'var_session_id' => '',
  'prefix' => 'think',
  'type' => '',
  'auto_start' => true,
  'expire' => 3600,
)
[ info ] [ LOG ] INIT File
---------------------------------------------------------------
[ 2017-10-31T14:53:23+08:00 ] 127.0.0.1 127.0.0.1 GET /static/admin/image/bg/jiant.png
[ info ] www.anmo.com/static/admin/image/bg/jiant.png [运行时间：0.034767s][吞吐率：28.76req/s] [内存消耗：2,547.85kb] [文件加载：40]
[ info ] [ LANG ] C:\wamp64\www\anmo\thinkphp\lang\zh-cn.php
[ info ] [ ROUTE ] array (
  'type' => 'module',
  'module' => 
  array (
    0 => 'static',
    1 => 'admin',
    2 => 'image',
  ),
)
[ info ] [ HEADER ] array (
  'host' => 'www.anmo.com',
  'connection' => 'keep-alive',
  'user-agent' => 'Mozilla/5.0 (Linux; Android 5.1.1; Nexus 6 Build/LYZ28E) AppleWebKit/537.36 (KHTML, like Gecko) Chrome/61.0.3163.100 Mobile Safari/537.36',
  'accept' => 'image/webp,image/apng,image/*,*/*;q=0.8',
  'referer' => 'http://www.anmo.com/static/admin/css/style-metro.css',
  'accept-encoding' => 'gzip, deflate',
  'accept-language' => 'zh-CN,zh;q=0.8',
  'cookie' => 'PHPSESSID=ti4g8grd5sv2vaflm7djtn7st5',
)
[ info ] [ PARAM ] array (
  'bg' => 'jiant.png',
)
[ info ] [ LOG ] INIT File
---------------------------------------------------------------
[ 2017-10-31T14:54:48+08:00 ] 127.0.0.1 127.0.0.1 GET /index/index/user_coupon.html
[ info ] www.anmo.com/index/index/user_coupon.html [运行时间：0.505843s][吞吐率：1.98req/s] [内存消耗：5,828.63kb] [文件加载：55]
[ info ] [ LANG ] C:\wamp64\www\anmo\thinkphp\lang\zh-cn.php
[ info ] [ ROUTE ] array (
  'type' => 'module',
  'module' => 
  array (
    0 => 'index',
    1 => 'index',
    2 => 'user_coupon',
  ),
)
[ info ] [ HEADER ] array (
  'host' => 'www.anmo.com',
  'connection' => 'keep-alive',
  'user-agent' => 'Mozilla/5.0 (Linux; Android 5.1.1; Nexus 6 Build/LYZ28E) AppleWebKit/537.36 (KHTML, like Gecko) Chrome/61.0.3163.100 Mobile Safari/537.36',
  'upgrade-insecure-requests' => '1',
  'accept' => 'text/html,application/xhtml+xml,application/xml;q=0.9,image/webp,image/apng,*/*;q=0.8',
  'accept-encoding' => 'gzip, deflate',
  'accept-language' => 'zh-CN,zh;q=0.8',
  'cookie' => 'PHPSESSID=ti4g8grd5sv2vaflm7djtn7st5',
)
[ info ] [ PARAM ] array (
)
[ info ] [ DB ] INIT mysql
[ info ] [ SESSION ] INIT array (
  'id' => '',
  'var_session_id' => '',
  'prefix' => 'think',
  'type' => '',
  'auto_start' => true,
  'expire' => 3600,
)
[ info ] [ LOG ] INIT File
[ sql ] [ DB ] CONNECT:[ UseTime:0.057814s ] mysql:dbname=anmo;host=114.55.28.85;charset=utf8
[ sql ] [ SQL ] SHOW COLUMNS FROM `user_coupon` [ RunTime:0.060718s ]
[ sql ] [ SQL ] UPDATE `user_coupon`  SET `status`=2  WHERE  `status` = 1  AND `end_time` <= 1509432888 [ RunTime:0.030803s ]
[ sql ] [ SQL ] SHOW COLUMNS FROM `arrange` [ RunTime:0.031109s ]
[ sql ] [ SQL ] SELECT * FROM `arrange` WHERE  `status` = 1 [ RunTime:0.038155s ]
---------------------------------------------------------------
[ 2017-10-31T16:50:38+08:00 ] 127.0.0.1 127.0.0.1 GET /index/index/user_coupon
[ info ] www.anmo.com/index/index/user_coupon [运行时间：0.348752s][吞吐率：2.87req/s] [内存消耗：5,827.54kb] [文件加载：55]
[ info ] [ LANG ] C:\wamp64\www\anmo\thinkphp\lang\zh-cn.php
[ info ] [ ROUTE ] array (
  'type' => 'module',
  'module' => 
  array (
    0 => 'index',
    1 => 'index',
    2 => 'user_coupon',
  ),
)
[ info ] [ HEADER ] array (
  'host' => 'www.anmo.com',
  'connection' => 'keep-alive',
  'user-agent' => 'Mozilla/5.0 (Windows NT 10.0; Win64; x64) AppleWebKit/537.36 (KHTML, like Gecko) Chrome/61.0.3163.100 Safari/537.36',
  'upgrade-insecure-requests' => '1',
  'accept' => 'text/html,application/xhtml+xml,application/xml;q=0.9,image/webp,image/apng,*/*;q=0.8',
  'accept-encoding' => 'gzip, deflate',
  'accept-language' => 'zh-CN,zh;q=0.8',
)
[ info ] [ PARAM ] array (
)
[ info ] [ DB ] INIT mysql
[ info ] [ SESSION ] INIT array (
  'id' => '',
  'var_session_id' => '',
  'prefix' => 'think',
  'type' => '',
  'auto_start' => true,
  'expire' => 3600,
)
[ info ] [ LOG ] INIT File
[ sql ] [ DB ] CONNECT:[ UseTime:0.052265s ] mysql:dbname=anmo;host=114.55.28.85;charset=utf8
[ sql ] [ SQL ] SHOW COLUMNS FROM `user_coupon` [ RunTime:0.032420s ]
[ sql ] [ SQL ] UPDATE `user_coupon`  SET `status`=2  WHERE  `status` = 1  AND `end_time` <= 1509439838 [ RunTime:0.035088s ]
[ sql ] [ SQL ] SHOW COLUMNS FROM `arrange` [ RunTime:0.053389s ]
[ sql ] [ SQL ] SELECT * FROM `arrange` WHERE  `status` = 1 [ RunTime:0.035823s ]
---------------------------------------------------------------
[ 2017-10-31T17:44:00+08:00 ] 127.0.0.1 127.0.0.1 GET /admin/main/index.html
[ info ] www.anmo.com/admin/main/index.html [运行时间：0.096212s][吞吐率：10.39req/s] [内存消耗：3,182.86kb] [文件加载：48]
[ info ] [ LANG ] C:\wamp64\www\anmo\thinkphp\lang\zh-cn.php
[ info ] [ ROUTE ] array (
  'type' => 'module',
  'module' => 
  array (
    0 => 'admin',
    1 => 'main',
    2 => 'index',
  ),
)
[ info ] [ HEADER ] array (
  'host' => 'www.anmo.com',
  'connection' => 'keep-alive',
  'user-agent' => 'Mozilla/5.0 (Windows NT 10.0; Win64; x64) AppleWebKit/537.36 (KHTML, like Gecko) Chrome/61.0.3163.100 Safari/537.36',
  'upgrade-insecure-requests' => '1',
  'accept' => 'text/html,application/xhtml+xml,application/xml;q=0.9,image/webp,image/apng,*/*;q=0.8',
  'accept-encoding' => 'gzip, deflate',
  'accept-language' => 'zh-CN,zh;q=0.8',
  'cookie' => 'PHPSESSID=c3mvit7rrue9tosrcjgn9hblr0',
)
[ info ] [ PARAM ] array (
)
[ info ] [ SESSION ] INIT array (
  'id' => '',
  'var_session_id' => '',
  'prefix' => 'think',
  'type' => '',
  'auto_start' => true,
  'expire' => 3600,
)
[ info ] [ LOG ] INIT File
---------------------------------------------------------------
[ 2017-10-31T17:44:00+08:00 ] 127.0.0.1 127.0.0.1 GET /admin/index/login.html
[ info ] www.anmo.com/admin/index/login.html [运行时间：0.047648s][吞吐率：20.99req/s] [内存消耗：3,114.49kb] [文件加载：46]
[ info ] [ LANG ] C:\wamp64\www\anmo\thinkphp\lang\zh-cn.php
[ info ] [ ROUTE ] array (
  'type' => 'module',
  'module' => 
  array (
    0 => 'admin',
    1 => 'index',
    2 => 'login',
  ),
)
[ info ] [ HEADER ] array (
  'host' => 'www.anmo.com',
  'connection' => 'keep-alive',
  'user-agent' => 'Mozilla/5.0 (Windows NT 10.0; Win64; x64) AppleWebKit/537.36 (KHTML, like Gecko) Chrome/61.0.3163.100 Safari/537.36',
  'upgrade-insecure-requests' => '1',
  'accept' => 'text/html,application/xhtml+xml,application/xml;q=0.9,image/webp,image/apng,*/*;q=0.8',
  'accept-encoding' => 'gzip, deflate',
  'accept-language' => 'zh-CN,zh;q=0.8',
  'cookie' => 'PHPSESSID=c3mvit7rrue9tosrcjgn9hblr0',
)
[ info ] [ PARAM ] array (
)
[ info ] [ RUN ] app\admin\controller\Index->login[ C:\wamp64\www\anmo\application\admin\controller\Index.php ]
[ info ] [ SESSION ] INIT array (
  'id' => '',
  'var_session_id' => '',
  'prefix' => 'think',
  'type' => '',
  'auto_start' => true,
  'expire' => 3600,
)
[ info ] [ VIEW ] C:\wamp64\www\anmo\public/../application/admin\view\Default\index\login.html [ array (
) ]
[ info ] [ LOG ] INIT File
---------------------------------------------------------------
[ 2017-10-31T17:44:01+08:00 ] 127.0.0.1 127.0.0.1 GET /captcha.html
[ info ] www.anmo.com/captcha.html [运行时间：0.092936s][吞吐率：10.76req/s] [内存消耗：2,573.71kb] [文件加载：39]
[ info ] [ LANG ] C:\wamp64\www\anmo\thinkphp\lang\zh-cn.php
[ info ] [ ROUTE ] array (
  'type' => 'method',
  'method' => 
  array (
    0 => '\\think\\captcha\\CaptchaController',
    1 => 'index',
  ),
  'var' => 
  array (
  ),
)
[ info ] [ HEADER ] array (
  'host' => 'www.anmo.com',
  'connection' => 'keep-alive',
  'user-agent' => 'Mozilla/5.0 (Windows NT 10.0; Win64; x64) AppleWebKit/537.36 (KHTML, like Gecko) Chrome/61.0.3163.100 Safari/537.36',
  'accept' => 'image/webp,image/apng,image/*,*/*;q=0.8',
  'referer' => 'http://www.anmo.com/admin/index/login.html',
  'accept-encoding' => 'gzip, deflate',
  'accept-language' => 'zh-CN,zh;q=0.8',
  'cookie' => 'PHPSESSID=c3mvit7rrue9tosrcjgn9hblr0',
)
[ info ] [ PARAM ] array (
  'id' => NULL,
)
[ info ] [ RUN ] think\captcha\CaptchaController->index[ C:\wamp64\www\anmo\vendor\topthink\think-captcha\src\CaptchaController.php ]
[ info ] [ SESSION ] INIT array (
  'id' => '',
  'var_session_id' => '',
  'prefix' => 'think',
  'type' => '',
  'auto_start' => true,
  'expire' => 3600,
)
[ info ] [ LOG ] INIT File
---------------------------------------------------------------
[ 2017-10-31T17:44:01+08:00 ] 127.0.0.1 127.0.0.1 GET /static/admin/image/bg/jiant.png
[ info ] www.anmo.com/static/admin/image/bg/jiant.png [运行时间：0.044139s][吞吐率：22.66req/s] [内存消耗：2,547.44kb] [文件加载：40]
[ info ] [ LANG ] C:\wamp64\www\anmo\thinkphp\lang\zh-cn.php
[ info ] [ ROUTE ] array (
  'type' => 'module',
  'module' => 
  array (
    0 => 'static',
    1 => 'admin',
    2 => 'image',
  ),
)
[ info ] [ HEADER ] array (
  'host' => 'www.anmo.com',
  'connection' => 'keep-alive',
  'user-agent' => 'Mozilla/5.0 (Windows NT 10.0; Win64; x64) AppleWebKit/537.36 (KHTML, like Gecko) Chrome/61.0.3163.100 Safari/537.36',
  'accept' => 'image/webp,image/apng,image/*,*/*;q=0.8',
  'referer' => 'http://www.anmo.com/static/admin/css/style-metro.css',
  'accept-encoding' => 'gzip, deflate',
  'accept-language' => 'zh-CN,zh;q=0.8',
  'cookie' => 'PHPSESSID=c3mvit7rrue9tosrcjgn9hblr0',
)
[ info ] [ PARAM ] array (
  'bg' => 'jiant.png',
)
[ info ] [ LOG ] INIT File
