---------------------------------------------------------------
[ 2017-12-18T09:27:28+08:00 ] 127.0.0.1 127.0.0.1 GET /index/index/zhanshi
[ info ] gu.dong/index/index/zhanshi [运行时间：6.091833s][吞吐率：0.16req/s] [内存消耗：3,645.77kb] [文件加载：68]
[ info ] [ LANG ] D:\new_exe\xampp\htdocs\gudong\thinkphp\lang\zh-cn.php
[ info ] [ ROUTE ] array (
  'type' => 'module',
  'module' => 
  array (
    0 => 'index',
    1 => 'index',
    2 => 'zhanshi',
  ),
)
[ info ] [ HEADER ] array (
  'host' => 'gu.dong',
  'connection' => 'keep-alive',
  'user-agent' => 'Mozilla/5.0 (Windows NT 10.0; WOW64) AppleWebKit/537.36 (KHTML, like Gecko) Chrome/63.0.3239.84 Safari/537.36',
  'upgrade-insecure-requests' => '1',
  'accept' => 'text/html,application/xhtml+xml,application/xml;q=0.9,image/webp,image/apng,*/*;q=0.8',
  'accept-encoding' => 'gzip, deflate',
  'accept-language' => 'zh-CN,zh;q=0.9',
)
[ info ] [ PARAM ] array (
)
[ info ] [ SESSION ] INIT array (
  'id' => '',
  'var_session_id' => '',
  'prefix' => 'think',
  'type' => '',
  'auto_start' => true,
  'expire' => 3600,
)
[ info ] [ DB ] INIT mysql
[ info ] [ RUN ] app\index\controller\Index->zhanshi[ D:\new_exe\xampp\htdocs\gudong\application\index\controller\Index.php ]
[ info ] [ CACHE ] INIT File
[ info ] [ VIEW ] D:\new_exe\xampp\htdocs\gudong\public/../application/index\view\Default\index_new\zhanshi.html [ array (
  0 => 'base_path',
  1 => 'showTop',
  2 => 'uid',
  3 => 'momentsObj',
  4 => 'identity',
) ]
[ info ] [ LOG ] INIT File
[ sql ] [ DB ] CONNECT:[ UseTime:0.211029s ] mysql:dbname=gudong;host=120.25.64.89;charset=utf8
[ sql ] [ SQL ] SHOW COLUMNS FROM `user` [ RunTime:0.083752s ]
[ sql ] [ SQL ] SELECT * FROM `user` WHERE  `user_id` = 5 LIMIT 1 [ RunTime:0.070335s ]
[ sql ] [ SQL ] SHOW COLUMNS FROM `user_nosee` [ RunTime:0.068884s ]
[ sql ] [ SQL ] SELECT nosee_id user_id FROM `user_nosee` WHERE  `uid` = 5  AND `status` = 1 [ RunTime:0.065548s ]
[ sql ] [ SQL ] SHOW COLUMNS FROM `moment` [ RunTime:0.071017s ]
[ sql ] [ SQL ] SELECT COUNT(*) AS tp_count FROM `moment` `m` RIGHT JOIN `user` `u` ON `u`.`user_id`=`m`.`user_id` WHERE  `m`.`status` = 1  AND (  `m`.`see` = 1 OR (  `m`.`see` = 0  AND `m`.`user_id` = '5' ) )  AND `m`.`user_id` NOT IN ('')  AND `u`.`status` = 1 LIMIT 1 [ RunTime:0.072782s ]
[ sql ] [ SQL ] SELECT * FROM `moment` `m` RIGHT JOIN `user` `u` ON `u`.`user_id`=`m`.`user_id` WHERE  `m`.`status` = 1  AND (  `m`.`see` = 1 OR (  `m`.`see` = 0  AND `m`.`user_id` = '5' ) )  AND `m`.`user_id` NOT IN ('')  AND `u`.`status` = 1 ORDER BY m.add_ts desc LIMIT 0,4 [ RunTime:0.070959s ]
[ sql ] [ SQL ] SELECT * FROM `moment` WHERE  `moment_id` = 71 LIMIT 1 [ RunTime:0.075669s ]
[ sql ] [ SQL ] UPDATE `moment`  SET `read_num`=3  WHERE  `moment_id` = 71 [ RunTime:0.081750s ]
[ sql ] [ SQL ] SELECT * FROM `moment` WHERE  `moment_id` = 71 LIMIT 1 [ RunTime:0.070908s ]
[ sql ] [ SQL ] SHOW COLUMNS FROM `comment` [ RunTime:0.077000s ]
[ sql ] [ SQL ] SELECT * FROM `comment` WHERE  `moment_id` = 71  AND `status` = 1 [ RunTime:0.075146s ]
[ sql ] [ SQL ] SELECT * FROM `user` WHERE  `user_id` = 5 LIMIT 1 [ RunTime:0.081675s ]
[ sql ] [ SQL ] SHOW COLUMNS FROM `thumb` [ RunTime:0.092763s ]
[ sql ] [ SQL ] SELECT SUM(times) AS tp_sum FROM `thumb` WHERE  `moment_id` = 71  AND `status` = 1 LIMIT 1 [ RunTime:0.075160s ]
[ sql ] [ SQL ] SELECT COUNT(*) AS tp_count FROM `comment` WHERE  `moment_id` = 71  AND `status` = 1 LIMIT 1 [ RunTime:0.071431s ]
[ sql ] [ SQL ] SHOW COLUMNS FROM `collection` [ RunTime:0.066571s ]
[ sql ] [ SQL ] SELECT COUNT(*) AS tp_count FROM `collection` WHERE  `moment_id` = 71  AND `status` = 1 LIMIT 1 [ RunTime:0.067285s ]
[ sql ] [ SQL ] SELECT COUNT(*) AS tp_count FROM `thumb` WHERE  `moment_id` = 71  AND `user_id` = 5  AND `status` = 1 LIMIT 1 [ RunTime:0.070905s ]
[ sql ] [ SQL ] SELECT COUNT(*) AS tp_count FROM `collection` WHERE  `moment_id` = 71  AND `user_id` = 5  AND `status` = 1 LIMIT 1 [ RunTime:0.084226s ]
[ sql ] [ SQL ] SELECT * FROM `moment` WHERE  `moment_id` = 70 LIMIT 1 [ RunTime:0.065198s ]
[ sql ] [ SQL ] UPDATE `moment`  SET `read_num`=3  WHERE  `moment_id` = 70 [ RunTime:0.069769s ]
[ sql ] [ SQL ] SELECT * FROM `moment` WHERE  `moment_id` = 70 LIMIT 1 [ RunTime:0.065102s ]
[ sql ] [ SQL ] SELECT * FROM `comment` WHERE  `moment_id` = 70  AND `status` = 1 [ RunTime:0.074563s ]
[ sql ] [ SQL ] SELECT * FROM `user` WHERE  `user_id` = 5 LIMIT 1 [ RunTime:0.066405s ]
[ sql ] [ SQL ] SELECT SUM(times) AS tp_sum FROM `thumb` WHERE  `moment_id` = 70  AND `status` = 1 LIMIT 1 [ RunTime:0.068319s ]
[ sql ] [ SQL ] SELECT COUNT(*) AS tp_count FROM `comment` WHERE  `moment_id` = 70  AND `status` = 1 LIMIT 1 [ RunTime:0.071321s ]
[ sql ] [ SQL ] SELECT COUNT(*) AS tp_count FROM `collection` WHERE  `moment_id` = 70  AND `status` = 1 LIMIT 1 [ RunTime:0.069980s ]
[ sql ] [ SQL ] SELECT COUNT(*) AS tp_count FROM `thumb` WHERE  `moment_id` = 70  AND `user_id` = 5  AND `status` = 1 LIMIT 1 [ RunTime:0.115645s ]
[ sql ] [ SQL ] SELECT COUNT(*) AS tp_count FROM `collection` WHERE  `moment_id` = 70  AND `user_id` = 5  AND `status` = 1 LIMIT 1 [ RunTime:0.104643s ]
[ sql ] [ SQL ] SELECT * FROM `moment` WHERE  `moment_id` = 69 LIMIT 1 [ RunTime:0.101811s ]
[ sql ] [ SQL ] UPDATE `moment`  SET `read_num`=3  WHERE  `moment_id` = 69 [ RunTime:0.129053s ]
[ sql ] [ SQL ] SELECT * FROM `moment` WHERE  `moment_id` = 69 LIMIT 1 [ RunTime:0.101938s ]
[ sql ] [ SQL ] SELECT * FROM `comment` WHERE  `moment_id` = 69  AND `status` = 1 [ RunTime:0.110325s ]
[ sql ] [ SQL ] SELECT * FROM `user` WHERE  `user_id` = 5 LIMIT 1 [ RunTime:0.189796s ]
[ sql ] [ SQL ] SELECT SUM(times) AS tp_sum FROM `thumb` WHERE  `moment_id` = 69  AND `status` = 1 LIMIT 1 [ RunTime:0.071304s ]
[ sql ] [ SQL ] SELECT COUNT(*) AS tp_count FROM `comment` WHERE  `moment_id` = 69  AND `status` = 1 LIMIT 1 [ RunTime:0.069149s ]
[ sql ] [ SQL ] SELECT COUNT(*) AS tp_count FROM `collection` WHERE  `moment_id` = 69  AND `status` = 1 LIMIT 1 [ RunTime:0.073678s ]
[ sql ] [ SQL ] SELECT COUNT(*) AS tp_count FROM `thumb` WHERE  `moment_id` = 69  AND `user_id` = 5  AND `status` = 1 LIMIT 1 [ RunTime:0.092243s ]
[ sql ] [ SQL ] SELECT COUNT(*) AS tp_count FROM `collection` WHERE  `moment_id` = 69  AND `user_id` = 5  AND `status` = 1 LIMIT 1 [ RunTime:0.102216s ]
[ sql ] [ SQL ] SELECT * FROM `moment` WHERE  `moment_id` = 68 LIMIT 1 [ RunTime:0.102361s ]
[ sql ] [ SQL ] UPDATE `moment`  SET `read_num`=3  WHERE  `moment_id` = 68 [ RunTime:0.101796s ]
[ sql ] [ SQL ] SELECT * FROM `moment` WHERE  `moment_id` = 68 LIMIT 1 [ RunTime:0.099685s ]
[ sql ] [ SQL ] SELECT * FROM `comment` WHERE  `moment_id` = 68  AND `status` = 1 [ RunTime:0.147481s ]
[ sql ] [ SQL ] SELECT * FROM `user` WHERE  `user_id` = 5 LIMIT 1 [ RunTime:0.093845s ]
[ sql ] [ SQL ] SELECT SUM(times) AS tp_sum FROM `thumb` WHERE  `moment_id` = 68  AND `status` = 1 LIMIT 1 [ RunTime:0.099612s ]
[ sql ] [ SQL ] SELECT COUNT(*) AS tp_count FROM `comment` WHERE  `moment_id` = 68  AND `status` = 1 LIMIT 1 [ RunTime:0.097913s ]
[ sql ] [ SQL ] SELECT COUNT(*) AS tp_count FROM `collection` WHERE  `moment_id` = 68  AND `status` = 1 LIMIT 1 [ RunTime:0.079408s ]
[ sql ] [ SQL ] SELECT COUNT(*) AS tp_count FROM `thumb` WHERE  `moment_id` = 68  AND `user_id` = 5  AND `status` = 1 LIMIT 1 [ RunTime:0.073860s ]
[ sql ] [ SQL ] SELECT COUNT(*) AS tp_count FROM `collection` WHERE  `moment_id` = 68  AND `user_id` = 5  AND `status` = 1 LIMIT 1 [ RunTime:0.069380s ]
[ sql ] [ SQL ] SELECT * FROM `user` WHERE  `user_id` = 5 LIMIT 1 [ RunTime:0.138999s ]
---------------------------------------------------------------
[ 2017-12-18T09:27:29+08:00 ] 127.0.0.1 127.0.0.1 GET /uploads/mphoto/201712111120418444.jpeg
[ info ] gu.dong/uploads/mphoto/201712111120418444.jpeg [运行时间：0.411544s][吞吐率：2.43req/s] [内存消耗：1,426.07kb] [文件加载：40]
[ info ] [ LANG ] D:\new_exe\xampp\htdocs\gudong\thinkphp\lang\zh-cn.php
[ info ] [ ROUTE ] array (
  'type' => 'module',
  'module' => 
  array (
    0 => 'uploads',
    1 => 'mphoto',
    2 => '201712111120418444.jpeg',
  ),
)
[ info ] [ HEADER ] array (
  'host' => 'gu.dong',
  'connection' => 'keep-alive',
  'user-agent' => 'Mozilla/5.0 (Windows NT 10.0; WOW64) AppleWebKit/537.36 (KHTML, like Gecko) Chrome/63.0.3239.84 Safari/537.36',
  'accept' => 'image/webp,image/apng,image/*,*/*;q=0.8',
  'referer' => 'http://gu.dong/index/index/zhanshi',
  'accept-encoding' => 'gzip, deflate',
  'accept-language' => 'zh-CN,zh;q=0.9',
  'cookie' => 'PHPSESSID=s0rslh6sq588m5j3aahajm01r2',
)
[ info ] [ PARAM ] array (
)
[ info ] [ LOG ] INIT File
---------------------------------------------------------------
[ 2017-12-18T09:27:29+08:00 ] 127.0.0.1 127.0.0.1 GET /uploads/mphoto/201712141706382738.jpeg
[ info ] gu.dong/uploads/mphoto/201712141706382738.jpeg [运行时间：0.451248s][吞吐率：2.22req/s] [内存消耗：1,426.04kb] [文件加载：40]
[ info ] [ LANG ] D:\new_exe\xampp\htdocs\gudong\thinkphp\lang\zh-cn.php
[ info ] [ ROUTE ] array (
  'type' => 'module',
  'module' => 
  array (
    0 => 'uploads',
    1 => 'mphoto',
    2 => '201712141706382738.jpeg',
  ),
)
[ info ] [ HEADER ] array (
  'host' => 'gu.dong',
  'connection' => 'keep-alive',
  'user-agent' => 'Mozilla/5.0 (Windows NT 10.0; WOW64) AppleWebKit/537.36 (KHTML, like Gecko) Chrome/63.0.3239.84 Safari/537.36',
  'accept' => 'image/webp,image/apng,image/*,*/*;q=0.8',
  'referer' => 'http://gu.dong/index/index/zhanshi',
  'accept-encoding' => 'gzip, deflate',
  'accept-language' => 'zh-CN,zh;q=0.9',
  'cookie' => 'PHPSESSID=s0rslh6sq588m5j3aahajm01r2',
)
[ info ] [ PARAM ] array (
)
[ info ] [ LOG ] INIT File
---------------------------------------------------------------
[ 2017-12-18T09:27:29+08:00 ] 127.0.0.1 127.0.0.1 GET /uploads/mphoto/201712141705485378.jpeg
[ info ] gu.dong/uploads/mphoto/201712141705485378.jpeg [运行时间：0.424386s][吞吐率：2.36req/s] [内存消耗：1,426.07kb] [文件加载：40]
[ info ] [ LANG ] D:\new_exe\xampp\htdocs\gudong\thinkphp\lang\zh-cn.php
[ info ] [ ROUTE ] array (
  'type' => 'module',
  'module' => 
  array (
    0 => 'uploads',
    1 => 'mphoto',
    2 => '201712141705485378.jpeg',
  ),
)
[ info ] [ HEADER ] array (
  'host' => 'gu.dong',
  'connection' => 'keep-alive',
  'user-agent' => 'Mozilla/5.0 (Windows NT 10.0; WOW64) AppleWebKit/537.36 (KHTML, like Gecko) Chrome/63.0.3239.84 Safari/537.36',
  'accept' => 'image/webp,image/apng,image/*,*/*;q=0.8',
  'referer' => 'http://gu.dong/index/index/zhanshi',
  'accept-encoding' => 'gzip, deflate',
  'accept-language' => 'zh-CN,zh;q=0.9',
  'cookie' => 'PHPSESSID=s0rslh6sq588m5j3aahajm01r2',
)
[ info ] [ PARAM ] array (
)
[ info ] [ LOG ] INIT File
---------------------------------------------------------------
[ 2017-12-18T09:27:29+08:00 ] 127.0.0.1 127.0.0.1 GET /uploads/mphoto/201712111124212501.jpeg
[ info ] gu.dong/uploads/mphoto/201712111124212501.jpeg [运行时间：0.424330s][吞吐率：2.36req/s] [内存消耗：1,426.07kb] [文件加载：40]
[ info ] [ LANG ] D:\new_exe\xampp\htdocs\gudong\thinkphp\lang\zh-cn.php
[ info ] [ ROUTE ] array (
  'type' => 'module',
  'module' => 
  array (
    0 => 'uploads',
    1 => 'mphoto',
    2 => '201712111124212501.jpeg',
  ),
)
[ info ] [ HEADER ] array (
  'host' => 'gu.dong',
  'connection' => 'keep-alive',
  'user-agent' => 'Mozilla/5.0 (Windows NT 10.0; WOW64) AppleWebKit/537.36 (KHTML, like Gecko) Chrome/63.0.3239.84 Safari/537.36',
  'accept' => 'image/webp,image/apng,image/*,*/*;q=0.8',
  'referer' => 'http://gu.dong/index/index/zhanshi',
  'accept-encoding' => 'gzip, deflate',
  'accept-language' => 'zh-CN,zh;q=0.9',
  'cookie' => 'PHPSESSID=s0rslh6sq588m5j3aahajm01r2',
)
[ info ] [ PARAM ] array (
)
[ info ] [ LOG ] INIT File
---------------------------------------------------------------
[ 2017-12-18T09:33:15+08:00 ] 127.0.0.1 127.0.0.1 GET /index/index/zhanshi
[ info ] gu.dong/index/index/zhanshi [运行时间：4.410969s][吞吐率：0.23req/s] [内存消耗：3,646.49kb] [文件加载：68]
[ info ] [ LANG ] D:\new_exe\xampp\htdocs\gudong\thinkphp\lang\zh-cn.php
[ info ] [ ROUTE ] array (
  'type' => 'module',
  'module' => 
  array (
    0 => 'index',
    1 => 'index',
    2 => 'zhanshi',
  ),
)
[ info ] [ HEADER ] array (
  'host' => 'gu.dong',
  'connection' => 'keep-alive',
  'pragma' => 'no-cache',
  'cache-control' => 'no-cache',
  'upgrade-insecure-requests' => '1',
  'user-agent' => 'Mozilla/5.0 (iPhone; CPU iPhone OS 10_3 like Mac OS X) AppleWebKit/602.1.50 (KHTML, like Gecko) CriOS/56.0.2924.75 Mobile/14E5239e Safari/602.1',
  'accept' => 'text/html,application/xhtml+xml,application/xml;q=0.9,image/webp,image/apng,*/*;q=0.8',
  'accept-encoding' => 'gzip, deflate',
  'accept-language' => 'zh-CN,zh;q=0.9',
  'cookie' => 'PHPSESSID=s0rslh6sq588m5j3aahajm01r2',
)
[ info ] [ PARAM ] array (
)
[ info ] [ SESSION ] INIT array (
  'id' => '',
  'var_session_id' => '',
  'prefix' => 'think',
  'type' => '',
  'auto_start' => true,
  'expire' => 3600,
)
[ info ] [ DB ] INIT mysql
[ info ] [ RUN ] app\index\controller\Index->zhanshi[ D:\new_exe\xampp\htdocs\gudong\application\index\controller\Index.php ]
[ info ] [ CACHE ] INIT File
[ info ] [ VIEW ] D:\new_exe\xampp\htdocs\gudong\public/../application/index\view\Default\index_new\zhanshi.html [ array (
  0 => 'base_path',
  1 => 'showTop',
  2 => 'uid',
  3 => 'momentsObj',
  4 => 'identity',
) ]
[ info ] [ LOG ] INIT File
[ sql ] [ DB ] CONNECT:[ UseTime:0.112069s ] mysql:dbname=gudong;host=120.25.64.89;charset=utf8
[ sql ] [ SQL ] SHOW COLUMNS FROM `user` [ RunTime:0.084190s ]
[ sql ] [ SQL ] SELECT * FROM `user` WHERE  `user_id` = 5 LIMIT 1 [ RunTime:0.077818s ]
[ sql ] [ SQL ] SHOW COLUMNS FROM `user_nosee` [ RunTime:0.086521s ]
[ sql ] [ SQL ] SELECT nosee_id user_id FROM `user_nosee` WHERE  `uid` = 5  AND `status` = 1 [ RunTime:0.079917s ]
[ sql ] [ SQL ] SHOW COLUMNS FROM `moment` [ RunTime:0.071292s ]
[ sql ] [ SQL ] SELECT COUNT(*) AS tp_count FROM `moment` `m` RIGHT JOIN `user` `u` ON `u`.`user_id`=`m`.`user_id` WHERE  `m`.`status` = 1  AND (  `m`.`see` = 1 OR (  `m`.`see` = 0  AND `m`.`user_id` = '5' ) )  AND `m`.`user_id` NOT IN ('')  AND `u`.`status` = 1 LIMIT 1 [ RunTime:0.101911s ]
[ sql ] [ SQL ] SELECT * FROM `moment` `m` RIGHT JOIN `user` `u` ON `u`.`user_id`=`m`.`user_id` WHERE  `m`.`status` = 1  AND (  `m`.`see` = 1 OR (  `m`.`see` = 0  AND `m`.`user_id` = '5' ) )  AND `m`.`user_id` NOT IN ('')  AND `u`.`status` = 1 ORDER BY m.add_ts desc LIMIT 0,4 [ RunTime:0.084674s ]
[ sql ] [ SQL ] SELECT * FROM `moment` WHERE  `moment_id` = 71 LIMIT 1 [ RunTime:0.072271s ]
[ sql ] [ SQL ] UPDATE `moment`  SET `read_num`=4  WHERE  `moment_id` = 71 [ RunTime:0.080884s ]
[ sql ] [ SQL ] SELECT * FROM `moment` WHERE  `moment_id` = 71 LIMIT 1 [ RunTime:0.085527s ]
[ sql ] [ SQL ] SHOW COLUMNS FROM `comment` [ RunTime:0.088990s ]
[ sql ] [ SQL ] SELECT * FROM `comment` WHERE  `moment_id` = 71  AND `status` = 1 [ RunTime:0.070993s ]
[ sql ] [ SQL ] SELECT * FROM `user` WHERE  `user_id` = 5 LIMIT 1 [ RunTime:0.070788s ]
[ sql ] [ SQL ] SHOW COLUMNS FROM `thumb` [ RunTime:0.084804s ]
[ sql ] [ SQL ] SELECT SUM(times) AS tp_sum FROM `thumb` WHERE  `moment_id` = 71  AND `status` = 1 LIMIT 1 [ RunTime:0.080776s ]
[ sql ] [ SQL ] SELECT COUNT(*) AS tp_count FROM `comment` WHERE  `moment_id` = 71  AND `status` = 1 LIMIT 1 [ RunTime:0.073395s ]
[ sql ] [ SQL ] SHOW COLUMNS FROM `collection` [ RunTime:0.072301s ]
[ sql ] [ SQL ] SELECT COUNT(*) AS tp_count FROM `collection` WHERE  `moment_id` = 71  AND `status` = 1 LIMIT 1 [ RunTime:0.066319s ]
[ sql ] [ SQL ] SELECT COUNT(*) AS tp_count FROM `thumb` WHERE  `moment_id` = 71  AND `user_id` = 5  AND `status` = 1 LIMIT 1 [ RunTime:0.089005s ]
[ sql ] [ SQL ] SELECT COUNT(*) AS tp_count FROM `collection` WHERE  `moment_id` = 71  AND `user_id` = 5  AND `status` = 1 LIMIT 1 [ RunTime:0.075146s ]
[ sql ] [ SQL ] SELECT * FROM `moment` WHERE  `moment_id` = 70 LIMIT 1 [ RunTime:0.119333s ]
[ sql ] [ SQL ] UPDATE `moment`  SET `read_num`=4  WHERE  `moment_id` = 70 [ RunTime:0.083386s ]
[ sql ] [ SQL ] SELECT * FROM `moment` WHERE  `moment_id` = 70 LIMIT 1 [ RunTime:0.087128s ]
[ sql ] [ SQL ] SELECT * FROM `comment` WHERE  `moment_id` = 70  AND `status` = 1 [ RunTime:0.076267s ]
[ sql ] [ SQL ] SELECT * FROM `user` WHERE  `user_id` = 5 LIMIT 1 [ RunTime:0.090330s ]
[ sql ] [ SQL ] SELECT SUM(times) AS tp_sum FROM `thumb` WHERE  `moment_id` = 70  AND `status` = 1 LIMIT 1 [ RunTime:0.097322s ]
[ sql ] [ SQL ] SELECT COUNT(*) AS tp_count FROM `comment` WHERE  `moment_id` = 70  AND `status` = 1 LIMIT 1 [ RunTime:0.079600s ]
[ sql ] [ SQL ] SELECT COUNT(*) AS tp_count FROM `collection` WHERE  `moment_id` = 70  AND `status` = 1 LIMIT 1 [ RunTime:0.070143s ]
[ sql ] [ SQL ] SELECT COUNT(*) AS tp_count FROM `thumb` WHERE  `moment_id` = 70  AND `user_id` = 5  AND `status` = 1 LIMIT 1 [ RunTime:0.075755s ]
[ sql ] [ SQL ] SELECT COUNT(*) AS tp_count FROM `collection` WHERE  `moment_id` = 70  AND `user_id` = 5  AND `status` = 1 LIMIT 1 [ RunTime:0.081855s ]
[ sql ] [ SQL ] SELECT * FROM `moment` WHERE  `moment_id` = 69 LIMIT 1 [ RunTime:0.089903s ]
[ sql ] [ SQL ] UPDATE `moment`  SET `read_num`=4  WHERE  `moment_id` = 69 [ RunTime:0.097886s ]
[ sql ] [ SQL ] SELECT * FROM `moment` WHERE  `moment_id` = 69 LIMIT 1 [ RunTime:0.085544s ]
[ sql ] [ SQL ] SELECT * FROM `comment` WHERE  `moment_id` = 69  AND `status` = 1 [ RunTime:0.069565s ]
[ sql ] [ SQL ] SELECT * FROM `user` WHERE  `user_id` = 5 LIMIT 1 [ RunTime:0.075506s ]
[ sql ] [ SQL ] SELECT SUM(times) AS tp_sum FROM `thumb` WHERE  `moment_id` = 69  AND `status` = 1 LIMIT 1 [ RunTime:0.075807s ]
[ sql ] [ SQL ] SELECT COUNT(*) AS tp_count FROM `comment` WHERE  `moment_id` = 69  AND `status` = 1 LIMIT 1 [ RunTime:0.085346s ]
[ sql ] [ SQL ] SELECT COUNT(*) AS tp_count FROM `collection` WHERE  `moment_id` = 69  AND `status` = 1 LIMIT 1 [ RunTime:0.077044s ]
[ sql ] [ SQL ] SELECT COUNT(*) AS tp_count FROM `thumb` WHERE  `moment_id` = 69  AND `user_id` = 5  AND `status` = 1 LIMIT 1 [ RunTime:0.074659s ]
[ sql ] [ SQL ] SELECT COUNT(*) AS tp_count FROM `collection` WHERE  `moment_id` = 69  AND `user_id` = 5  AND `status` = 1 LIMIT 1 [ RunTime:0.083857s ]
[ sql ] [ SQL ] SELECT * FROM `moment` WHERE  `moment_id` = 68 LIMIT 1 [ RunTime:0.076993s ]
[ sql ] [ SQL ] UPDATE `moment`  SET `read_num`=4  WHERE  `moment_id` = 68 [ RunTime:0.105410s ]
[ sql ] [ SQL ] SELECT * FROM `moment` WHERE  `moment_id` = 68 LIMIT 1 [ RunTime:0.080181s ]
[ sql ] [ SQL ] SELECT * FROM `comment` WHERE  `moment_id` = 68  AND `status` = 1 [ RunTime:0.069336s ]
[ sql ] [ SQL ] SELECT * FROM `user` WHERE  `user_id` = 5 LIMIT 1 [ RunTime:0.082678s ]
[ sql ] [ SQL ] SELECT SUM(times) AS tp_sum FROM `thumb` WHERE  `moment_id` = 68  AND `status` = 1 LIMIT 1 [ RunTime:0.072101s ]
[ sql ] [ SQL ] SELECT COUNT(*) AS tp_count FROM `comment` WHERE  `moment_id` = 68  AND `status` = 1 LIMIT 1 [ RunTime:0.085624s ]
[ sql ] [ SQL ] SELECT COUNT(*) AS tp_count FROM `collection` WHERE  `moment_id` = 68  AND `status` = 1 LIMIT 1 [ RunTime:0.076056s ]
[ sql ] [ SQL ] SELECT COUNT(*) AS tp_count FROM `thumb` WHERE  `moment_id` = 68  AND `user_id` = 5  AND `status` = 1 LIMIT 1 [ RunTime:0.083484s ]
[ sql ] [ SQL ] SELECT COUNT(*) AS tp_count FROM `collection` WHERE  `moment_id` = 68  AND `user_id` = 5  AND `status` = 1 LIMIT 1 [ RunTime:0.076630s ]
[ sql ] [ SQL ] SELECT * FROM `user` WHERE  `user_id` = 5 LIMIT 1 [ RunTime:0.073297s ]
---------------------------------------------------------------
[ 2017-12-18T09:33:16+08:00 ] 127.0.0.1 127.0.0.1 GET /uploads/mphoto/201712141706382738.jpeg
[ info ] gu.dong/uploads/mphoto/201712141706382738.jpeg [运行时间：0.044816s][吞吐率：22.31req/s] [内存消耗：1,426.59kb] [文件加载：40]
[ info ] [ LANG ] D:\new_exe\xampp\htdocs\gudong\thinkphp\lang\zh-cn.php
[ info ] [ ROUTE ] array (
  'type' => 'module',
  'module' => 
  array (
    0 => 'uploads',
    1 => 'mphoto',
    2 => '201712141706382738.jpeg',
  ),
)
[ info ] [ HEADER ] array (
  'host' => 'gu.dong',
  'connection' => 'keep-alive',
  'pragma' => 'no-cache',
  'cache-control' => 'no-cache',
  'user-agent' => 'Mozilla/5.0 (iPhone; CPU iPhone OS 10_3 like Mac OS X) AppleWebKit/602.1.50 (KHTML, like Gecko) CriOS/56.0.2924.75 Mobile/14E5239e Safari/602.1',
  'accept' => 'image/webp,image/apng,image/*,*/*;q=0.8',
  'referer' => 'http://gu.dong/index/index/zhanshi',
  'accept-encoding' => 'gzip, deflate',
  'accept-language' => 'zh-CN,zh;q=0.9',
  'cookie' => 'PHPSESSID=s0rslh6sq588m5j3aahajm01r2',
)
[ info ] [ PARAM ] array (
)
[ info ] [ LOG ] INIT File
---------------------------------------------------------------
[ 2017-12-18T09:33:16+08:00 ] 127.0.0.1 127.0.0.1 GET /uploads/mphoto/201712111120418444.jpeg
[ info ] gu.dong/uploads/mphoto/201712111120418444.jpeg [运行时间：0.047871s][吞吐率：20.89req/s] [内存消耗：1,426.59kb] [文件加载：40]
[ info ] [ LANG ] D:\new_exe\xampp\htdocs\gudong\thinkphp\lang\zh-cn.php
[ info ] [ ROUTE ] array (
  'type' => 'module',
  'module' => 
  array (
    0 => 'uploads',
    1 => 'mphoto',
    2 => '201712111120418444.jpeg',
  ),
)
[ info ] [ HEADER ] array (
  'host' => 'gu.dong',
  'connection' => 'keep-alive',
  'pragma' => 'no-cache',
  'cache-control' => 'no-cache',
  'user-agent' => 'Mozilla/5.0 (iPhone; CPU iPhone OS 10_3 like Mac OS X) AppleWebKit/602.1.50 (KHTML, like Gecko) CriOS/56.0.2924.75 Mobile/14E5239e Safari/602.1',
  'accept' => 'image/webp,image/apng,image/*,*/*;q=0.8',
  'referer' => 'http://gu.dong/index/index/zhanshi',
  'accept-encoding' => 'gzip, deflate',
  'accept-language' => 'zh-CN,zh;q=0.9',
  'cookie' => 'PHPSESSID=s0rslh6sq588m5j3aahajm01r2',
)
[ info ] [ PARAM ] array (
)
[ info ] [ LOG ] INIT File
---------------------------------------------------------------
[ 2017-12-18T09:33:16+08:00 ] 127.0.0.1 127.0.0.1 GET /uploads/mphoto/201712111124212501.jpeg
[ info ] gu.dong/uploads/mphoto/201712111124212501.jpeg [运行时间：0.040079s][吞吐率：24.95req/s] [内存消耗：1,426.59kb] [文件加载：40]
[ info ] [ LANG ] D:\new_exe\xampp\htdocs\gudong\thinkphp\lang\zh-cn.php
[ info ] [ ROUTE ] array (
  'type' => 'module',
  'module' => 
  array (
    0 => 'uploads',
    1 => 'mphoto',
    2 => '201712111124212501.jpeg',
  ),
)
[ info ] [ HEADER ] array (
  'host' => 'gu.dong',
  'connection' => 'keep-alive',
  'pragma' => 'no-cache',
  'cache-control' => 'no-cache',
  'user-agent' => 'Mozilla/5.0 (iPhone; CPU iPhone OS 10_3 like Mac OS X) AppleWebKit/602.1.50 (KHTML, like Gecko) CriOS/56.0.2924.75 Mobile/14E5239e Safari/602.1',
  'accept' => 'image/webp,image/apng,image/*,*/*;q=0.8',
  'referer' => 'http://gu.dong/index/index/zhanshi',
  'accept-encoding' => 'gzip, deflate',
  'accept-language' => 'zh-CN,zh;q=0.9',
  'cookie' => 'PHPSESSID=s0rslh6sq588m5j3aahajm01r2',
)
[ info ] [ PARAM ] array (
)
[ info ] [ LOG ] INIT File
---------------------------------------------------------------
[ 2017-12-18T09:33:16+08:00 ] 127.0.0.1 127.0.0.1 GET /uploads/mphoto/201712141705485378.jpeg
[ info ] gu.dong/uploads/mphoto/201712141705485378.jpeg [运行时间：0.045846s][吞吐率：21.81req/s] [内存消耗：1,426.59kb] [文件加载：40]
[ info ] [ LANG ] D:\new_exe\xampp\htdocs\gudong\thinkphp\lang\zh-cn.php
[ info ] [ ROUTE ] array (
  'type' => 'module',
  'module' => 
  array (
    0 => 'uploads',
    1 => 'mphoto',
    2 => '201712141705485378.jpeg',
  ),
)
[ info ] [ HEADER ] array (
  'host' => 'gu.dong',
  'connection' => 'keep-alive',
  'pragma' => 'no-cache',
  'cache-control' => 'no-cache',
  'user-agent' => 'Mozilla/5.0 (iPhone; CPU iPhone OS 10_3 like Mac OS X) AppleWebKit/602.1.50 (KHTML, like Gecko) CriOS/56.0.2924.75 Mobile/14E5239e Safari/602.1',
  'accept' => 'image/webp,image/apng,image/*,*/*;q=0.8',
  'referer' => 'http://gu.dong/index/index/zhanshi',
  'accept-encoding' => 'gzip, deflate',
  'accept-language' => 'zh-CN,zh;q=0.9',
  'cookie' => 'PHPSESSID=s0rslh6sq588m5j3aahajm01r2',
)
[ info ] [ PARAM ] array (
)
[ info ] [ LOG ] INIT File
---------------------------------------------------------------
[ 2017-12-18T09:35:52+08:00 ] 127.0.0.1 127.0.0.1 GET /index/index/zhanshi
[ info ] gu.dong/index/index/zhanshi [运行时间：4.669687s][吞吐率：0.21req/s] [内存消耗：3,646.49kb] [文件加载：68]
[ info ] [ LANG ] D:\new_exe\xampp\htdocs\gudong\thinkphp\lang\zh-cn.php
[ info ] [ ROUTE ] array (
  'type' => 'module',
  'module' => 
  array (
    0 => 'index',
    1 => 'index',
    2 => 'zhanshi',
  ),
)
[ info ] [ HEADER ] array (
  'host' => 'gu.dong',
  'connection' => 'keep-alive',
  'pragma' => 'no-cache',
  'cache-control' => 'no-cache',
  'upgrade-insecure-requests' => '1',
  'user-agent' => 'Mozilla/5.0 (iPhone; CPU iPhone OS 10_3 like Mac OS X) AppleWebKit/602.1.50 (KHTML, like Gecko) CriOS/56.0.2924.75 Mobile/14E5239e Safari/602.1',
  'accept' => 'text/html,application/xhtml+xml,application/xml;q=0.9,image/webp,image/apng,*/*;q=0.8',
  'accept-encoding' => 'gzip, deflate',
  'accept-language' => 'zh-CN,zh;q=0.9',
  'cookie' => 'PHPSESSID=s0rslh6sq588m5j3aahajm01r2',
)
[ info ] [ PARAM ] array (
)
[ info ] [ SESSION ] INIT array (
  'id' => '',
  'var_session_id' => '',
  'prefix' => 'think',
  'type' => '',
  'auto_start' => true,
  'expire' => 3600,
)
[ info ] [ DB ] INIT mysql
[ info ] [ RUN ] app\index\controller\Index->zhanshi[ D:\new_exe\xampp\htdocs\gudong\application\index\controller\Index.php ]
[ info ] [ CACHE ] INIT File
[ info ] [ VIEW ] D:\new_exe\xampp\htdocs\gudong\public/../application/index\view\Default\index_new\zhanshi.html [ array (
  0 => 'base_path',
  1 => 'showTop',
  2 => 'uid',
  3 => 'momentsObj',
  4 => 'identity',
) ]
[ info ] [ LOG ] INIT File
[ sql ] [ DB ] CONNECT:[ UseTime:0.126738s ] mysql:dbname=gudong;host=120.25.64.89;charset=utf8
[ sql ] [ SQL ] SHOW COLUMNS FROM `user` [ RunTime:0.079200s ]
[ sql ] [ SQL ] SELECT * FROM `user` WHERE  `user_id` = 5 LIMIT 1 [ RunTime:0.071686s ]
[ sql ] [ SQL ] SHOW COLUMNS FROM `user_nosee` [ RunTime:0.082166s ]
[ sql ] [ SQL ] SELECT nosee_id user_id FROM `user_nosee` WHERE  `uid` = 5  AND `status` = 1 [ RunTime:0.087030s ]
[ sql ] [ SQL ] SHOW COLUMNS FROM `moment` [ RunTime:0.090563s ]
[ sql ] [ SQL ] SELECT COUNT(*) AS tp_count FROM `moment` `m` RIGHT JOIN `user` `u` ON `u`.`user_id`=`m`.`user_id` WHERE  `m`.`status` = 1  AND (  `m`.`see` = 1 OR (  `m`.`see` = 0  AND `m`.`user_id` = '5' ) )  AND `m`.`user_id` NOT IN ('')  AND `u`.`status` = 1 LIMIT 1 [ RunTime:0.080310s ]
[ sql ] [ SQL ] SELECT * FROM `moment` `m` RIGHT JOIN `user` `u` ON `u`.`user_id`=`m`.`user_id` WHERE  `m`.`status` = 1  AND (  `m`.`see` = 1 OR (  `m`.`see` = 0  AND `m`.`user_id` = '5' ) )  AND `m`.`user_id` NOT IN ('')  AND `u`.`status` = 1 ORDER BY m.add_ts desc LIMIT 0,4 [ RunTime:0.084068s ]
[ sql ] [ SQL ] SELECT * FROM `moment` WHERE  `moment_id` = 71 LIMIT 1 [ RunTime:0.077383s ]
[ sql ] [ SQL ] UPDATE `moment`  SET `read_num`=5  WHERE  `moment_id` = 71 [ RunTime:0.081133s ]
[ sql ] [ SQL ] SELECT * FROM `moment` WHERE  `moment_id` = 71 LIMIT 1 [ RunTime:0.080233s ]
[ sql ] [ SQL ] SHOW COLUMNS FROM `comment` [ RunTime:0.103967s ]
[ sql ] [ SQL ] SELECT * FROM `comment` WHERE  `moment_id` = 71  AND `status` = 1 [ RunTime:0.088977s ]
[ sql ] [ SQL ] SELECT * FROM `user` WHERE  `user_id` = 5 LIMIT 1 [ RunTime:0.071061s ]
[ sql ] [ SQL ] SHOW COLUMNS FROM `thumb` [ RunTime:0.092084s ]
[ sql ] [ SQL ] SELECT SUM(times) AS tp_sum FROM `thumb` WHERE  `moment_id` = 71  AND `status` = 1 LIMIT 1 [ RunTime:0.099532s ]
[ sql ] [ SQL ] SELECT COUNT(*) AS tp_count FROM `comment` WHERE  `moment_id` = 71  AND `status` = 1 LIMIT 1 [ RunTime:0.081275s ]
[ sql ] [ SQL ] SHOW COLUMNS FROM `collection` [ RunTime:0.079552s ]
[ sql ] [ SQL ] SELECT COUNT(*) AS tp_count FROM `collection` WHERE  `moment_id` = 71  AND `status` = 1 LIMIT 1 [ RunTime:0.097194s ]
[ sql ] [ SQL ] SELECT COUNT(*) AS tp_count FROM `thumb` WHERE  `moment_id` = 71  AND `user_id` = 5  AND `status` = 1 LIMIT 1 [ RunTime:0.089875s ]
[ sql ] [ SQL ] SELECT COUNT(*) AS tp_count FROM `collection` WHERE  `moment_id` = 71  AND `user_id` = 5  AND `status` = 1 LIMIT 1 [ RunTime:0.077383s ]
[ sql ] [ SQL ] SELECT * FROM `moment` WHERE  `moment_id` = 70 LIMIT 1 [ RunTime:0.080839s ]
[ sql ] [ SQL ] UPDATE `moment`  SET `read_num`=5  WHERE  `moment_id` = 70 [ RunTime:0.082960s ]
[ sql ] [ SQL ] SELECT * FROM `moment` WHERE  `moment_id` = 70 LIMIT 1 [ RunTime:0.091934s ]
[ sql ] [ SQL ] SELECT * FROM `comment` WHERE  `moment_id` = 70  AND `status` = 1 [ RunTime:0.069994s ]
[ sql ] [ SQL ] SELECT * FROM `user` WHERE  `user_id` = 5 LIMIT 1 [ RunTime:0.086886s ]
[ sql ] [ SQL ] SELECT SUM(times) AS tp_sum FROM `thumb` WHERE  `moment_id` = 70  AND `status` = 1 LIMIT 1 [ RunTime:0.074778s ]
[ sql ] [ SQL ] SELECT COUNT(*) AS tp_count FROM `comment` WHERE  `moment_id` = 70  AND `status` = 1 LIMIT 1 [ RunTime:0.072482s ]
[ sql ] [ SQL ] SELECT COUNT(*) AS tp_count FROM `collection` WHERE  `moment_id` = 70  AND `status` = 1 LIMIT 1 [ RunTime:0.084178s ]
[ sql ] [ SQL ] SELECT COUNT(*) AS tp_count FROM `thumb` WHERE  `moment_id` = 70  AND `user_id` = 5  AND `status` = 1 LIMIT 1 [ RunTime:0.064678s ]
[ sql ] [ SQL ] SELECT COUNT(*) AS tp_count FROM `collection` WHERE  `moment_id` = 70  AND `user_id` = 5  AND `status` = 1 LIMIT 1 [ RunTime:0.061064s ]
[ sql ] [ SQL ] SELECT * FROM `moment` WHERE  `moment_id` = 69 LIMIT 1 [ RunTime:0.073399s ]
[ sql ] [ SQL ] UPDATE `moment`  SET `read_num`=5  WHERE  `moment_id` = 69 [ RunTime:0.086762s ]
[ sql ] [ SQL ] SELECT * FROM `moment` WHERE  `moment_id` = 69 LIMIT 1 [ RunTime:0.081736s ]
[ sql ] [ SQL ] SELECT * FROM `comment` WHERE  `moment_id` = 69  AND `status` = 1 [ RunTime:0.081242s ]
[ sql ] [ SQL ] SELECT * FROM `user` WHERE  `user_id` = 5 LIMIT 1 [ RunTime:0.079481s ]
[ sql ] [ SQL ] SELECT SUM(times) AS tp_sum FROM `thumb` WHERE  `moment_id` = 69  AND `status` = 1 LIMIT 1 [ RunTime:0.081608s ]
[ sql ] [ SQL ] SELECT COUNT(*) AS tp_count FROM `comment` WHERE  `moment_id` = 69  AND `status` = 1 LIMIT 1 [ RunTime:0.102736s ]
[ sql ] [ SQL ] SELECT COUNT(*) AS tp_count FROM `collection` WHERE  `moment_id` = 69  AND `status` = 1 LIMIT 1 [ RunTime:0.094670s ]
[ sql ] [ SQL ] SELECT COUNT(*) AS tp_count FROM `thumb` WHERE  `moment_id` = 69  AND `user_id` = 5  AND `status` = 1 LIMIT 1 [ RunTime:0.085059s ]
[ sql ] [ SQL ] SELECT COUNT(*) AS tp_count FROM `collection` WHERE  `moment_id` = 69  AND `user_id` = 5  AND `status` = 1 LIMIT 1 [ RunTime:0.097093s ]
[ sql ] [ SQL ] SELECT * FROM `moment` WHERE  `moment_id` = 68 LIMIT 1 [ RunTime:0.085129s ]
[ sql ] [ SQL ] UPDATE `moment`  SET `read_num`=5  WHERE  `moment_id` = 68 [ RunTime:0.080755s ]
[ sql ] [ SQL ] SELECT * FROM `moment` WHERE  `moment_id` = 68 LIMIT 1 [ RunTime:0.115635s ]
[ sql ] [ SQL ] SELECT * FROM `comment` WHERE  `moment_id` = 68  AND `status` = 1 [ RunTime:0.071920s ]
[ sql ] [ SQL ] SELECT * FROM `user` WHERE  `user_id` = 5 LIMIT 1 [ RunTime:0.087605s ]
[ sql ] [ SQL ] SELECT SUM(times) AS tp_sum FROM `thumb` WHERE  `moment_id` = 68  AND `status` = 1 LIMIT 1 [ RunTime:0.096519s ]
[ sql ] [ SQL ] SELECT COUNT(*) AS tp_count FROM `comment` WHERE  `moment_id` = 68  AND `status` = 1 LIMIT 1 [ RunTime:0.105303s ]
[ sql ] [ SQL ] SELECT COUNT(*) AS tp_count FROM `collection` WHERE  `moment_id` = 68  AND `status` = 1 LIMIT 1 [ RunTime:0.147794s ]
[ sql ] [ SQL ] SELECT COUNT(*) AS tp_count FROM `thumb` WHERE  `moment_id` = 68  AND `user_id` = 5  AND `status` = 1 LIMIT 1 [ RunTime:0.085314s ]
[ sql ] [ SQL ] SELECT COUNT(*) AS tp_count FROM `collection` WHERE  `moment_id` = 68  AND `user_id` = 5  AND `status` = 1 LIMIT 1 [ RunTime:0.104057s ]
[ sql ] [ SQL ] SELECT * FROM `user` WHERE  `user_id` = 5 LIMIT 1 [ RunTime:0.094203s ]
---------------------------------------------------------------
[ 2017-12-18T09:35:52+08:00 ] 127.0.0.1 127.0.0.1 GET /uploads/mphoto/201712141706382738.jpeg
[ info ] gu.dong/uploads/mphoto/201712141706382738.jpeg [运行时间：0.042749s][吞吐率：23.39req/s] [内存消耗：1,426.59kb] [文件加载：40]
[ info ] [ LANG ] D:\new_exe\xampp\htdocs\gudong\thinkphp\lang\zh-cn.php
[ info ] [ ROUTE ] array (
  'type' => 'module',
  'module' => 
  array (
    0 => 'uploads',
    1 => 'mphoto',
    2 => '201712141706382738.jpeg',
  ),
)
[ info ] [ HEADER ] array (
  'host' => 'gu.dong',
  'connection' => 'keep-alive',
  'pragma' => 'no-cache',
  'cache-control' => 'no-cache',
  'user-agent' => 'Mozilla/5.0 (iPhone; CPU iPhone OS 10_3 like Mac OS X) AppleWebKit/602.1.50 (KHTML, like Gecko) CriOS/56.0.2924.75 Mobile/14E5239e Safari/602.1',
  'accept' => 'image/webp,image/apng,image/*,*/*;q=0.8',
  'referer' => 'http://gu.dong/index/index/zhanshi',
  'accept-encoding' => 'gzip, deflate',
  'accept-language' => 'zh-CN,zh;q=0.9',
  'cookie' => 'PHPSESSID=s0rslh6sq588m5j3aahajm01r2',
)
[ info ] [ PARAM ] array (
)
[ info ] [ LOG ] INIT File
---------------------------------------------------------------
[ 2017-12-18T09:35:52+08:00 ] 127.0.0.1 127.0.0.1 GET /uploads/mphoto/201712141705485378.jpeg
[ info ] gu.dong/uploads/mphoto/201712141705485378.jpeg [运行时间：0.042630s][吞吐率：23.46req/s] [内存消耗：1,426.59kb] [文件加载：40]
[ info ] [ LANG ] D:\new_exe\xampp\htdocs\gudong\thinkphp\lang\zh-cn.php
[ info ] [ ROUTE ] array (
  'type' => 'module',
  'module' => 
  array (
    0 => 'uploads',
    1 => 'mphoto',
    2 => '201712141705485378.jpeg',
  ),
)
[ info ] [ HEADER ] array (
  'host' => 'gu.dong',
  'connection' => 'keep-alive',
  'pragma' => 'no-cache',
  'cache-control' => 'no-cache',
  'user-agent' => 'Mozilla/5.0 (iPhone; CPU iPhone OS 10_3 like Mac OS X) AppleWebKit/602.1.50 (KHTML, like Gecko) CriOS/56.0.2924.75 Mobile/14E5239e Safari/602.1',
  'accept' => 'image/webp,image/apng,image/*,*/*;q=0.8',
  'referer' => 'http://gu.dong/index/index/zhanshi',
  'accept-encoding' => 'gzip, deflate',
  'accept-language' => 'zh-CN,zh;q=0.9',
  'cookie' => 'PHPSESSID=s0rslh6sq588m5j3aahajm01r2',
)
[ info ] [ PARAM ] array (
)
[ info ] [ LOG ] INIT File
---------------------------------------------------------------
[ 2017-12-18T09:35:52+08:00 ] 127.0.0.1 127.0.0.1 GET /uploads/mphoto/201712111120418444.jpeg
[ info ] gu.dong/uploads/mphoto/201712111120418444.jpeg [运行时间：0.039825s][吞吐率：25.11req/s] [内存消耗：1,426.59kb] [文件加载：40]
[ info ] [ LANG ] D:\new_exe\xampp\htdocs\gudong\thinkphp\lang\zh-cn.php
[ info ] [ ROUTE ] array (
  'type' => 'module',
  'module' => 
  array (
    0 => 'uploads',
    1 => 'mphoto',
    2 => '201712111120418444.jpeg',
  ),
)
[ info ] [ HEADER ] array (
  'host' => 'gu.dong',
  'connection' => 'keep-alive',
  'pragma' => 'no-cache',
  'cache-control' => 'no-cache',
  'user-agent' => 'Mozilla/5.0 (iPhone; CPU iPhone OS 10_3 like Mac OS X) AppleWebKit/602.1.50 (KHTML, like Gecko) CriOS/56.0.2924.75 Mobile/14E5239e Safari/602.1',
  'accept' => 'image/webp,image/apng,image/*,*/*;q=0.8',
  'referer' => 'http://gu.dong/index/index/zhanshi',
  'accept-encoding' => 'gzip, deflate',
  'accept-language' => 'zh-CN,zh;q=0.9',
  'cookie' => 'PHPSESSID=s0rslh6sq588m5j3aahajm01r2',
)
[ info ] [ PARAM ] array (
)
[ info ] [ LOG ] INIT File
---------------------------------------------------------------
[ 2017-12-18T09:40:13+08:00 ] 127.0.0.1 127.0.0.1 GET /index/index/zhanshi
[ info ] gu.dong/index/index/zhanshi [运行时间：7.550691s][吞吐率：0.13req/s] [内存消耗：3,646.49kb] [文件加载：68]
[ info ] [ LANG ] D:\new_exe\xampp\htdocs\gudong\thinkphp\lang\zh-cn.php
[ info ] [ ROUTE ] array (
  'type' => 'module',
  'module' => 
  array (
    0 => 'index',
    1 => 'index',
    2 => 'zhanshi',
  ),
)
[ info ] [ HEADER ] array (
  'host' => 'gu.dong',
  'connection' => 'keep-alive',
  'pragma' => 'no-cache',
  'cache-control' => 'no-cache',
  'upgrade-insecure-requests' => '1',
  'user-agent' => 'Mozilla/5.0 (iPhone; CPU iPhone OS 10_3 like Mac OS X) AppleWebKit/602.1.50 (KHTML, like Gecko) CriOS/56.0.2924.75 Mobile/14E5239e Safari/602.1',
  'accept' => 'text/html,application/xhtml+xml,application/xml;q=0.9,image/webp,image/apng,*/*;q=0.8',
  'accept-encoding' => 'gzip, deflate',
  'accept-language' => 'zh-CN,zh;q=0.9',
  'cookie' => 'PHPSESSID=s0rslh6sq588m5j3aahajm01r2',
)
[ info ] [ PARAM ] array (
)
[ info ] [ SESSION ] INIT array (
  'id' => '',
  'var_session_id' => '',
  'prefix' => 'think',
  'type' => '',
  'auto_start' => true,
  'expire' => 3600,
)
[ info ] [ DB ] INIT mysql
[ info ] [ RUN ] app\index\controller\Index->zhanshi[ D:\new_exe\xampp\htdocs\gudong\application\index\controller\Index.php ]
[ info ] [ CACHE ] INIT File
[ info ] [ VIEW ] D:\new_exe\xampp\htdocs\gudong\public/../application/index\view\Default\index_new\zhanshi.html [ array (
  0 => 'base_path',
  1 => 'showTop',
  2 => 'uid',
  3 => 'momentsObj',
  4 => 'identity',
) ]
[ info ] [ LOG ] INIT File
[ sql ] [ DB ] CONNECT:[ UseTime:0.158363s ] mysql:dbname=gudong;host=120.25.64.89;charset=utf8
[ sql ] [ SQL ] SHOW COLUMNS FROM `user` [ RunTime:0.138010s ]
[ sql ] [ SQL ] SELECT * FROM `user` WHERE  `user_id` = 5 LIMIT 1 [ RunTime:0.165323s ]
[ sql ] [ SQL ] SHOW COLUMNS FROM `user_nosee` [ RunTime:0.201232s ]
[ sql ] [ SQL ] SELECT nosee_id user_id FROM `user_nosee` WHERE  `uid` = 5  AND `status` = 1 [ RunTime:0.162491s ]
[ sql ] [ SQL ] SHOW COLUMNS FROM `moment` [ RunTime:0.492808s ]
[ sql ] [ SQL ] SELECT COUNT(*) AS tp_count FROM `moment` `m` RIGHT JOIN `user` `u` ON `u`.`user_id`=`m`.`user_id` WHERE  `m`.`status` = 1  AND (  `m`.`see` = 1 OR (  `m`.`see` = 0  AND `m`.`user_id` = '5' ) )  AND `m`.`user_id` NOT IN ('')  AND `u`.`status` = 1 LIMIT 1 [ RunTime:0.086902s ]
[ sql ] [ SQL ] SELECT * FROM `moment` `m` RIGHT JOIN `user` `u` ON `u`.`user_id`=`m`.`user_id` WHERE  `m`.`status` = 1  AND (  `m`.`see` = 1 OR (  `m`.`see` = 0  AND `m`.`user_id` = '5' ) )  AND `m`.`user_id` NOT IN ('')  AND `u`.`status` = 1 ORDER BY m.add_ts desc LIMIT 0,4 [ RunTime:0.110521s ]
[ sql ] [ SQL ] SELECT * FROM `moment` WHERE  `moment_id` = 71 LIMIT 1 [ RunTime:0.103050s ]
[ sql ] [ SQL ] UPDATE `moment`  SET `read_num`=6  WHERE  `moment_id` = 71 [ RunTime:0.097600s ]
[ sql ] [ SQL ] SELECT * FROM `moment` WHERE  `moment_id` = 71 LIMIT 1 [ RunTime:0.087672s ]
[ sql ] [ SQL ] SHOW COLUMNS FROM `comment` [ RunTime:0.108317s ]
[ sql ] [ SQL ] SELECT * FROM `comment` WHERE  `moment_id` = 71  AND `status` = 1 [ RunTime:0.089753s ]
[ sql ] [ SQL ] SELECT * FROM `user` WHERE  `user_id` = 5 LIMIT 1 [ RunTime:0.096758s ]
[ sql ] [ SQL ] SHOW COLUMNS FROM `thumb` [ RunTime:0.098912s ]
[ sql ] [ SQL ] SELECT SUM(times) AS tp_sum FROM `thumb` WHERE  `moment_id` = 71  AND `status` = 1 LIMIT 1 [ RunTime:0.086893s ]
[ sql ] [ SQL ] SELECT COUNT(*) AS tp_count FROM `comment` WHERE  `moment_id` = 71  AND `status` = 1 LIMIT 1 [ RunTime:0.086447s ]
[ sql ] [ SQL ] SHOW COLUMNS FROM `collection` [ RunTime:0.088311s ]
[ sql ] [ SQL ] SELECT COUNT(*) AS tp_count FROM `collection` WHERE  `moment_id` = 71  AND `status` = 1 LIMIT 1 [ RunTime:0.086196s ]
[ sql ] [ SQL ] SELECT COUNT(*) AS tp_count FROM `thumb` WHERE  `moment_id` = 71  AND `user_id` = 5  AND `status` = 1 LIMIT 1 [ RunTime:0.101431s ]
[ sql ] [ SQL ] SELECT COUNT(*) AS tp_count FROM `collection` WHERE  `moment_id` = 71  AND `user_id` = 5  AND `status` = 1 LIMIT 1 [ RunTime:0.087905s ]
[ sql ] [ SQL ] SELECT * FROM `moment` WHERE  `moment_id` = 70 LIMIT 1 [ RunTime:0.101644s ]
[ sql ] [ SQL ] UPDATE `moment`  SET `read_num`=6  WHERE  `moment_id` = 70 [ RunTime:0.089641s ]
[ sql ] [ SQL ] SELECT * FROM `moment` WHERE  `moment_id` = 70 LIMIT 1 [ RunTime:0.088402s ]
[ sql ] [ SQL ] SELECT * FROM `comment` WHERE  `moment_id` = 70  AND `status` = 1 [ RunTime:0.084809s ]
[ sql ] [ SQL ] SELECT * FROM `user` WHERE  `user_id` = 5 LIMIT 1 [ RunTime:0.100851s ]
[ sql ] [ SQL ] SELECT SUM(times) AS tp_sum FROM `thumb` WHERE  `moment_id` = 70  AND `status` = 1 LIMIT 1 [ RunTime:0.085759s ]
[ sql ] [ SQL ] SELECT COUNT(*) AS tp_count FROM `comment` WHERE  `moment_id` = 70  AND `status` = 1 LIMIT 1 [ RunTime:0.368489s ]
[ sql ] [ SQL ] SELECT COUNT(*) AS tp_count FROM `collection` WHERE  `moment_id` = 70  AND `status` = 1 LIMIT 1 [ RunTime:0.100548s ]
[ sql ] [ SQL ] SELECT COUNT(*) AS tp_count FROM `thumb` WHERE  `moment_id` = 70  AND `user_id` = 5  AND `status` = 1 LIMIT 1 [ RunTime:0.083931s ]
[ sql ] [ SQL ] SELECT COUNT(*) AS tp_count FROM `collection` WHERE  `moment_id` = 70  AND `user_id` = 5  AND `status` = 1 LIMIT 1 [ RunTime:0.079858s ]
[ sql ] [ SQL ] SELECT * FROM `moment` WHERE  `moment_id` = 69 LIMIT 1 [ RunTime:0.110874s ]
[ sql ] [ SQL ] UPDATE `moment`  SET `read_num`=6  WHERE  `moment_id` = 69 [ RunTime:0.092827s ]
[ sql ] [ SQL ] SELECT * FROM `moment` WHERE  `moment_id` = 69 LIMIT 1 [ RunTime:0.089380s ]
[ sql ] [ SQL ] SELECT * FROM `comment` WHERE  `moment_id` = 69  AND `status` = 1 [ RunTime:0.114766s ]
[ sql ] [ SQL ] SELECT * FROM `user` WHERE  `user_id` = 5 LIMIT 1 [ RunTime:0.087610s ]
[ sql ] [ SQL ] SELECT SUM(times) AS tp_sum FROM `thumb` WHERE  `moment_id` = 69  AND `status` = 1 LIMIT 1 [ RunTime:0.089073s ]
[ sql ] [ SQL ] SELECT COUNT(*) AS tp_count FROM `comment` WHERE  `moment_id` = 69  AND `status` = 1 LIMIT 1 [ RunTime:0.170570s ]
[ sql ] [ SQL ] SELECT COUNT(*) AS tp_count FROM `collection` WHERE  `moment_id` = 69  AND `status` = 1 LIMIT 1 [ RunTime:0.161766s ]
[ sql ] [ SQL ] SELECT COUNT(*) AS tp_count FROM `thumb` WHERE  `moment_id` = 69  AND `user_id` = 5  AND `status` = 1 LIMIT 1 [ RunTime:0.167777s ]
[ sql ] [ SQL ] SELECT COUNT(*) AS tp_count FROM `collection` WHERE  `moment_id` = 69  AND `user_id` = 5  AND `status` = 1 LIMIT 1 [ RunTime:0.216447s ]
[ sql ] [ SQL ] SELECT * FROM `moment` WHERE  `moment_id` = 68 LIMIT 1 [ RunTime:0.780266s ]
[ sql ] [ SQL ] UPDATE `moment`  SET `read_num`=6  WHERE  `moment_id` = 68 [ RunTime:0.087361s ]
[ sql ] [ SQL ] SELECT * FROM `moment` WHERE  `moment_id` = 68 LIMIT 1 [ RunTime:0.113319s ]
[ sql ] [ SQL ] SELECT * FROM `comment` WHERE  `moment_id` = 68  AND `status` = 1 [ RunTime:0.101791s ]
[ sql ] [ SQL ] SELECT * FROM `user` WHERE  `user_id` = 5 LIMIT 1 [ RunTime:0.080990s ]
[ sql ] [ SQL ] SELECT SUM(times) AS tp_sum FROM `thumb` WHERE  `moment_id` = 68  AND `status` = 1 LIMIT 1 [ RunTime:0.088777s ]
[ sql ] [ SQL ] SELECT COUNT(*) AS tp_count FROM `comment` WHERE  `moment_id` = 68  AND `status` = 1 LIMIT 1 [ RunTime:0.094381s ]
[ sql ] [ SQL ] SELECT COUNT(*) AS tp_count FROM `collection` WHERE  `moment_id` = 68  AND `status` = 1 LIMIT 1 [ RunTime:0.086548s ]
[ sql ] [ SQL ] SELECT COUNT(*) AS tp_count FROM `thumb` WHERE  `moment_id` = 68  AND `user_id` = 5  AND `status` = 1 LIMIT 1 [ RunTime:0.082568s ]
[ sql ] [ SQL ] SELECT COUNT(*) AS tp_count FROM `collection` WHERE  `moment_id` = 68  AND `user_id` = 5  AND `status` = 1 LIMIT 1 [ RunTime:0.610950s ]
[ sql ] [ SQL ] SELECT * FROM `user` WHERE  `user_id` = 5 LIMIT 1 [ RunTime:0.065468s ]
---------------------------------------------------------------
[ 2017-12-18T09:40:13+08:00 ] 127.0.0.1 127.0.0.1 GET /uploads/mphoto/201712141706382738.jpeg
[ info ] gu.dong/uploads/mphoto/201712141706382738.jpeg [运行时间：0.055079s][吞吐率：18.16req/s] [内存消耗：1,426.59kb] [文件加载：40]
[ info ] [ LANG ] D:\new_exe\xampp\htdocs\gudong\thinkphp\lang\zh-cn.php
[ info ] [ ROUTE ] array (
  'type' => 'module',
  'module' => 
  array (
    0 => 'uploads',
    1 => 'mphoto',
    2 => '201712141706382738.jpeg',
  ),
)
[ info ] [ HEADER ] array (
  'host' => 'gu.dong',
  'connection' => 'keep-alive',
  'pragma' => 'no-cache',
  'cache-control' => 'no-cache',
  'user-agent' => 'Mozilla/5.0 (iPhone; CPU iPhone OS 10_3 like Mac OS X) AppleWebKit/602.1.50 (KHTML, like Gecko) CriOS/56.0.2924.75 Mobile/14E5239e Safari/602.1',
  'accept' => 'image/webp,image/apng,image/*,*/*;q=0.8',
  'referer' => 'http://gu.dong/index/index/zhanshi',
  'accept-encoding' => 'gzip, deflate',
  'accept-language' => 'zh-CN,zh;q=0.9',
  'cookie' => 'PHPSESSID=s0rslh6sq588m5j3aahajm01r2',
)
[ info ] [ PARAM ] array (
)
[ info ] [ LOG ] INIT File
---------------------------------------------------------------
[ 2017-12-18T09:40:13+08:00 ] 127.0.0.1 127.0.0.1 GET /uploads/mphoto/201712141705485378.jpeg
[ info ] gu.dong/uploads/mphoto/201712141705485378.jpeg [运行时间：0.038668s][吞吐率：25.86req/s] [内存消耗：1,426.59kb] [文件加载：40]
[ info ] [ LANG ] D:\new_exe\xampp\htdocs\gudong\thinkphp\lang\zh-cn.php
[ info ] [ ROUTE ] array (
  'type' => 'module',
  'module' => 
  array (
    0 => 'uploads',
    1 => 'mphoto',
    2 => '201712141705485378.jpeg',
  ),
)
[ info ] [ HEADER ] array (
  'host' => 'gu.dong',
  'connection' => 'keep-alive',
  'pragma' => 'no-cache',
  'cache-control' => 'no-cache',
  'user-agent' => 'Mozilla/5.0 (iPhone; CPU iPhone OS 10_3 like Mac OS X) AppleWebKit/602.1.50 (KHTML, like Gecko) CriOS/56.0.2924.75 Mobile/14E5239e Safari/602.1',
  'accept' => 'image/webp,image/apng,image/*,*/*;q=0.8',
  'referer' => 'http://gu.dong/index/index/zhanshi',
  'accept-encoding' => 'gzip, deflate',
  'accept-language' => 'zh-CN,zh;q=0.9',
  'cookie' => 'PHPSESSID=s0rslh6sq588m5j3aahajm01r2',
)
[ info ] [ PARAM ] array (
)
[ info ] [ LOG ] INIT File
---------------------------------------------------------------
[ 2017-12-18T09:40:13+08:00 ] 127.0.0.1 127.0.0.1 GET /uploads/mphoto/201712111124212501.jpeg
[ info ] gu.dong/uploads/mphoto/201712111124212501.jpeg [运行时间：0.034568s][吞吐率：28.93req/s] [内存消耗：1,426.59kb] [文件加载：40]
[ info ] [ LANG ] D:\new_exe\xampp\htdocs\gudong\thinkphp\lang\zh-cn.php
[ info ] [ ROUTE ] array (
  'type' => 'module',
  'module' => 
  array (
    0 => 'uploads',
    1 => 'mphoto',
    2 => '201712111124212501.jpeg',
  ),
)
[ info ] [ HEADER ] array (
  'host' => 'gu.dong',
  'connection' => 'keep-alive',
  'pragma' => 'no-cache',
  'cache-control' => 'no-cache',
  'user-agent' => 'Mozilla/5.0 (iPhone; CPU iPhone OS 10_3 like Mac OS X) AppleWebKit/602.1.50 (KHTML, like Gecko) CriOS/56.0.2924.75 Mobile/14E5239e Safari/602.1',
  'accept' => 'image/webp,image/apng,image/*,*/*;q=0.8',
  'referer' => 'http://gu.dong/index/index/zhanshi',
  'accept-encoding' => 'gzip, deflate',
  'accept-language' => 'zh-CN,zh;q=0.9',
  'cookie' => 'PHPSESSID=s0rslh6sq588m5j3aahajm01r2',
)
[ info ] [ PARAM ] array (
)
[ info ] [ LOG ] INIT File
---------------------------------------------------------------
[ 2017-12-18T09:40:13+08:00 ] 127.0.0.1 127.0.0.1 GET /uploads/mphoto/201712111120418444.jpeg
[ info ] gu.dong/uploads/mphoto/201712111120418444.jpeg [运行时间：0.039331s][吞吐率：25.43req/s] [内存消耗：1,426.59kb] [文件加载：40]
[ info ] [ LANG ] D:\new_exe\xampp\htdocs\gudong\thinkphp\lang\zh-cn.php
[ info ] [ ROUTE ] array (
  'type' => 'module',
  'module' => 
  array (
    0 => 'uploads',
    1 => 'mphoto',
    2 => '201712111120418444.jpeg',
  ),
)
[ info ] [ HEADER ] array (
  'host' => 'gu.dong',
  'connection' => 'keep-alive',
  'pragma' => 'no-cache',
  'cache-control' => 'no-cache',
  'user-agent' => 'Mozilla/5.0 (iPhone; CPU iPhone OS 10_3 like Mac OS X) AppleWebKit/602.1.50 (KHTML, like Gecko) CriOS/56.0.2924.75 Mobile/14E5239e Safari/602.1',
  'accept' => 'image/webp,image/apng,image/*,*/*;q=0.8',
  'referer' => 'http://gu.dong/index/index/zhanshi',
  'accept-encoding' => 'gzip, deflate',
  'accept-language' => 'zh-CN,zh;q=0.9',
  'cookie' => 'PHPSESSID=s0rslh6sq588m5j3aahajm01r2',
)
[ info ] [ PARAM ] array (
)
[ info ] [ LOG ] INIT File
---------------------------------------------------------------
[ 2017-12-18T09:40:18+08:00 ] 127.0.0.1 127.0.0.1 GET /static/index/face.png
[ info ] gu.dong/static/index/face.png [运行时间：0.037285s][吞吐率：26.82req/s] [内存消耗：1,426.10kb] [文件加载：40]
[ info ] [ LANG ] D:\new_exe\xampp\htdocs\gudong\thinkphp\lang\zh-cn.php
[ info ] [ ROUTE ] array (
  'type' => 'module',
  'module' => 
  array (
    0 => 'static',
    1 => 'index',
    2 => 'face.png',
  ),
)
[ info ] [ HEADER ] array (
  'host' => 'gu.dong',
  'connection' => 'keep-alive',
  'user-agent' => 'Mozilla/5.0 (iPhone; CPU iPhone OS 10_3 like Mac OS X) AppleWebKit/602.1.50 (KHTML, like Gecko) CriOS/56.0.2924.75 Mobile/14E5239e Safari/602.1',
  'accept' => 'image/webp,image/apng,image/*,*/*;q=0.8',
  'referer' => 'http://gu.dong/index/index/zhanshi',
  'accept-encoding' => 'gzip, deflate',
  'accept-language' => 'zh-CN,zh;q=0.9',
  'cookie' => 'PHPSESSID=s0rslh6sq588m5j3aahajm01r2',
)
[ info ] [ PARAM ] array (
)
[ info ] [ LOG ] INIT File
---------------------------------------------------------------
[ 2017-12-18T09:40:40+08:00 ] 127.0.0.1 127.0.0.1 GET /index/index/zhanshi
[ info ] gu.dong/index/index/zhanshi [运行时间：7.168204s][吞吐率：0.14req/s] [内存消耗：3,646.22kb] [文件加载：68]
[ info ] [ LANG ] D:\new_exe\xampp\htdocs\gudong\thinkphp\lang\zh-cn.php
[ info ] [ ROUTE ] array (
  'type' => 'module',
  'module' => 
  array (
    0 => 'index',
    1 => 'index',
    2 => 'zhanshi',
  ),
)
[ info ] [ HEADER ] array (
  'host' => 'gu.dong',
  'connection' => 'keep-alive',
  'cache-control' => 'max-age=0',
  'upgrade-insecure-requests' => '1',
  'user-agent' => 'Mozilla/5.0 (iPhone; CPU iPhone OS 10_3 like Mac OS X) AppleWebKit/602.1.50 (KHTML, like Gecko) CriOS/56.0.2924.75 Mobile/14E5239e Safari/602.1',
  'accept' => 'text/html,application/xhtml+xml,application/xml;q=0.9,image/webp,image/apng,*/*;q=0.8',
  'accept-encoding' => 'gzip, deflate',
  'accept-language' => 'zh-CN,zh;q=0.9',
  'cookie' => 'PHPSESSID=s0rslh6sq588m5j3aahajm01r2',
)
[ info ] [ PARAM ] array (
)
[ info ] [ SESSION ] INIT array (
  'id' => '',
  'var_session_id' => '',
  'prefix' => 'think',
  'type' => '',
  'auto_start' => true,
  'expire' => 3600,
)
[ info ] [ DB ] INIT mysql
[ info ] [ RUN ] app\index\controller\Index->zhanshi[ D:\new_exe\xampp\htdocs\gudong\application\index\controller\Index.php ]
[ info ] [ CACHE ] INIT File
[ info ] [ VIEW ] D:\new_exe\xampp\htdocs\gudong\public/../application/index\view\Default\index_new\zhanshi.html [ array (
  0 => 'base_path',
  1 => 'showTop',
  2 => 'uid',
  3 => 'momentsObj',
  4 => 'identity',
) ]
[ info ] [ LOG ] INIT File
[ sql ] [ DB ] CONNECT:[ UseTime:0.197237s ] mysql:dbname=gudong;host=120.25.64.89;charset=utf8
[ sql ] [ SQL ] SHOW COLUMNS FROM `user` [ RunTime:0.132268s ]
[ sql ] [ SQL ] SELECT * FROM `user` WHERE  `user_id` = 5 LIMIT 1 [ RunTime:0.179365s ]
[ sql ] [ SQL ] SHOW COLUMNS FROM `user_nosee` [ RunTime:0.124651s ]
[ sql ] [ SQL ] SELECT nosee_id user_id FROM `user_nosee` WHERE  `uid` = 5  AND `status` = 1 [ RunTime:0.377756s ]
[ sql ] [ SQL ] SHOW COLUMNS FROM `moment` [ RunTime:0.120988s ]
[ sql ] [ SQL ] SELECT COUNT(*) AS tp_count FROM `moment` `m` RIGHT JOIN `user` `u` ON `u`.`user_id`=`m`.`user_id` WHERE  `m`.`status` = 1  AND (  `m`.`see` = 1 OR (  `m`.`see` = 0  AND `m`.`user_id` = '5' ) )  AND `m`.`user_id` NOT IN ('')  AND `u`.`status` = 1 LIMIT 1 [ RunTime:0.099665s ]
[ sql ] [ SQL ] SELECT * FROM `moment` `m` RIGHT JOIN `user` `u` ON `u`.`user_id`=`m`.`user_id` WHERE  `m`.`status` = 1  AND (  `m`.`see` = 1 OR (  `m`.`see` = 0  AND `m`.`user_id` = '5' ) )  AND `m`.`user_id` NOT IN ('')  AND `u`.`status` = 1 ORDER BY m.add_ts desc LIMIT 0,4 [ RunTime:0.119746s ]
[ sql ] [ SQL ] SELECT * FROM `moment` WHERE  `moment_id` = 71 LIMIT 1 [ RunTime:0.228256s ]
[ sql ] [ SQL ] UPDATE `moment`  SET `read_num`=7  WHERE  `moment_id` = 71 [ RunTime:0.150889s ]
[ sql ] [ SQL ] SELECT * FROM `moment` WHERE  `moment_id` = 71 LIMIT 1 [ RunTime:0.221193s ]
[ sql ] [ SQL ] SHOW COLUMNS FROM `comment` [ RunTime:0.535013s ]
[ sql ] [ SQL ] SELECT * FROM `comment` WHERE  `moment_id` = 71  AND `status` = 1 [ RunTime:0.277714s ]
[ sql ] [ SQL ] SELECT * FROM `user` WHERE  `user_id` = 5 LIMIT 1 [ RunTime:0.273566s ]
[ sql ] [ SQL ] SHOW COLUMNS FROM `thumb` [ RunTime:0.199950s ]
[ sql ] [ SQL ] SELECT SUM(times) AS tp_sum FROM `thumb` WHERE  `moment_id` = 71  AND `status` = 1 LIMIT 1 [ RunTime:0.081942s ]
[ sql ] [ SQL ] SELECT COUNT(*) AS tp_count FROM `comment` WHERE  `moment_id` = 71  AND `status` = 1 LIMIT 1 [ RunTime:0.084063s ]
[ sql ] [ SQL ] SHOW COLUMNS FROM `collection` [ RunTime:0.091894s ]
[ sql ] [ SQL ] SELECT COUNT(*) AS tp_count FROM `collection` WHERE  `moment_id` = 71  AND `status` = 1 LIMIT 1 [ RunTime:0.087252s ]
[ sql ] [ SQL ] SELECT COUNT(*) AS tp_count FROM `thumb` WHERE  `moment_id` = 71  AND `user_id` = 5  AND `status` = 1 LIMIT 1 [ RunTime:0.085731s ]
[ sql ] [ SQL ] SELECT COUNT(*) AS tp_count FROM `collection` WHERE  `moment_id` = 71  AND `user_id` = 5  AND `status` = 1 LIMIT 1 [ RunTime:0.108410s ]
[ sql ] [ SQL ] SELECT * FROM `moment` WHERE  `moment_id` = 70 LIMIT 1 [ RunTime:0.102190s ]
[ sql ] [ SQL ] UPDATE `moment`  SET `read_num`=7  WHERE  `moment_id` = 70 [ RunTime:0.095494s ]
[ sql ] [ SQL ] SELECT * FROM `moment` WHERE  `moment_id` = 70 LIMIT 1 [ RunTime:0.098397s ]
[ sql ] [ SQL ] SELECT * FROM `comment` WHERE  `moment_id` = 70  AND `status` = 1 [ RunTime:0.091659s ]
[ sql ] [ SQL ] SELECT * FROM `user` WHERE  `user_id` = 5 LIMIT 1 [ RunTime:0.086862s ]
[ sql ] [ SQL ] SELECT SUM(times) AS tp_sum FROM `thumb` WHERE  `moment_id` = 70  AND `status` = 1 LIMIT 1 [ RunTime:0.079485s ]
[ sql ] [ SQL ] SELECT COUNT(*) AS tp_count FROM `comment` WHERE  `moment_id` = 70  AND `status` = 1 LIMIT 1 [ RunTime:0.101939s ]
[ sql ] [ SQL ] SELECT COUNT(*) AS tp_count FROM `collection` WHERE  `moment_id` = 70  AND `status` = 1 LIMIT 1 [ RunTime:0.117704s ]
[ sql ] [ SQL ] SELECT COUNT(*) AS tp_count FROM `thumb` WHERE  `moment_id` = 70  AND `user_id` = 5  AND `status` = 1 LIMIT 1 [ RunTime:0.107657s ]
[ sql ] [ SQL ] SELECT COUNT(*) AS tp_count FROM `collection` WHERE  `moment_id` = 70  AND `user_id` = 5  AND `status` = 1 LIMIT 1 [ RunTime:0.083991s ]
[ sql ] [ SQL ] SELECT * FROM `moment` WHERE  `moment_id` = 69 LIMIT 1 [ RunTime:0.085056s ]
[ sql ] [ SQL ] UPDATE `moment`  SET `read_num`=7  WHERE  `moment_id` = 69 [ RunTime:0.087058s ]
[ sql ] [ SQL ] SELECT * FROM `moment` WHERE  `moment_id` = 69 LIMIT 1 [ RunTime:0.087507s ]
[ sql ] [ SQL ] SELECT * FROM `comment` WHERE  `moment_id` = 69  AND `status` = 1 [ RunTime:0.083078s ]
[ sql ] [ SQL ] SELECT * FROM `user` WHERE  `user_id` = 5 LIMIT 1 [ RunTime:0.090584s ]
[ sql ] [ SQL ] SELECT SUM(times) AS tp_sum FROM `thumb` WHERE  `moment_id` = 69  AND `status` = 1 LIMIT 1 [ RunTime:0.087306s ]
[ sql ] [ SQL ] SELECT COUNT(*) AS tp_count FROM `comment` WHERE  `moment_id` = 69  AND `status` = 1 LIMIT 1 [ RunTime:0.084212s ]
[ sql ] [ SQL ] SELECT COUNT(*) AS tp_count FROM `collection` WHERE  `moment_id` = 69  AND `status` = 1 LIMIT 1 [ RunTime:0.080560s ]
[ sql ] [ SQL ] SELECT COUNT(*) AS tp_count FROM `thumb` WHERE  `moment_id` = 69  AND `user_id` = 5  AND `status` = 1 LIMIT 1 [ RunTime:0.093703s ]
[ sql ] [ SQL ] SELECT COUNT(*) AS tp_count FROM `collection` WHERE  `moment_id` = 69  AND `user_id` = 5  AND `status` = 1 LIMIT 1 [ RunTime:0.443015s ]
[ sql ] [ SQL ] SELECT * FROM `moment` WHERE  `moment_id` = 68 LIMIT 1 [ RunTime:0.102794s ]
[ sql ] [ SQL ] UPDATE `moment`  SET `read_num`=7  WHERE  `moment_id` = 68 [ RunTime:0.120732s ]
[ sql ] [ SQL ] SELECT * FROM `moment` WHERE  `moment_id` = 68 LIMIT 1 [ RunTime:0.083218s ]
[ sql ] [ SQL ] SELECT * FROM `comment` WHERE  `moment_id` = 68  AND `status` = 1 [ RunTime:0.085638s ]
[ sql ] [ SQL ] SELECT * FROM `user` WHERE  `user_id` = 5 LIMIT 1 [ RunTime:0.100303s ]
[ sql ] [ SQL ] SELECT SUM(times) AS tp_sum FROM `thumb` WHERE  `moment_id` = 68  AND `status` = 1 LIMIT 1 [ RunTime:0.101949s ]
[ sql ] [ SQL ] SELECT COUNT(*) AS tp_count FROM `comment` WHERE  `moment_id` = 68  AND `status` = 1 LIMIT 1 [ RunTime:0.114902s ]
[ sql ] [ SQL ] SELECT COUNT(*) AS tp_count FROM `collection` WHERE  `moment_id` = 68  AND `status` = 1 LIMIT 1 [ RunTime:0.081317s ]
[ sql ] [ SQL ] SELECT COUNT(*) AS tp_count FROM `thumb` WHERE  `moment_id` = 68  AND `user_id` = 5  AND `status` = 1 LIMIT 1 [ RunTime:0.093288s ]
[ sql ] [ SQL ] SELECT COUNT(*) AS tp_count FROM `collection` WHERE  `moment_id` = 68  AND `user_id` = 5  AND `status` = 1 LIMIT 1 [ RunTime:0.091530s ]
[ sql ] [ SQL ] SELECT * FROM `user` WHERE  `user_id` = 5 LIMIT 1 [ RunTime:0.089163s ]
---------------------------------------------------------------
[ 2017-12-18T09:40:40+08:00 ] 127.0.0.1 127.0.0.1 GET /uploads/mphoto/201712141706382738.jpeg
[ info ] gu.dong/uploads/mphoto/201712141706382738.jpeg [运行时间：0.036525s][吞吐率：27.38req/s] [内存消耗：1,426.13kb] [文件加载：40]
[ info ] [ LANG ] D:\new_exe\xampp\htdocs\gudong\thinkphp\lang\zh-cn.php
[ info ] [ ROUTE ] array (
  'type' => 'module',
  'module' => 
  array (
    0 => 'uploads',
    1 => 'mphoto',
    2 => '201712141706382738.jpeg',
  ),
)
[ info ] [ HEADER ] array (
  'host' => 'gu.dong',
  'connection' => 'keep-alive',
  'user-agent' => 'Mozilla/5.0 (iPhone; CPU iPhone OS 10_3 like Mac OS X) AppleWebKit/602.1.50 (KHTML, like Gecko) CriOS/56.0.2924.75 Mobile/14E5239e Safari/602.1',
  'accept' => 'image/webp,image/apng,image/*,*/*;q=0.8',
  'referer' => 'http://gu.dong/index/index/zhanshi',
  'accept-encoding' => 'gzip, deflate',
  'accept-language' => 'zh-CN,zh;q=0.9',
  'cookie' => 'PHPSESSID=s0rslh6sq588m5j3aahajm01r2',
)
[ info ] [ PARAM ] array (
)
[ info ] [ LOG ] INIT File
---------------------------------------------------------------
[ 2017-12-18T09:40:40+08:00 ] 127.0.0.1 127.0.0.1 GET /uploads/mphoto/201712141705485378.jpeg
[ info ] gu.dong/uploads/mphoto/201712141705485378.jpeg [运行时间：0.034508s][吞吐率：28.98req/s] [内存消耗：1,426.13kb] [文件加载：40]
[ info ] [ LANG ] D:\new_exe\xampp\htdocs\gudong\thinkphp\lang\zh-cn.php
[ info ] [ ROUTE ] array (
  'type' => 'module',
  'module' => 
  array (
    0 => 'uploads',
    1 => 'mphoto',
    2 => '201712141705485378.jpeg',
  ),
)
[ info ] [ HEADER ] array (
  'host' => 'gu.dong',
  'connection' => 'keep-alive',
  'user-agent' => 'Mozilla/5.0 (iPhone; CPU iPhone OS 10_3 like Mac OS X) AppleWebKit/602.1.50 (KHTML, like Gecko) CriOS/56.0.2924.75 Mobile/14E5239e Safari/602.1',
  'accept' => 'image/webp,image/apng,image/*,*/*;q=0.8',
  'referer' => 'http://gu.dong/index/index/zhanshi',
  'accept-encoding' => 'gzip, deflate',
  'accept-language' => 'zh-CN,zh;q=0.9',
  'cookie' => 'PHPSESSID=s0rslh6sq588m5j3aahajm01r2',
)
[ info ] [ PARAM ] array (
)
[ info ] [ LOG ] INIT File
---------------------------------------------------------------
[ 2017-12-18T09:40:40+08:00 ] 127.0.0.1 127.0.0.1 GET /uploads/mphoto/201712111120418444.jpeg
[ info ] gu.dong/uploads/mphoto/201712111120418444.jpeg [运行时间：0.034733s][吞吐率：28.79req/s] [内存消耗：1,426.13kb] [文件加载：40]
[ info ] [ LANG ] D:\new_exe\xampp\htdocs\gudong\thinkphp\lang\zh-cn.php
[ info ] [ ROUTE ] array (
  'type' => 'module',
  'module' => 
  array (
    0 => 'uploads',
    1 => 'mphoto',
    2 => '201712111120418444.jpeg',
  ),
)
[ info ] [ HEADER ] array (
  'host' => 'gu.dong',
  'connection' => 'keep-alive',
  'user-agent' => 'Mozilla/5.0 (iPhone; CPU iPhone OS 10_3 like Mac OS X) AppleWebKit/602.1.50 (KHTML, like Gecko) CriOS/56.0.2924.75 Mobile/14E5239e Safari/602.1',
  'accept' => 'image/webp,image/apng,image/*,*/*;q=0.8',
  'referer' => 'http://gu.dong/index/index/zhanshi',
  'accept-encoding' => 'gzip, deflate',
  'accept-language' => 'zh-CN,zh;q=0.9',
  'cookie' => 'PHPSESSID=s0rslh6sq588m5j3aahajm01r2',
)
[ info ] [ PARAM ] array (
)
[ info ] [ LOG ] INIT File
---------------------------------------------------------------
[ 2017-12-18T09:40:40+08:00 ] 127.0.0.1 127.0.0.1 GET /uploads/mphoto/201712111124212501.jpeg
[ info ] gu.dong/uploads/mphoto/201712111124212501.jpeg [运行时间：0.054223s][吞吐率：18.44req/s] [内存消耗：1,426.13kb] [文件加载：40]
[ info ] [ LANG ] D:\new_exe\xampp\htdocs\gudong\thinkphp\lang\zh-cn.php
[ info ] [ ROUTE ] array (
  'type' => 'module',
  'module' => 
  array (
    0 => 'uploads',
    1 => 'mphoto',
    2 => '201712111124212501.jpeg',
  ),
)
[ info ] [ HEADER ] array (
  'host' => 'gu.dong',
  'connection' => 'keep-alive',
  'user-agent' => 'Mozilla/5.0 (iPhone; CPU iPhone OS 10_3 like Mac OS X) AppleWebKit/602.1.50 (KHTML, like Gecko) CriOS/56.0.2924.75 Mobile/14E5239e Safari/602.1',
  'accept' => 'image/webp,image/apng,image/*,*/*;q=0.8',
  'referer' => 'http://gu.dong/index/index/zhanshi',
  'accept-encoding' => 'gzip, deflate',
  'accept-language' => 'zh-CN,zh;q=0.9',
  'cookie' => 'PHPSESSID=s0rslh6sq588m5j3aahajm01r2',
)
[ info ] [ PARAM ] array (
)
[ info ] [ LOG ] INIT File
---------------------------------------------------------------
[ 2017-12-18T09:41:45+08:00 ] 127.0.0.1 127.0.0.1 GET /index/index/zhanshi
[ info ] gu.dong/index/index/zhanshi [运行时间：13.117651s][吞吐率：0.08req/s] [内存消耗：3,646.49kb] [文件加载：68]
[ info ] [ LANG ] D:\new_exe\xampp\htdocs\gudong\thinkphp\lang\zh-cn.php
[ info ] [ ROUTE ] array (
  'type' => 'module',
  'module' => 
  array (
    0 => 'index',
    1 => 'index',
    2 => 'zhanshi',
  ),
)
[ info ] [ HEADER ] array (
  'host' => 'gu.dong',
  'connection' => 'keep-alive',
  'pragma' => 'no-cache',
  'cache-control' => 'no-cache',
  'upgrade-insecure-requests' => '1',
  'user-agent' => 'Mozilla/5.0 (iPhone; CPU iPhone OS 10_3 like Mac OS X) AppleWebKit/602.1.50 (KHTML, like Gecko) CriOS/56.0.2924.75 Mobile/14E5239e Safari/602.1',
  'accept' => 'text/html,application/xhtml+xml,application/xml;q=0.9,image/webp,image/apng,*/*;q=0.8',
  'accept-encoding' => 'gzip, deflate',
  'accept-language' => 'zh-CN,zh;q=0.9',
  'cookie' => 'PHPSESSID=s0rslh6sq588m5j3aahajm01r2',
)
[ info ] [ PARAM ] array (
)
[ info ] [ SESSION ] INIT array (
  'id' => '',
  'var_session_id' => '',
  'prefix' => 'think',
  'type' => '',
  'auto_start' => true,
  'expire' => 3600,
)
[ info ] [ DB ] INIT mysql
[ info ] [ RUN ] app\index\controller\Index->zhanshi[ D:\new_exe\xampp\htdocs\gudong\application\index\controller\Index.php ]
[ info ] [ CACHE ] INIT File
[ info ] [ VIEW ] D:\new_exe\xampp\htdocs\gudong\public/../application/index\view\Default\index_new\zhanshi.html [ array (
  0 => 'base_path',
  1 => 'showTop',
  2 => 'uid',
  3 => 'momentsObj',
  4 => 'identity',
) ]
[ info ] [ LOG ] INIT File
[ sql ] [ DB ] CONNECT:[ UseTime:0.126527s ] mysql:dbname=gudong;host=120.25.64.89;charset=utf8
[ sql ] [ SQL ] SHOW COLUMNS FROM `user` [ RunTime:0.103985s ]
[ sql ] [ SQL ] SELECT * FROM `user` WHERE  `user_id` = 5 LIMIT 1 [ RunTime:0.116604s ]
[ sql ] [ SQL ] SHOW COLUMNS FROM `user_nosee` [ RunTime:0.087486s ]
[ sql ] [ SQL ] SELECT nosee_id user_id FROM `user_nosee` WHERE  `uid` = 5  AND `status` = 1 [ RunTime:0.462146s ]
[ sql ] [ SQL ] SHOW COLUMNS FROM `moment` [ RunTime:0.085002s ]
[ sql ] [ SQL ] SELECT COUNT(*) AS tp_count FROM `moment` `m` RIGHT JOIN `user` `u` ON `u`.`user_id`=`m`.`user_id` WHERE  `m`.`status` = 1  AND (  `m`.`see` = 1 OR (  `m`.`see` = 0  AND `m`.`user_id` = '5' ) )  AND `m`.`user_id` NOT IN ('')  AND `u`.`status` = 1 LIMIT 1 [ RunTime:0.079642s ]
[ sql ] [ SQL ] SELECT * FROM `moment` `m` RIGHT JOIN `user` `u` ON `u`.`user_id`=`m`.`user_id` WHERE  `m`.`status` = 1  AND (  `m`.`see` = 1 OR (  `m`.`see` = 0  AND `m`.`user_id` = '5' ) )  AND `m`.`user_id` NOT IN ('')  AND `u`.`status` = 1 ORDER BY m.add_ts desc LIMIT 0,4 [ RunTime:0.110790s ]
[ sql ] [ SQL ] SELECT * FROM `moment` WHERE  `moment_id` = 71 LIMIT 1 [ RunTime:0.190867s ]
[ sql ] [ SQL ] UPDATE `moment`  SET `read_num`=8  WHERE  `moment_id` = 71 [ RunTime:0.210834s ]
[ sql ] [ SQL ] SELECT * FROM `moment` WHERE  `moment_id` = 71 LIMIT 1 [ RunTime:0.286128s ]
[ sql ] [ SQL ] SHOW COLUMNS FROM `comment` [ RunTime:0.298212s ]
[ sql ] [ SQL ] SELECT * FROM `comment` WHERE  `moment_id` = 71  AND `status` = 1 [ RunTime:3.776075s ]
[ sql ] [ SQL ] SELECT * FROM `user` WHERE  `user_id` = 5 LIMIT 1 [ RunTime:0.213647s ]
[ sql ] [ SQL ] SHOW COLUMNS FROM `thumb` [ RunTime:0.187009s ]
[ sql ] [ SQL ] SELECT SUM(times) AS tp_sum FROM `thumb` WHERE  `moment_id` = 71  AND `status` = 1 LIMIT 1 [ RunTime:0.501376s ]
[ sql ] [ SQL ] SELECT COUNT(*) AS tp_count FROM `comment` WHERE  `moment_id` = 71  AND `status` = 1 LIMIT 1 [ RunTime:0.227524s ]
[ sql ] [ SQL ] SHOW COLUMNS FROM `collection` [ RunTime:0.083174s ]
[ sql ] [ SQL ] SELECT COUNT(*) AS tp_count FROM `collection` WHERE  `moment_id` = 71  AND `status` = 1 LIMIT 1 [ RunTime:0.098070s ]
[ sql ] [ SQL ] SELECT COUNT(*) AS tp_count FROM `thumb` WHERE  `moment_id` = 71  AND `user_id` = 5  AND `status` = 1 LIMIT 1 [ RunTime:0.091052s ]
[ sql ] [ SQL ] SELECT COUNT(*) AS tp_count FROM `collection` WHERE  `moment_id` = 71  AND `user_id` = 5  AND `status` = 1 LIMIT 1 [ RunTime:0.378083s ]
[ sql ] [ SQL ] SELECT * FROM `moment` WHERE  `moment_id` = 70 LIMIT 1 [ RunTime:0.082137s ]
[ sql ] [ SQL ] UPDATE `moment`  SET `read_num`=8  WHERE  `moment_id` = 70 [ RunTime:0.099135s ]
[ sql ] [ SQL ] SELECT * FROM `moment` WHERE  `moment_id` = 70 LIMIT 1 [ RunTime:0.458387s ]
[ sql ] [ SQL ] SELECT * FROM `comment` WHERE  `moment_id` = 70  AND `status` = 1 [ RunTime:0.088463s ]
[ sql ] [ SQL ] SELECT * FROM `user` WHERE  `user_id` = 5 LIMIT 1 [ RunTime:0.120149s ]
[ sql ] [ SQL ] SELECT SUM(times) AS tp_sum FROM `thumb` WHERE  `moment_id` = 70  AND `status` = 1 LIMIT 1 [ RunTime:0.101618s ]
[ sql ] [ SQL ] SELECT COUNT(*) AS tp_count FROM `comment` WHERE  `moment_id` = 70  AND `status` = 1 LIMIT 1 [ RunTime:0.099161s ]
[ sql ] [ SQL ] SELECT COUNT(*) AS tp_count FROM `collection` WHERE  `moment_id` = 70  AND `status` = 1 LIMIT 1 [ RunTime:0.143305s ]
[ sql ] [ SQL ] SELECT COUNT(*) AS tp_count FROM `thumb` WHERE  `moment_id` = 70  AND `user_id` = 5  AND `status` = 1 LIMIT 1 [ RunTime:0.080129s ]
[ sql ] [ SQL ] SELECT COUNT(*) AS tp_count FROM `collection` WHERE  `moment_id` = 70  AND `user_id` = 5  AND `status` = 1 LIMIT 1 [ RunTime:0.105591s ]
[ sql ] [ SQL ] SELECT * FROM `moment` WHERE  `moment_id` = 69 LIMIT 1 [ RunTime:0.079308s ]
[ sql ] [ SQL ] UPDATE `moment`  SET `read_num`=8  WHERE  `moment_id` = 69 [ RunTime:0.374573s ]
[ sql ] [ SQL ] SELECT * FROM `moment` WHERE  `moment_id` = 69 LIMIT 1 [ RunTime:0.346797s ]
[ sql ] [ SQL ] SELECT * FROM `comment` WHERE  `moment_id` = 69  AND `status` = 1 [ RunTime:0.143497s ]
[ sql ] [ SQL ] SELECT * FROM `user` WHERE  `user_id` = 5 LIMIT 1 [ RunTime:0.079354s ]
[ sql ] [ SQL ] SELECT SUM(times) AS tp_sum FROM `thumb` WHERE  `moment_id` = 69  AND `status` = 1 LIMIT 1 [ RunTime:0.086472s ]
[ sql ] [ SQL ] SELECT COUNT(*) AS tp_count FROM `comment` WHERE  `moment_id` = 69  AND `status` = 1 LIMIT 1 [ RunTime:0.083298s ]
[ sql ] [ SQL ] SELECT COUNT(*) AS tp_count FROM `collection` WHERE  `moment_id` = 69  AND `status` = 1 LIMIT 1 [ RunTime:0.377916s ]
[ sql ] [ SQL ] SELECT COUNT(*) AS tp_count FROM `thumb` WHERE  `moment_id` = 69  AND `user_id` = 5  AND `status` = 1 LIMIT 1 [ RunTime:0.112768s ]
[ sql ] [ SQL ] SELECT COUNT(*) AS tp_count FROM `collection` WHERE  `moment_id` = 69  AND `user_id` = 5  AND `status` = 1 LIMIT 1 [ RunTime:0.115045s ]
[ sql ] [ SQL ] SELECT * FROM `moment` WHERE  `moment_id` = 68 LIMIT 1 [ RunTime:0.092777s ]
[ sql ] [ SQL ] UPDATE `moment`  SET `read_num`=8  WHERE  `moment_id` = 68 [ RunTime:0.109356s ]
[ sql ] [ SQL ] SELECT * FROM `moment` WHERE  `moment_id` = 68 LIMIT 1 [ RunTime:0.088757s ]
[ sql ] [ SQL ] SELECT * FROM `comment` WHERE  `moment_id` = 68  AND `status` = 1 [ RunTime:0.368116s ]
[ sql ] [ SQL ] SELECT * FROM `user` WHERE  `user_id` = 5 LIMIT 1 [ RunTime:0.080961s ]
[ sql ] [ SQL ] SELECT SUM(times) AS tp_sum FROM `thumb` WHERE  `moment_id` = 68  AND `status` = 1 LIMIT 1 [ RunTime:0.170848s ]
[ sql ] [ SQL ] SELECT COUNT(*) AS tp_count FROM `comment` WHERE  `moment_id` = 68  AND `status` = 1 LIMIT 1 [ RunTime:0.168601s ]
[ sql ] [ SQL ] SELECT COUNT(*) AS tp_count FROM `collection` WHERE  `moment_id` = 68  AND `status` = 1 LIMIT 1 [ RunTime:0.215314s ]
[ sql ] [ SQL ] SELECT COUNT(*) AS tp_count FROM `thumb` WHERE  `moment_id` = 68  AND `user_id` = 5  AND `status` = 1 LIMIT 1 [ RunTime:0.282325s ]
[ sql ] [ SQL ] SELECT COUNT(*) AS tp_count FROM `collection` WHERE  `moment_id` = 68  AND `user_id` = 5  AND `status` = 1 LIMIT 1 [ RunTime:0.257920s ]
[ sql ] [ SQL ] SELECT * FROM `user` WHERE  `user_id` = 5 LIMIT 1 [ RunTime:0.248915s ]
---------------------------------------------------------------
[ 2017-12-18T09:41:45+08:00 ] 127.0.0.1 127.0.0.1 GET /uploads/mphoto/201712141706382738.jpeg
[ info ] gu.dong/uploads/mphoto/201712141706382738.jpeg [运行时间：0.036790s][吞吐率：27.18req/s] [内存消耗：1,426.59kb] [文件加载：40]
[ info ] [ LANG ] D:\new_exe\xampp\htdocs\gudong\thinkphp\lang\zh-cn.php
[ info ] [ ROUTE ] array (
  'type' => 'module',
  'module' => 
  array (
    0 => 'uploads',
    1 => 'mphoto',
    2 => '201712141706382738.jpeg',
  ),
)
[ info ] [ HEADER ] array (
  'host' => 'gu.dong',
  'connection' => 'keep-alive',
  'pragma' => 'no-cache',
  'cache-control' => 'no-cache',
  'user-agent' => 'Mozilla/5.0 (iPhone; CPU iPhone OS 10_3 like Mac OS X) AppleWebKit/602.1.50 (KHTML, like Gecko) CriOS/56.0.2924.75 Mobile/14E5239e Safari/602.1',
  'accept' => 'image/webp,image/apng,image/*,*/*;q=0.8',
  'referer' => 'http://gu.dong/index/index/zhanshi',
  'accept-encoding' => 'gzip, deflate',
  'accept-language' => 'zh-CN,zh;q=0.9',
  'cookie' => 'PHPSESSID=s0rslh6sq588m5j3aahajm01r2',
)
[ info ] [ PARAM ] array (
)
[ info ] [ LOG ] INIT File
---------------------------------------------------------------
[ 2017-12-18T09:41:45+08:00 ] 127.0.0.1 127.0.0.1 GET /uploads/mphoto/201712141705485378.jpeg
[ info ] gu.dong/uploads/mphoto/201712141705485378.jpeg [运行时间：0.034106s][吞吐率：29.32req/s] [内存消耗：1,426.59kb] [文件加载：40]
[ info ] [ LANG ] D:\new_exe\xampp\htdocs\gudong\thinkphp\lang\zh-cn.php
[ info ] [ ROUTE ] array (
  'type' => 'module',
  'module' => 
  array (
    0 => 'uploads',
    1 => 'mphoto',
    2 => '201712141705485378.jpeg',
  ),
)
[ info ] [ HEADER ] array (
  'host' => 'gu.dong',
  'connection' => 'keep-alive',
  'pragma' => 'no-cache',
  'cache-control' => 'no-cache',
  'user-agent' => 'Mozilla/5.0 (iPhone; CPU iPhone OS 10_3 like Mac OS X) AppleWebKit/602.1.50 (KHTML, like Gecko) CriOS/56.0.2924.75 Mobile/14E5239e Safari/602.1',
  'accept' => 'image/webp,image/apng,image/*,*/*;q=0.8',
  'referer' => 'http://gu.dong/index/index/zhanshi',
  'accept-encoding' => 'gzip, deflate',
  'accept-language' => 'zh-CN,zh;q=0.9',
  'cookie' => 'PHPSESSID=s0rslh6sq588m5j3aahajm01r2',
)
[ info ] [ PARAM ] array (
)
[ info ] [ LOG ] INIT File
---------------------------------------------------------------
[ 2017-12-18T09:41:45+08:00 ] 127.0.0.1 127.0.0.1 GET /uploads/mphoto/201712111124212501.jpeg
[ info ] gu.dong/uploads/mphoto/201712111124212501.jpeg [运行时间：0.039575s][吞吐率：25.27req/s] [内存消耗：1,426.59kb] [文件加载：40]
[ info ] [ LANG ] D:\new_exe\xampp\htdocs\gudong\thinkphp\lang\zh-cn.php
[ info ] [ ROUTE ] array (
  'type' => 'module',
  'module' => 
  array (
    0 => 'uploads',
    1 => 'mphoto',
    2 => '201712111124212501.jpeg',
  ),
)
[ info ] [ HEADER ] array (
  'host' => 'gu.dong',
  'connection' => 'keep-alive',
  'pragma' => 'no-cache',
  'cache-control' => 'no-cache',
  'user-agent' => 'Mozilla/5.0 (iPhone; CPU iPhone OS 10_3 like Mac OS X) AppleWebKit/602.1.50 (KHTML, like Gecko) CriOS/56.0.2924.75 Mobile/14E5239e Safari/602.1',
  'accept' => 'image/webp,image/apng,image/*,*/*;q=0.8',
  'referer' => 'http://gu.dong/index/index/zhanshi',
  'accept-encoding' => 'gzip, deflate',
  'accept-language' => 'zh-CN,zh;q=0.9',
  'cookie' => 'PHPSESSID=s0rslh6sq588m5j3aahajm01r2',
)
[ info ] [ PARAM ] array (
)
[ info ] [ LOG ] INIT File
---------------------------------------------------------------
[ 2017-12-18T09:41:45+08:00 ] 127.0.0.1 127.0.0.1 GET /uploads/mphoto/201712111120418444.jpeg
[ info ] gu.dong/uploads/mphoto/201712111120418444.jpeg [运行时间：0.056321s][吞吐率：17.76req/s] [内存消耗：1,426.59kb] [文件加载：40]
[ info ] [ LANG ] D:\new_exe\xampp\htdocs\gudong\thinkphp\lang\zh-cn.php
[ info ] [ ROUTE ] array (
  'type' => 'module',
  'module' => 
  array (
    0 => 'uploads',
    1 => 'mphoto',
    2 => '201712111120418444.jpeg',
  ),
)
[ info ] [ HEADER ] array (
  'host' => 'gu.dong',
  'connection' => 'keep-alive',
  'pragma' => 'no-cache',
  'cache-control' => 'no-cache',
  'user-agent' => 'Mozilla/5.0 (iPhone; CPU iPhone OS 10_3 like Mac OS X) AppleWebKit/602.1.50 (KHTML, like Gecko) CriOS/56.0.2924.75 Mobile/14E5239e Safari/602.1',
  'accept' => 'image/webp,image/apng,image/*,*/*;q=0.8',
  'referer' => 'http://gu.dong/index/index/zhanshi',
  'accept-encoding' => 'gzip, deflate',
  'accept-language' => 'zh-CN,zh;q=0.9',
  'cookie' => 'PHPSESSID=s0rslh6sq588m5j3aahajm01r2',
)
[ info ] [ PARAM ] array (
)
[ info ] [ LOG ] INIT File
---------------------------------------------------------------
[ 2017-12-18T09:42:40+08:00 ] 127.0.0.1 127.0.0.1 GET /index/index/zhanshi
[ info ] gu.dong/index/index/zhanshi [运行时间：8.887462s][吞吐率：0.11req/s] [内存消耗：3,646.54kb] [文件加载：68]
[ info ] [ LANG ] D:\new_exe\xampp\htdocs\gudong\thinkphp\lang\zh-cn.php
[ info ] [ ROUTE ] array (
  'type' => 'module',
  'module' => 
  array (
    0 => 'index',
    1 => 'index',
    2 => 'zhanshi',
  ),
)
[ info ] [ HEADER ] array (
  'host' => 'gu.dong',
  'connection' => 'keep-alive',
  'pragma' => 'no-cache',
  'cache-control' => 'no-cache',
  'upgrade-insecure-requests' => '1',
  'user-agent' => 'Mozilla/5.0 (iPhone; CPU iPhone OS 10_3 like Mac OS X) AppleWebKit/602.1.50 (KHTML, like Gecko) CriOS/56.0.2924.75 Mobile/14E5239e Safari/602.1',
  'accept' => 'text/html,application/xhtml+xml,application/xml;q=0.9,image/webp,image/apng,*/*;q=0.8',
  'accept-encoding' => 'gzip, deflate',
  'accept-language' => 'zh-CN,zh;q=0.9',
  'cookie' => 'PHPSESSID=s0rslh6sq588m5j3aahajm01r2',
)
[ info ] [ PARAM ] array (
)
[ info ] [ SESSION ] INIT array (
  'id' => '',
  'var_session_id' => '',
  'prefix' => 'think',
  'type' => '',
  'auto_start' => true,
  'expire' => 3600,
)
[ info ] [ DB ] INIT mysql
[ info ] [ RUN ] app\index\controller\Index->zhanshi[ D:\new_exe\xampp\htdocs\gudong\application\index\controller\Index.php ]
[ info ] [ CACHE ] INIT File
[ info ] [ VIEW ] D:\new_exe\xampp\htdocs\gudong\public/../application/index\view\Default\index_new\zhanshi.html [ array (
  0 => 'base_path',
  1 => 'showTop',
  2 => 'uid',
  3 => 'momentsObj',
  4 => 'identity',
) ]
[ info ] [ LOG ] INIT File
[ sql ] [ DB ] CONNECT:[ UseTime:0.422452s ] mysql:dbname=gudong;host=120.25.64.89;charset=utf8
[ sql ] [ SQL ] SHOW COLUMNS FROM `user` [ RunTime:0.097722s ]
[ sql ] [ SQL ] SELECT * FROM `user` WHERE  `user_id` = 5 LIMIT 1 [ RunTime:0.079674s ]
[ sql ] [ SQL ] SHOW COLUMNS FROM `user_nosee` [ RunTime:0.085214s ]
[ sql ] [ SQL ] SELECT nosee_id user_id FROM `user_nosee` WHERE  `uid` = 5  AND `status` = 1 [ RunTime:0.370355s ]
[ sql ] [ SQL ] SHOW COLUMNS FROM `moment` [ RunTime:0.334161s ]
[ sql ] [ SQL ] SELECT COUNT(*) AS tp_count FROM `moment` `m` RIGHT JOIN `user` `u` ON `u`.`user_id`=`m`.`user_id` WHERE  `m`.`status` = 1  AND (  `m`.`see` = 1 OR (  `m`.`see` = 0  AND `m`.`user_id` = '5' ) )  AND `m`.`user_id` NOT IN ('')  AND `u`.`status` = 1 LIMIT 1 [ RunTime:0.443828s ]
[ sql ] [ SQL ] SELECT * FROM `moment` `m` RIGHT JOIN `user` `u` ON `u`.`user_id`=`m`.`user_id` WHERE  `m`.`status` = 1  AND (  `m`.`see` = 1 OR (  `m`.`see` = 0  AND `m`.`user_id` = '5' ) )  AND `m`.`user_id` NOT IN ('')  AND `u`.`status` = 1 ORDER BY m.add_ts desc LIMIT 0,4 [ RunTime:0.126932s ]
[ sql ] [ SQL ] SELECT * FROM `moment` WHERE  `moment_id` = 71 LIMIT 1 [ RunTime:0.418233s ]
[ sql ] [ SQL ] UPDATE `moment`  SET `read_num`=9  WHERE  `moment_id` = 71 [ RunTime:0.217873s ]
[ sql ] [ SQL ] SELECT * FROM `moment` WHERE  `moment_id` = 71 LIMIT 1 [ RunTime:0.118341s ]
[ sql ] [ SQL ] SHOW COLUMNS FROM `comment` [ RunTime:0.253487s ]
[ sql ] [ SQL ] SELECT * FROM `comment` WHERE  `moment_id` = 71  AND `status` = 1 [ RunTime:0.251739s ]
[ sql ] [ SQL ] SELECT * FROM `user` WHERE  `user_id` = 5 LIMIT 1 [ RunTime:0.182907s ]
[ sql ] [ SQL ] SHOW COLUMNS FROM `thumb` [ RunTime:0.248948s ]
[ sql ] [ SQL ] SELECT SUM(times) AS tp_sum FROM `thumb` WHERE  `moment_id` = 71  AND `status` = 1 LIMIT 1 [ RunTime:0.262981s ]
[ sql ] [ SQL ] SELECT COUNT(*) AS tp_count FROM `comment` WHERE  `moment_id` = 71  AND `status` = 1 LIMIT 1 [ RunTime:0.132205s ]
[ sql ] [ SQL ] SHOW COLUMNS FROM `collection` [ RunTime:0.077153s ]
[ sql ] [ SQL ] SELECT COUNT(*) AS tp_count FROM `collection` WHERE  `moment_id` = 71  AND `status` = 1 LIMIT 1 [ RunTime:0.085476s ]
[ sql ] [ SQL ] SELECT COUNT(*) AS tp_count FROM `thumb` WHERE  `moment_id` = 71  AND `user_id` = 5  AND `status` = 1 LIMIT 1 [ RunTime:0.058297s ]
[ sql ] [ SQL ] SELECT COUNT(*) AS tp_count FROM `collection` WHERE  `moment_id` = 71  AND `user_id` = 5  AND `status` = 1 LIMIT 1 [ RunTime:0.062754s ]
[ sql ] [ SQL ] SELECT * FROM `moment` WHERE  `moment_id` = 70 LIMIT 1 [ RunTime:0.075669s ]
[ sql ] [ SQL ] UPDATE `moment`  SET `read_num`=9  WHERE  `moment_id` = 70 [ RunTime:0.080431s ]
[ sql ] [ SQL ] SELECT * FROM `moment` WHERE  `moment_id` = 70 LIMIT 1 [ RunTime:0.079290s ]
[ sql ] [ SQL ] SELECT * FROM `comment` WHERE  `moment_id` = 70  AND `status` = 1 [ RunTime:0.071350s ]
[ sql ] [ SQL ] SELECT * FROM `user` WHERE  `user_id` = 5 LIMIT 1 [ RunTime:0.081994s ]
[ sql ] [ SQL ] SELECT SUM(times) AS tp_sum FROM `thumb` WHERE  `moment_id` = 70  AND `status` = 1 LIMIT 1 [ RunTime:0.151704s ]
[ sql ] [ SQL ] SELECT COUNT(*) AS tp_count FROM `comment` WHERE  `moment_id` = 70  AND `status` = 1 LIMIT 1 [ RunTime:0.059814s ]
[ sql ] [ SQL ] SELECT COUNT(*) AS tp_count FROM `collection` WHERE  `moment_id` = 70  AND `status` = 1 LIMIT 1 [ RunTime:0.445826s ]
[ sql ] [ SQL ] SELECT COUNT(*) AS tp_count FROM `thumb` WHERE  `moment_id` = 70  AND `user_id` = 5  AND `status` = 1 LIMIT 1 [ RunTime:0.076566s ]
[ sql ] [ SQL ] SELECT COUNT(*) AS tp_count FROM `collection` WHERE  `moment_id` = 70  AND `user_id` = 5  AND `status` = 1 LIMIT 1 [ RunTime:0.080252s ]
[ sql ] [ SQL ] SELECT * FROM `moment` WHERE  `moment_id` = 69 LIMIT 1 [ RunTime:0.077191s ]
[ sql ] [ SQL ] UPDATE `moment`  SET `read_num`=9  WHERE  `moment_id` = 69 [ RunTime:0.094340s ]
[ sql ] [ SQL ] SELECT * FROM `moment` WHERE  `moment_id` = 69 LIMIT 1 [ RunTime:0.080791s ]
[ sql ] [ SQL ] SELECT * FROM `comment` WHERE  `moment_id` = 69  AND `status` = 1 [ RunTime:0.074444s ]
[ sql ] [ SQL ] SELECT * FROM `user` WHERE  `user_id` = 5 LIMIT 1 [ RunTime:0.161893s ]
[ sql ] [ SQL ] SELECT SUM(times) AS tp_sum FROM `thumb` WHERE  `moment_id` = 69  AND `status` = 1 LIMIT 1 [ RunTime:0.214067s ]
[ sql ] [ SQL ] SELECT COUNT(*) AS tp_count FROM `comment` WHERE  `moment_id` = 69  AND `status` = 1 LIMIT 1 [ RunTime:0.221472s ]
[ sql ] [ SQL ] SELECT COUNT(*) AS tp_count FROM `collection` WHERE  `moment_id` = 69  AND `status` = 1 LIMIT 1 [ RunTime:0.298078s ]
[ sql ] [ SQL ] SELECT COUNT(*) AS tp_count FROM `thumb` WHERE  `moment_id` = 69  AND `user_id` = 5  AND `status` = 1 LIMIT 1 [ RunTime:0.333014s ]
[ sql ] [ SQL ] SELECT COUNT(*) AS tp_count FROM `collection` WHERE  `moment_id` = 69  AND `user_id` = 5  AND `status` = 1 LIMIT 1 [ RunTime:0.293407s ]
[ sql ] [ SQL ] SELECT * FROM `moment` WHERE  `moment_id` = 68 LIMIT 1 [ RunTime:0.218530s ]
[ sql ] [ SQL ] UPDATE `moment`  SET `read_num`=9  WHERE  `moment_id` = 68 [ RunTime:0.094928s ]
[ sql ] [ SQL ] SELECT * FROM `moment` WHERE  `moment_id` = 68 LIMIT 1 [ RunTime:0.085759s ]
[ sql ] [ SQL ] SELECT * FROM `comment` WHERE  `moment_id` = 68  AND `status` = 1 [ RunTime:0.392811s ]
[ sql ] [ SQL ] SELECT * FROM `user` WHERE  `user_id` = 5 LIMIT 1 [ RunTime:0.079524s ]
[ sql ] [ SQL ] SELECT SUM(times) AS tp_sum FROM `thumb` WHERE  `moment_id` = 68  AND `status` = 1 LIMIT 1 [ RunTime:0.072244s ]
[ sql ] [ SQL ] SELECT COUNT(*) AS tp_count FROM `comment` WHERE  `moment_id` = 68  AND `status` = 1 LIMIT 1 [ RunTime:0.082471s ]
[ sql ] [ SQL ] SELECT COUNT(*) AS tp_count FROM `collection` WHERE  `moment_id` = 68  AND `status` = 1 LIMIT 1 [ RunTime:0.056370s ]
[ sql ] [ SQL ] SELECT COUNT(*) AS tp_count FROM `thumb` WHERE  `moment_id` = 68  AND `user_id` = 5  AND `status` = 1 LIMIT 1 [ RunTime:0.093327s ]
[ sql ] [ SQL ] SELECT COUNT(*) AS tp_count FROM `collection` WHERE  `moment_id` = 68  AND `user_id` = 5  AND `status` = 1 LIMIT 1 [ RunTime:0.114875s ]
[ sql ] [ SQL ] SELECT * FROM `user` WHERE  `user_id` = 5 LIMIT 1 [ RunTime:0.080522s ]
---------------------------------------------------------------
[ 2017-12-18T09:42:41+08:00 ] 127.0.0.1 127.0.0.1 GET /uploads/mphoto/201712141705485378.jpeg
[ info ] gu.dong/uploads/mphoto/201712141705485378.jpeg [运行时间：0.048365s][吞吐率：20.68req/s] [内存消耗：1,426.59kb] [文件加载：40]
[ info ] [ LANG ] D:\new_exe\xampp\htdocs\gudong\thinkphp\lang\zh-cn.php
[ info ] [ ROUTE ] array (
  'type' => 'module',
  'module' => 
  array (
    0 => 'uploads',
    1 => 'mphoto',
    2 => '201712141705485378.jpeg',
  ),
)
[ info ] [ HEADER ] array (
  'host' => 'gu.dong',
  'connection' => 'keep-alive',
  'pragma' => 'no-cache',
  'cache-control' => 'no-cache',
  'user-agent' => 'Mozilla/5.0 (iPhone; CPU iPhone OS 10_3 like Mac OS X) AppleWebKit/602.1.50 (KHTML, like Gecko) CriOS/56.0.2924.75 Mobile/14E5239e Safari/602.1',
  'accept' => 'image/webp,image/apng,image/*,*/*;q=0.8',
  'referer' => 'http://gu.dong/index/index/zhanshi',
  'accept-encoding' => 'gzip, deflate',
  'accept-language' => 'zh-CN,zh;q=0.9',
  'cookie' => 'PHPSESSID=s0rslh6sq588m5j3aahajm01r2',
)
[ info ] [ PARAM ] array (
)
[ info ] [ LOG ] INIT File
---------------------------------------------------------------
[ 2017-12-18T09:42:41+08:00 ] 127.0.0.1 127.0.0.1 GET /uploads/mphoto/201712111124212501.jpeg
[ info ] gu.dong/uploads/mphoto/201712111124212501.jpeg [运行时间：0.048246s][吞吐率：20.73req/s] [内存消耗：1,426.59kb] [文件加载：40]
[ info ] [ LANG ] D:\new_exe\xampp\htdocs\gudong\thinkphp\lang\zh-cn.php
[ info ] [ ROUTE ] array (
  'type' => 'module',
  'module' => 
  array (
    0 => 'uploads',
    1 => 'mphoto',
    2 => '201712111124212501.jpeg',
  ),
)
[ info ] [ HEADER ] array (
  'host' => 'gu.dong',
  'connection' => 'keep-alive',
  'pragma' => 'no-cache',
  'cache-control' => 'no-cache',
  'user-agent' => 'Mozilla/5.0 (iPhone; CPU iPhone OS 10_3 like Mac OS X) AppleWebKit/602.1.50 (KHTML, like Gecko) CriOS/56.0.2924.75 Mobile/14E5239e Safari/602.1',
  'accept' => 'image/webp,image/apng,image/*,*/*;q=0.8',
  'referer' => 'http://gu.dong/index/index/zhanshi',
  'accept-encoding' => 'gzip, deflate',
  'accept-language' => 'zh-CN,zh;q=0.9',
  'cookie' => 'PHPSESSID=s0rslh6sq588m5j3aahajm01r2',
)
[ info ] [ PARAM ] array (
)
[ info ] [ LOG ] INIT File
---------------------------------------------------------------
[ 2017-12-18T09:42:41+08:00 ] 127.0.0.1 127.0.0.1 GET /uploads/mphoto/201712111120418444.jpeg
[ info ] gu.dong/uploads/mphoto/201712111120418444.jpeg [运行时间：0.055667s][吞吐率：17.96req/s] [内存消耗：1,426.59kb] [文件加载：40]
[ info ] [ LANG ] D:\new_exe\xampp\htdocs\gudong\thinkphp\lang\zh-cn.php
[ info ] [ ROUTE ] array (
  'type' => 'module',
  'module' => 
  array (
    0 => 'uploads',
    1 => 'mphoto',
    2 => '201712111120418444.jpeg',
  ),
)
[ info ] [ HEADER ] array (
  'host' => 'gu.dong',
  'connection' => 'keep-alive',
  'pragma' => 'no-cache',
  'cache-control' => 'no-cache',
  'user-agent' => 'Mozilla/5.0 (iPhone; CPU iPhone OS 10_3 like Mac OS X) AppleWebKit/602.1.50 (KHTML, like Gecko) CriOS/56.0.2924.75 Mobile/14E5239e Safari/602.1',
  'accept' => 'image/webp,image/apng,image/*,*/*;q=0.8',
  'referer' => 'http://gu.dong/index/index/zhanshi',
  'accept-encoding' => 'gzip, deflate',
  'accept-language' => 'zh-CN,zh;q=0.9',
  'cookie' => 'PHPSESSID=s0rslh6sq588m5j3aahajm01r2',
)
[ info ] [ PARAM ] array (
)
[ info ] [ LOG ] INIT File
---------------------------------------------------------------
[ 2017-12-18T09:42:41+08:00 ] 127.0.0.1 127.0.0.1 GET /uploads/mphoto/201712141706382738.jpeg
[ info ] gu.dong/uploads/mphoto/201712141706382738.jpeg [运行时间：0.079881s][吞吐率：12.52req/s] [内存消耗：1,426.59kb] [文件加载：40]
[ info ] [ LANG ] D:\new_exe\xampp\htdocs\gudong\thinkphp\lang\zh-cn.php
[ info ] [ ROUTE ] array (
  'type' => 'module',
  'module' => 
  array (
    0 => 'uploads',
    1 => 'mphoto',
    2 => '201712141706382738.jpeg',
  ),
)
[ info ] [ HEADER ] array (
  'host' => 'gu.dong',
  'connection' => 'keep-alive',
  'pragma' => 'no-cache',
  'cache-control' => 'no-cache',
  'user-agent' => 'Mozilla/5.0 (iPhone; CPU iPhone OS 10_3 like Mac OS X) AppleWebKit/602.1.50 (KHTML, like Gecko) CriOS/56.0.2924.75 Mobile/14E5239e Safari/602.1',
  'accept' => 'image/webp,image/apng,image/*,*/*;q=0.8',
  'referer' => 'http://gu.dong/index/index/zhanshi',
  'accept-encoding' => 'gzip, deflate',
  'accept-language' => 'zh-CN,zh;q=0.9',
  'cookie' => 'PHPSESSID=s0rslh6sq588m5j3aahajm01r2',
)
[ info ] [ PARAM ] array (
)
[ info ] [ LOG ] INIT File
---------------------------------------------------------------
[ 2017-12-18T09:43:34+08:00 ] 127.0.0.1 127.0.0.1 GET /index/index/zhanshi
[ info ] gu.dong/index/index/zhanshi [运行时间：6.564486s][吞吐率：0.15req/s] [内存消耗：3,646.54kb] [文件加载：68]
[ info ] [ LANG ] D:\new_exe\xampp\htdocs\gudong\thinkphp\lang\zh-cn.php
[ info ] [ ROUTE ] array (
  'type' => 'module',
  'module' => 
  array (
    0 => 'index',
    1 => 'index',
    2 => 'zhanshi',
  ),
)
[ info ] [ HEADER ] array (
  'host' => 'gu.dong',
  'connection' => 'keep-alive',
  'pragma' => 'no-cache',
  'cache-control' => 'no-cache',
  'upgrade-insecure-requests' => '1',
  'user-agent' => 'Mozilla/5.0 (iPhone; CPU iPhone OS 10_3 like Mac OS X) AppleWebKit/602.1.50 (KHTML, like Gecko) CriOS/56.0.2924.75 Mobile/14E5239e Safari/602.1',
  'accept' => 'text/html,application/xhtml+xml,application/xml;q=0.9,image/webp,image/apng,*/*;q=0.8',
  'accept-encoding' => 'gzip, deflate',
  'accept-language' => 'zh-CN,zh;q=0.9',
  'cookie' => 'PHPSESSID=s0rslh6sq588m5j3aahajm01r2',
)
[ info ] [ PARAM ] array (
)
[ info ] [ SESSION ] INIT array (
  'id' => '',
  'var_session_id' => '',
  'prefix' => 'think',
  'type' => '',
  'auto_start' => true,
  'expire' => 3600,
)
[ info ] [ DB ] INIT mysql
[ info ] [ RUN ] app\index\controller\Index->zhanshi[ D:\new_exe\xampp\htdocs\gudong\application\index\controller\Index.php ]
[ info ] [ CACHE ] INIT File
[ info ] [ VIEW ] D:\new_exe\xampp\htdocs\gudong\public/../application/index\view\Default\index_new\zhanshi.html [ array (
  0 => 'base_path',
  1 => 'showTop',
  2 => 'uid',
  3 => 'momentsObj',
  4 => 'identity',
) ]
[ info ] [ LOG ] INIT File
[ sql ] [ DB ] CONNECT:[ UseTime:0.139075s ] mysql:dbname=gudong;host=120.25.64.89;charset=utf8
[ sql ] [ SQL ] SHOW COLUMNS FROM `user` [ RunTime:0.124179s ]
[ sql ] [ SQL ] SELECT * FROM `user` WHERE  `user_id` = 5 LIMIT 1 [ RunTime:0.130391s ]
[ sql ] [ SQL ] SHOW COLUMNS FROM `user_nosee` [ RunTime:0.085457s ]
[ sql ] [ SQL ] SELECT nosee_id user_id FROM `user_nosee` WHERE  `uid` = 5  AND `status` = 1 [ RunTime:0.106960s ]
[ sql ] [ SQL ] SHOW COLUMNS FROM `moment` [ RunTime:0.082344s ]
[ sql ] [ SQL ] SELECT COUNT(*) AS tp_count FROM `moment` `m` RIGHT JOIN `user` `u` ON `u`.`user_id`=`m`.`user_id` WHERE  `m`.`status` = 1  AND (  `m`.`see` = 1 OR (  `m`.`see` = 0  AND `m`.`user_id` = '5' ) )  AND `m`.`user_id` NOT IN ('')  AND `u`.`status` = 1 LIMIT 1 [ RunTime:0.105082s ]
[ sql ] [ SQL ] SELECT * FROM `moment` `m` RIGHT JOIN `user` `u` ON `u`.`user_id`=`m`.`user_id` WHERE  `m`.`status` = 1  AND (  `m`.`see` = 1 OR (  `m`.`see` = 0  AND `m`.`user_id` = '5' ) )  AND `m`.`user_id` NOT IN ('')  AND `u`.`status` = 1 ORDER BY m.add_ts desc LIMIT 0,4 [ RunTime:0.180596s ]
[ sql ] [ SQL ] SELECT * FROM `moment` WHERE  `moment_id` = 71 LIMIT 1 [ RunTime:0.151921s ]
[ sql ] [ SQL ] UPDATE `moment`  SET `read_num`=10  WHERE  `moment_id` = 71 [ RunTime:0.204589s ]
[ sql ] [ SQL ] SELECT * FROM `moment` WHERE  `moment_id` = 71 LIMIT 1 [ RunTime:0.235765s ]
[ sql ] [ SQL ] SHOW COLUMNS FROM `comment` [ RunTime:0.136183s ]
[ sql ] [ SQL ] SELECT * FROM `comment` WHERE  `moment_id` = 71  AND `status` = 1 [ RunTime:0.107242s ]
[ sql ] [ SQL ] SELECT * FROM `user` WHERE  `user_id` = 5 LIMIT 1 [ RunTime:0.129547s ]
[ sql ] [ SQL ] SHOW COLUMNS FROM `thumb` [ RunTime:0.148723s ]
[ sql ] [ SQL ] SELECT SUM(times) AS tp_sum FROM `thumb` WHERE  `moment_id` = 71  AND `status` = 1 LIMIT 1 [ RunTime:0.114867s ]
[ sql ] [ SQL ] SELECT COUNT(*) AS tp_count FROM `comment` WHERE  `moment_id` = 71  AND `status` = 1 LIMIT 1 [ RunTime:0.095985s ]
[ sql ] [ SQL ] SHOW COLUMNS FROM `collection` [ RunTime:0.077392s ]
[ sql ] [ SQL ] SELECT COUNT(*) AS tp_count FROM `collection` WHERE  `moment_id` = 71  AND `status` = 1 LIMIT 1 [ RunTime:0.088583s ]
[ sql ] [ SQL ] SELECT COUNT(*) AS tp_count FROM `thumb` WHERE  `moment_id` = 71  AND `user_id` = 5  AND `status` = 1 LIMIT 1 [ RunTime:0.101917s ]
[ sql ] [ SQL ] SELECT COUNT(*) AS tp_count FROM `collection` WHERE  `moment_id` = 71  AND `user_id` = 5  AND `status` = 1 LIMIT 1 [ RunTime:0.113691s ]
[ sql ] [ SQL ] SELECT * FROM `moment` WHERE  `moment_id` = 70 LIMIT 1 [ RunTime:0.141340s ]
[ sql ] [ SQL ] UPDATE `moment`  SET `read_num`=10  WHERE  `moment_id` = 70 [ RunTime:0.163679s ]
[ sql ] [ SQL ] SELECT * FROM `moment` WHERE  `moment_id` = 70 LIMIT 1 [ RunTime:0.183609s ]
[ sql ] [ SQL ] SELECT * FROM `comment` WHERE  `moment_id` = 70  AND `status` = 1 [ RunTime:0.204233s ]
[ sql ] [ SQL ] SELECT * FROM `user` WHERE  `user_id` = 5 LIMIT 1 [ RunTime:0.123761s ]
[ sql ] [ SQL ] SELECT SUM(times) AS tp_sum FROM `thumb` WHERE  `moment_id` = 70  AND `status` = 1 LIMIT 1 [ RunTime:0.107622s ]
[ sql ] [ SQL ] SELECT COUNT(*) AS tp_count FROM `comment` WHERE  `moment_id` = 70  AND `status` = 1 LIMIT 1 [ RunTime:0.150689s ]
[ sql ] [ SQL ] SELECT COUNT(*) AS tp_count FROM `collection` WHERE  `moment_id` = 70  AND `status` = 1 LIMIT 1 [ RunTime:0.092245s ]
[ sql ] [ SQL ] SELECT COUNT(*) AS tp_count FROM `thumb` WHERE  `moment_id` = 70  AND `user_id` = 5  AND `status` = 1 LIMIT 1 [ RunTime:0.102957s ]
[ sql ] [ SQL ] SELECT COUNT(*) AS tp_count FROM `collection` WHERE  `moment_id` = 70  AND `user_id` = 5  AND `status` = 1 LIMIT 1 [ RunTime:0.083135s ]
[ sql ] [ SQL ] SELECT * FROM `moment` WHERE  `moment_id` = 69 LIMIT 1 [ RunTime:0.096176s ]
[ sql ] [ SQL ] UPDATE `moment`  SET `read_num`=10  WHERE  `moment_id` = 69 [ RunTime:0.098022s ]
[ sql ] [ SQL ] SELECT * FROM `moment` WHERE  `moment_id` = 69 LIMIT 1 [ RunTime:0.111204s ]
[ sql ] [ SQL ] SELECT * FROM `comment` WHERE  `moment_id` = 69  AND `status` = 1 [ RunTime:0.115559s ]
[ sql ] [ SQL ] SELECT * FROM `user` WHERE  `user_id` = 5 LIMIT 1 [ RunTime:0.140607s ]
[ sql ] [ SQL ] SELECT SUM(times) AS tp_sum FROM `thumb` WHERE  `moment_id` = 69  AND `status` = 1 LIMIT 1 [ RunTime:0.171022s ]
[ sql ] [ SQL ] SELECT COUNT(*) AS tp_count FROM `comment` WHERE  `moment_id` = 69  AND `status` = 1 LIMIT 1 [ RunTime:0.231742s ]
[ sql ] [ SQL ] SELECT COUNT(*) AS tp_count FROM `collection` WHERE  `moment_id` = 69  AND `status` = 1 LIMIT 1 [ RunTime:0.171938s ]
[ sql ] [ SQL ] SELECT COUNT(*) AS tp_count FROM `thumb` WHERE  `moment_id` = 69  AND `user_id` = 5  AND `status` = 1 LIMIT 1 [ RunTime:0.133232s ]
[ sql ] [ SQL ] SELECT COUNT(*) AS tp_count FROM `collection` WHERE  `moment_id` = 69  AND `user_id` = 5  AND `status` = 1 LIMIT 1 [ RunTime:0.099877s ]
[ sql ] [ SQL ] SELECT * FROM `moment` WHERE  `moment_id` = 68 LIMIT 1 [ RunTime:0.083395s ]
[ sql ] [ SQL ] UPDATE `moment`  SET `read_num`=10  WHERE  `moment_id` = 68 [ RunTime:0.088088s ]
[ sql ] [ SQL ] SELECT * FROM `moment` WHERE  `moment_id` = 68 LIMIT 1 [ RunTime:0.094167s ]
[ sql ] [ SQL ] SELECT * FROM `comment` WHERE  `moment_id` = 68  AND `status` = 1 [ RunTime:0.103988s ]
[ sql ] [ SQL ] SELECT * FROM `user` WHERE  `user_id` = 5 LIMIT 1 [ RunTime:0.078923s ]
[ sql ] [ SQL ] SELECT SUM(times) AS tp_sum FROM `thumb` WHERE  `moment_id` = 68  AND `status` = 1 LIMIT 1 [ RunTime:0.075545s ]
[ sql ] [ SQL ] SELECT COUNT(*) AS tp_count FROM `comment` WHERE  `moment_id` = 68  AND `status` = 1 LIMIT 1 [ RunTime:0.084766s ]
[ sql ] [ SQL ] SELECT COUNT(*) AS tp_count FROM `collection` WHERE  `moment_id` = 68  AND `status` = 1 LIMIT 1 [ RunTime:0.092505s ]
[ sql ] [ SQL ] SELECT COUNT(*) AS tp_count FROM `thumb` WHERE  `moment_id` = 68  AND `user_id` = 5  AND `status` = 1 LIMIT 1 [ RunTime:0.076878s ]
[ sql ] [ SQL ] SELECT COUNT(*) AS tp_count FROM `collection` WHERE  `moment_id` = 68  AND `user_id` = 5  AND `status` = 1 LIMIT 1 [ RunTime:0.114853s ]
[ sql ] [ SQL ] SELECT * FROM `user` WHERE  `user_id` = 5 LIMIT 1 [ RunTime:0.155788s ]
---------------------------------------------------------------
[ 2017-12-18T09:43:34+08:00 ] 127.0.0.1 127.0.0.1 GET /uploads/mphoto/201712141705485378.jpeg
[ info ] gu.dong/uploads/mphoto/201712141705485378.jpeg [运行时间：0.036809s][吞吐率：27.17req/s] [内存消耗：1,426.59kb] [文件加载：40]
[ info ] [ LANG ] D:\new_exe\xampp\htdocs\gudong\thinkphp\lang\zh-cn.php
[ info ] [ ROUTE ] array (
  'type' => 'module',
  'module' => 
  array (
    0 => 'uploads',
    1 => 'mphoto',
    2 => '201712141705485378.jpeg',
  ),
)
[ info ] [ HEADER ] array (
  'host' => 'gu.dong',
  'connection' => 'keep-alive',
  'pragma' => 'no-cache',
  'cache-control' => 'no-cache',
  'user-agent' => 'Mozilla/5.0 (iPhone; CPU iPhone OS 10_3 like Mac OS X) AppleWebKit/602.1.50 (KHTML, like Gecko) CriOS/56.0.2924.75 Mobile/14E5239e Safari/602.1',
  'accept' => 'image/webp,image/apng,image/*,*/*;q=0.8',
  'referer' => 'http://gu.dong/index/index/zhanshi',
  'accept-encoding' => 'gzip, deflate',
  'accept-language' => 'zh-CN,zh;q=0.9',
  'cookie' => 'PHPSESSID=s0rslh6sq588m5j3aahajm01r2',
)
[ info ] [ PARAM ] array (
)
[ info ] [ LOG ] INIT File
---------------------------------------------------------------
[ 2017-12-18T09:43:34+08:00 ] 127.0.0.1 127.0.0.1 GET /uploads/mphoto/201712141706382738.jpeg
[ info ] gu.dong/uploads/mphoto/201712141706382738.jpeg [运行时间：0.048591s][吞吐率：20.58req/s] [内存消耗：1,426.59kb] [文件加载：40]
[ info ] [ LANG ] D:\new_exe\xampp\htdocs\gudong\thinkphp\lang\zh-cn.php
[ info ] [ ROUTE ] array (
  'type' => 'module',
  'module' => 
  array (
    0 => 'uploads',
    1 => 'mphoto',
    2 => '201712141706382738.jpeg',
  ),
)
[ info ] [ HEADER ] array (
  'host' => 'gu.dong',
  'connection' => 'keep-alive',
  'pragma' => 'no-cache',
  'cache-control' => 'no-cache',
  'user-agent' => 'Mozilla/5.0 (iPhone; CPU iPhone OS 10_3 like Mac OS X) AppleWebKit/602.1.50 (KHTML, like Gecko) CriOS/56.0.2924.75 Mobile/14E5239e Safari/602.1',
  'accept' => 'image/webp,image/apng,image/*,*/*;q=0.8',
  'referer' => 'http://gu.dong/index/index/zhanshi',
  'accept-encoding' => 'gzip, deflate',
  'accept-language' => 'zh-CN,zh;q=0.9',
  'cookie' => 'PHPSESSID=s0rslh6sq588m5j3aahajm01r2',
)
[ info ] [ PARAM ] array (
)
[ info ] [ LOG ] INIT File
---------------------------------------------------------------
[ 2017-12-18T09:43:34+08:00 ] 127.0.0.1 127.0.0.1 GET /uploads/mphoto/201712111124212501.jpeg
[ info ] gu.dong/uploads/mphoto/201712111124212501.jpeg [运行时间：0.038564s][吞吐率：25.93req/s] [内存消耗：1,426.59kb] [文件加载：40]
[ info ] [ LANG ] D:\new_exe\xampp\htdocs\gudong\thinkphp\lang\zh-cn.php
[ info ] [ ROUTE ] array (
  'type' => 'module',
  'module' => 
  array (
    0 => 'uploads',
    1 => 'mphoto',
    2 => '201712111124212501.jpeg',
  ),
)
[ info ] [ HEADER ] array (
  'host' => 'gu.dong',
  'connection' => 'keep-alive',
  'pragma' => 'no-cache',
  'cache-control' => 'no-cache',
  'user-agent' => 'Mozilla/5.0 (iPhone; CPU iPhone OS 10_3 like Mac OS X) AppleWebKit/602.1.50 (KHTML, like Gecko) CriOS/56.0.2924.75 Mobile/14E5239e Safari/602.1',
  'accept' => 'image/webp,image/apng,image/*,*/*;q=0.8',
  'referer' => 'http://gu.dong/index/index/zhanshi',
  'accept-encoding' => 'gzip, deflate',
  'accept-language' => 'zh-CN,zh;q=0.9',
  'cookie' => 'PHPSESSID=s0rslh6sq588m5j3aahajm01r2',
)
[ info ] [ PARAM ] array (
)
[ info ] [ LOG ] INIT File
